2021-05-07 10:37:01,915 | INFO: I start to run your Notebook ! -- Good Luck :-) It is:  05/07/2021, 10:37:01
2021-05-07 10:37:02,084 | INFO: Cleaned time series loaded with 9891 rows and 54 columns
2021-05-07 10:37:04,003 | INFO: ['Absolute Return' 'Active Quant' 'Alternatives'
 'Core & Specialist Equities' 'Core Bonds' 'Credit' 'Emerging Markets'
 'Indexed Equities' 'Money Market' 'Multi Asset' 'Other' 'Thematic']
2021-05-07 10:37:05,922 | INFO: plot the pivot table in a subplot graph to see the trends
2021-05-07 10:37:07,862 | INFO: *** Though the documentation for decomposition itself says that it’s a very naive representation but it is still popular ***
2021-05-07 10:37:08,810 | INFO: Create the calendar for heatmap plot
2021-05-07 10:37:08,895 | INFO: Year       2010       2011       2012       2013       2014       2015  \
Jan    0.947037   3.962310   8.109537  15.199302  -6.183845   2.925402   
Feb    9.456459  -8.505455   0.550437   5.606375  -3.221047  12.617011   
Mar   14.668264  -6.184232   0.615377   0.519487   2.420376   9.083013   
Apr   27.834726   8.236707   4.222936   2.962449   6.391926   0.938636   
May   -2.412539   4.042974   5.982275   1.808017   6.511772   4.178959   
Jun    2.289441  -5.327903  11.885972 -16.650734   5.009516  -1.373186   
Jul    9.056189   1.569805   1.372377   4.155235  -3.719333   5.471280   
Aug    4.371147   3.965028   7.710881  -4.915599  -1.021417  -2.994898   
Sep    0.125364  -3.961922  -0.240155   3.847802   1.484042  -2.036045   
Oct   -4.208154  -5.371645  -2.616678   5.351820  -6.689427   5.472902   
Nov   -1.551441  15.873691   1.343430  -5.203823  -1.399860 -10.560714   
Dec    7.966778  -3.031862  14.028235   2.945732  15.827462  12.894904   
All    5.711939   0.438958   4.413719   1.302172   1.284180   3.051439   

Year       2016       2017       2018       2019       2020       All  
Jan   -1.447879   7.457481   5.717144   2.779611  16.452086  6.399668  
Feb    3.788223  15.355749  -6.909036  -2.695134   1.200332  2.476719  
Mar    9.137952   9.876629   4.776940  -2.656573 -10.208656  2.913507  
Apr   10.757526   9.128646  -4.443544  -5.441198  18.169535  7.159850  
May    6.227438  12.664520 -15.830858  -1.194039   7.121400  2.645447  
Jun   16.368771  15.155398  -0.105395   2.853502   1.053244  2.832602  
Jul   22.996243  -0.728163   8.777232   0.747320  11.281742  5.543630  
Aug    7.975662   3.163541   1.970086   0.693232   1.870843  2.071682  
Sep    5.532938   3.207883  -0.627388   1.580645   7.783054  1.517838  
Oct    8.501823   3.994289  -2.798257   8.404084   9.645229  1.789635  
Nov   -5.588164   3.754943 -13.113184   4.397050  12.594731  0.049696  
Dec    6.790096  -1.209070  -4.775484  11.136552  19.340043  7.446671  
All    7.586719   6.818487  -2.280145   1.717088   8.025299  3.591850  
2021-05-07 10:37:08,926 | INFO: Ploting the heatmap with the calendar
2021-05-07 10:37:10,028 | INFO: Create the calendar for heatmap plot
2021-05-07 10:37:10,177 | INFO: Year       2010       2011       2012       2013       2014       2015  \
Jan    3.078491  20.376362 -10.442407   3.135906  14.488047  12.162594   
Feb    4.082210   8.526082  -4.473971  14.367394  31.575262  22.613105   
Mar   13.827606   2.616358 -11.619289  20.258270  12.744124  19.837268   
Apr   11.879536  14.988478  -5.306710  15.873406 -26.769025   5.980078   
May  -20.535888   0.791704  -0.986846  23.465131   3.041753  10.079825   
Jun    0.322110   3.292408  -5.565362   7.068230  -9.766610  13.818035   
Jul    1.052842  -3.175542  -3.057879  21.932476   4.205822  21.054379   
Aug   -4.391341 -29.625366  -2.218501  13.854064 -12.237653 -14.310300   
Sep    5.399807 -10.436409  11.801153  14.470368  13.707960  -4.416742   
Oct   15.191461  -4.913190   8.838043  36.941909  -1.481018  12.891022   
Nov    9.243789  -6.004777   0.538861  13.455652   5.310004  17.978136   
Dec   24.390464  -5.407013  12.146541  22.636839   1.403548  21.895770   
All    5.456891  -0.747575  -0.862197  17.288304   3.018518  11.753490   

Year       2016       2017       2018       2019        2020        All  
Jan  -13.543965  37.551909  70.947047 -13.685944   71.579141  31.217022  
Feb   -8.820418  46.584722  42.718081 -16.648691   58.596350  18.545979  
Mar   18.226911  56.354033  45.442796 -34.092789  -33.961645   9.925317  
Apr    7.136328  41.376993  16.758832  -7.521025   84.508098  15.002667  
May    5.520867  68.186480  -4.564300 -27.578893   63.696770  11.611736  
Jun   -3.349471  69.939295  34.880144  22.522611   60.258772  18.418906  
Jul    4.525810  26.025214  36.987640  -4.143419   30.141015  12.640174  
Aug   13.702294  13.191028  25.119972  11.298773   36.377179   5.244135  
Sep   20.546206  22.852238  21.810107  30.547645   45.184338  16.047741  
Oct   17.987448  52.302139   6.402631  39.606812   73.047248  23.797184  
Nov   31.376999  53.671285  -2.972445  47.449231  138.245868  28.878698  
Dec   17.102856  40.015486 -36.883904  36.333795  123.221005  23.796737  
All    9.200989  44.004235  21.387217   7.007342   62.574512  18.056614  
2021-05-07 10:37:10,244 | INFO: Ploting the heatmap with the calendar for thematics
2021-05-07 10:37:11,231 | INFO: *** Though the documentation for decomposition itself says that it’s a very naive representation but it is still popular ***
2021-05-07 10:37:12,331 | INFO: Autocorrelation ploted
