2021-06-02 20:16:31,577 | INFO: 
2021-06-02 20:16:31,577 | INFO: ***************************************************************************************************
2021-06-02 20:16:31,577 | INFO: ***                                                                                             ***
2021-06-02 20:16:31,577 | INFO: ***   NEW RUN                                                                                   ***
2021-06-02 20:16:31,577 | INFO: ***                                                                                             ***
2021-06-02 20:16:31,577 | INFO: ***************************************************************************************************
2021-06-02 20:16:31,577 | INFO: I start to run your Notebook ! -- Good Luck :-) It is:  06/02/2021, 20:16:31
2021-06-02 20:16:31,756 | INFO: NumExpr defaulting to 8 threads.
2021-06-02 20:16:32,174 | INFO: ['NET_FLOWS']
2021-06-02 20:16:32,174 | INFO: ['NET_FLOWS', 'SRC_UID']
2021-06-02 20:16:32,175 | INFO: SRC_UID
2021-06-02 20:16:32,256 | INFO: Baseline for model is 0.47 with a Logistic Regression on a simulation of univariate transformation
2021-06-02 20:16:32,276 | INFO: Transformation called with interpolation=True, verbose=False, breakdown-level=SRC_UID and dictionary 
[{'cols': ['IN_FLOWS'], 'method': 'shift', 'period': [1, 2, 3], 'original': True}, {'cols': ['AUM'], 'method': 'rolling', 'period': [2, 5, 7], 'original': True}]
2021-06-02 20:16:32,276 | INFO: -------------------------------------------------------------------------------------------
2021-06-02 20:16:32,277 | INFO: Initializing with Columns in X 60
2021-06-02 20:16:32,278 | INFO: index 0 - dico value for key cols is ['IN_FLOWS']
2021-06-02 20:16:32,278 | INFO: index 1 - dico value for key method is shift
2021-06-02 20:16:32,278 | INFO: index 2 - dico value for key period is [1, 2, 3]
2021-06-02 20:16:32,278 | INFO: index 3 - dico value for key original is True
2021-06-02 20:16:32,278 | INFO: (n) periods [1, 2, 3] for the skew method is [0.75, 0.5, 0.25, 0.0]
2021-06-02 20:16:32,484 | INFO: Columns in X_temp 63
2021-06-02 20:16:32,484 | INFO: New columns added to the dataframe: Index(['IN_FLOWS-s1', 'IN_FLOWS-s2', 'IN_FLOWS-s3'], dtype='object')
2021-06-02 20:16:32,485 | INFO: index 0 - dico value for key cols is ['AUM']
2021-06-02 20:16:32,485 | INFO: index 1 - dico value for key method is rolling
2021-06-02 20:16:32,485 | INFO: index 2 - dico value for key period is [2, 5, 7]
2021-06-02 20:16:32,485 | INFO: index 3 - dico value for key original is True
2021-06-02 20:16:32,485 | INFO: (n) periods [2, 5, 7] for the skew method is [0.75, 0.5, 0.25, 0.0]
2021-06-02 20:16:32,688 | INFO: Columns in X_temp 66
2021-06-02 20:16:32,689 | INFO: New columns added to the dataframe: Index(['AUM-r2', 'AUM-r5', 'AUM-r7'], dtype='object')
2021-06-02 20:16:32,726 | INFO: Number of NULL value after transformation is 0
2021-06-02 20:16:32,730 | INFO: List of features selected for modeling 
['IN_FLOWS-s1', 'IN_FLOWS-s2', 'IN_FLOWS-s3', 'AUM-r2', 'AUM-r5', 'AUM-r7', 'TARGET', 'FLOWS_YEAR', 'FLOWS_MONTH', 'SRC_UID'] with 9891 rows
2021-06-02 20:18:47,294 | INFO: Score value after transformation is 0.5164
