2021-05-03 14:33:35,278 | INFO: 
2021-05-03 14:33:35,278 | INFO: ***************************************************************************************************
2021-05-03 14:33:35,278 | INFO: ***                                                                                             ***
2021-05-03 14:33:35,279 | INFO: ***   NEW RUN                                                                                   ***
2021-05-03 14:33:35,279 | INFO: ***                                                                                             ***
2021-05-03 14:33:35,279 | INFO: ***************************************************************************************************
2021-05-03 14:33:35,279 | INFO: I start to run your Notebook ! -- Good Luck :-) It is:  05/03/2021, 14:33:35
2021-05-03 14:33:36,598 | INFO: ['NET_FLOWS']
2021-05-03 14:33:36,599 | INFO: ['NET_FLOWS', 'SRC_UID']
2021-05-03 14:33:36,600 | INFO: SRC_UID
2021-05-03 14:33:36,849 | INFO: Baseline for model is 0.47 with a Logistic Regression on a simulation of univariate transformation
2021-05-03 14:33:36,894 | INFO: Transformation called with interpolation=True, verbose=False, breakdown-level=SRC_UID and dictionary 
[{'cols': ['NET_FLOWS'], 'method': 'shift', 'period': [1, 2, 3], 'original': True}, {'cols': ['AUM'], 'method': 'rolling', 'period': [2, 5, 7], 'original': True}]
2021-05-03 14:33:36,894 | INFO: -------------------------------------------------------------------------------------------
2021-05-03 14:33:36,895 | INFO: Initializing with Columns in X 56
2021-05-03 14:33:36,898 | INFO: index 0 - dico value for key cols is ['NET_FLOWS']
2021-05-03 14:33:36,898 | INFO: index 1 - dico value for key method is shift
2021-05-03 14:33:36,898 | INFO: index 2 - dico value for key period is [1, 2, 3]
2021-05-03 14:33:36,898 | INFO: index 3 - dico value for key original is True
2021-05-03 14:33:36,898 | INFO: (n) periods [1, 2, 3] for the skew method is [0.75, 0.5, 0.25, 0.0]
2021-05-03 14:33:38,047 | INFO: Columns in X_temp 59
2021-05-03 14:33:38,048 | INFO: New columns added to the dataframe: Index(['NET_FLOWS-s1', 'NET_FLOWS-s2', 'NET_FLOWS-s3'], dtype='object')
2021-05-03 14:33:38,048 | INFO: index 0 - dico value for key cols is ['AUM']
2021-05-03 14:33:38,048 | INFO: index 1 - dico value for key method is rolling
2021-05-03 14:33:38,048 | INFO: index 2 - dico value for key period is [2, 5, 7]
2021-05-03 14:33:38,048 | INFO: index 3 - dico value for key original is True
2021-05-03 14:33:38,048 | INFO: (n) periods [2, 5, 7] for the skew method is [0.75, 0.5, 0.25, 0.0]
2021-05-03 14:33:39,243 | INFO: Columns in X_temp 62
2021-05-03 14:33:39,245 | INFO: New columns added to the dataframe: Index(['AUM-r2', 'AUM-r5', 'AUM-r7'], dtype='object')
2021-05-03 14:33:39,313 | INFO: Number of NULL value after transformation is 0
2021-05-03 14:33:39,321 | INFO: List of features selected for modeling 
['NET_FLOWS-s1', 'NET_FLOWS-s2', 'NET_FLOWS-s3', 'AUM-r2', 'AUM-r5', 'AUM-r7', 'TARGET', 'FLOWS_YEAR', 'FLOWS_MONTH', 'SRC_UID'] with 9891 rows
2021-05-03 14:33:47,969 | INFO: Score value after transformation is 0.5109
