2021-05-07 11:15:11,471 | INFO: 
2021-05-07 11:15:11,471 | INFO: ***************************************************************************************************
2021-05-07 11:15:11,471 | INFO: ***                                                                                             ***
2021-05-07 11:15:11,471 | INFO: ***   NEW RUN                                                                                   ***
2021-05-07 11:15:11,471 | INFO: ***                                                                                             ***
2021-05-07 11:15:11,471 | INFO: ***************************************************************************************************
2021-05-07 11:15:11,471 | INFO: I start to run your Notebook ! -- Good Luck :-) It is:  05/07/2021, 11:15:11
2021-05-07 11:15:11,705 | INFO: 9891 rows and 61 columns read in the CSV file
2021-05-07 11:16:06,743 | INFO: After splitting the columns the difference will be my TARGET feature: ['CHECKED', 'DIFF_FLOWS', 'EXPERIENCE', 'DOWNLOADED_DOCUMENTS_BIN', 'FUND_AGE_BIN', 'EXPERIENCE_BIN', 'TARGET', 'COMPUTED_FLOWS']
2021-05-07 11:16:08,026 | WARNING: Unable to drop flows columns
2021-05-07 11:16:08,207 | INFO: Transformation called with interpolation=True, verbose=False, breakdown-level=SRC_UID and dictionary 
[{'cols': ['NET_FLOWS'], 'method': 'shift', 'period': [1, 2, 3, 6], 'original': True}]
2021-05-07 11:16:08,207 | INFO: -------------------------------------------------------------------------------------------
2021-05-07 11:16:08,207 | INFO: Initializing with Columns in X 9
2021-05-07 11:16:08,207 | INFO: index 0 - dico value for key cols is ['NET_FLOWS']
2021-05-07 11:16:08,207 | INFO: index 1 - dico value for key method is shift
2021-05-07 11:16:08,207 | INFO: index 2 - dico value for key period is [1, 2, 3, 6]
2021-05-07 11:16:08,207 | INFO: index 3 - dico value for key original is True
2021-05-07 11:16:08,207 | INFO: (n) periods [1, 2, 3, 6] for the skew method is [0.8, 0.6, 0.3999999999999999, 0.19999999999999996, 0.0]
2021-05-07 11:16:08,909 | INFO: Columns in X_temp 13
2021-05-07 11:16:08,909 | INFO: New columns added to the dataframe: Index(['NET_FLOWS-s1', 'NET_FLOWS-s2', 'NET_FLOWS-s3', 'NET_FLOWS-s6'], dtype='object')
2021-05-07 11:16:09,097 | INFO: Transformation called with interpolation=True, verbose=False, breakdown-level=SRC_UID and dictionary 
[{'cols': ['NET_FLOWS'], 'method': 'rolling', 'period': [1, 2, 3, 6], 'original': True}]
2021-05-07 11:16:09,097 | INFO: -------------------------------------------------------------------------------------------
2021-05-07 11:16:09,097 | INFO: Initializing with Columns in X 9
2021-05-07 11:16:09,097 | INFO: index 0 - dico value for key cols is ['NET_FLOWS']
2021-05-07 11:16:09,097 | INFO: index 1 - dico value for key method is rolling
2021-05-07 11:16:09,097 | INFO: index 2 - dico value for key period is [1, 2, 3, 6]
2021-05-07 11:16:09,097 | INFO: index 3 - dico value for key original is True
2021-05-07 11:16:09,097 | INFO: (n) periods [1, 2, 3, 6] for the skew method is [0.8, 0.6, 0.3999999999999999, 0.19999999999999996, 0.0]
2021-05-07 11:16:09,873 | INFO: Columns in X_temp 13
2021-05-07 11:16:09,873 | INFO: New columns added to the dataframe: Index(['NET_FLOWS-r1', 'NET_FLOWS-r2', 'NET_FLOWS-r3', 'NET_FLOWS-r6'], dtype='object')
2021-05-07 11:16:10,065 | INFO: Transformation called with interpolation=True, verbose=False, breakdown-level=SRC_UID and dictionary 
[{'cols': ['NET_FLOWS'], 'method': 'expanding', 'period': [1, 2, 3, 6], 'original': True}]
2021-05-07 11:16:10,065 | INFO: -------------------------------------------------------------------------------------------
2021-05-07 11:16:10,065 | INFO: Initializing with Columns in X 9
2021-05-07 11:16:10,065 | INFO: index 0 - dico value for key cols is ['NET_FLOWS']
2021-05-07 11:16:10,065 | INFO: index 1 - dico value for key method is expanding
2021-05-07 11:16:10,065 | INFO: index 2 - dico value for key period is [1, 2, 3, 6]
2021-05-07 11:16:10,065 | INFO: index 3 - dico value for key original is True
2021-05-07 11:16:10,065 | INFO: (n) periods [1, 2, 3, 6] for the skew method is [0.8, 0.6, 0.3999999999999999, 0.19999999999999996, 0.0]
2021-05-07 11:16:10,815 | INFO: Columns in X_temp 13
2021-05-07 11:16:10,815 | INFO: New columns added to the dataframe: Index(['NET_FLOWS-x1', 'NET_FLOWS-x2', 'NET_FLOWS-x3', 'NET_FLOWS-x6'], dtype='object')
2021-05-07 11:16:11,037 | INFO: Transformation called with interpolation=True, verbose=False, breakdown-level=SRC_UID and dictionary 
[{'cols': ['NET_FLOWS'], 'method': 'ewm', 'period': [1, 2, 3, 6], 'original': True}]
2021-05-07 11:16:11,037 | INFO: -------------------------------------------------------------------------------------------
2021-05-07 11:16:11,037 | INFO: Initializing with Columns in X 9
2021-05-07 11:16:11,037 | INFO: index 0 - dico value for key cols is ['NET_FLOWS']
2021-05-07 11:16:11,037 | INFO: index 1 - dico value for key method is ewm
2021-05-07 11:16:11,037 | INFO: index 2 - dico value for key period is [1, 2, 3, 6]
2021-05-07 11:16:11,037 | INFO: index 3 - dico value for key original is True
2021-05-07 11:16:11,045 | INFO: (n) periods [1, 2, 3, 6] for the skew method is [0.8, 0.6, 0.3999999999999999, 0.19999999999999996, 0.0]
2021-05-07 11:16:11,757 | INFO: Columns in X_temp 13
2021-05-07 11:16:11,757 | INFO: New columns added to the dataframe: Index(['NET_FLOWS-e1', 'NET_FLOWS-e2', 'NET_FLOWS-e3', 'NET_FLOWS-e6'], dtype='object')
2021-05-07 11:17:57,104 | INFO: Transformation called with interpolation=True, verbose=False, breakdown-level=SRC_UID and dictionary 
[{'cols': ['NAV_PERF_SLOPE'], 'method': 'shift', 'period': [1, 2, 3, 6, 12], 'original': True}]
2021-05-07 11:17:57,104 | INFO: -------------------------------------------------------------------------------------------
2021-05-07 11:17:57,104 | INFO: Initializing with Columns in X 66
2021-05-07 11:17:57,119 | INFO: index 0 - dico value for key cols is ['NAV_PERF_SLOPE']
2021-05-07 11:17:57,119 | INFO: index 1 - dico value for key method is shift
2021-05-07 11:17:57,119 | INFO: index 2 - dico value for key period is [1, 2, 3, 6, 12]
2021-05-07 11:17:57,119 | INFO: index 3 - dico value for key original is True
2021-05-07 11:17:57,119 | INFO: (n) periods [1, 2, 3, 6, 12] for the skew method is [0.8333333333333334, 0.6666666666666667, 0.5, 0.33333333333333337, 0.16666666666666674, 0.0]
2021-05-07 11:17:58,096 | INFO: Columns in X_temp 71
2021-05-07 11:17:58,096 | INFO: New columns added to the dataframe: Index(['NAV_PERF_SLOPE-s1', 'NAV_PERF_SLOPE-s2', 'NAV_PERF_SLOPE-s3',
       'NAV_PERF_SLOPE-s6', 'NAV_PERF_SLOPE-s12'],
      dtype='object')
2021-05-07 11:17:58,336 | INFO: Transformation called with interpolation=True, verbose=False, breakdown-level=SRC_UID and dictionary 
[{'cols': ['NAV_PERF_SLOPE'], 'method': 'rolling', 'period': [1, 2, 3, 6, 12], 'original': True}]
2021-05-07 11:17:58,336 | INFO: -------------------------------------------------------------------------------------------
2021-05-07 11:17:58,336 | INFO: Initializing with Columns in X 66
2021-05-07 11:17:58,336 | INFO: index 0 - dico value for key cols is ['NAV_PERF_SLOPE']
2021-05-07 11:17:58,336 | INFO: index 1 - dico value for key method is rolling
2021-05-07 11:17:58,336 | INFO: index 2 - dico value for key period is [1, 2, 3, 6, 12]
2021-05-07 11:17:58,336 | INFO: index 3 - dico value for key original is True
2021-05-07 11:17:58,336 | INFO: (n) periods [1, 2, 3, 6, 12] for the skew method is [0.8333333333333334, 0.6666666666666667, 0.5, 0.33333333333333337, 0.16666666666666674, 0.0]
2021-05-07 11:17:59,430 | INFO: Columns in X_temp 71
2021-05-07 11:17:59,430 | INFO: New columns added to the dataframe: Index(['NAV_PERF_SLOPE-r1', 'NAV_PERF_SLOPE-r2', 'NAV_PERF_SLOPE-r3',
       'NAV_PERF_SLOPE-r6', 'NAV_PERF_SLOPE-r12'],
      dtype='object')
2021-05-07 11:17:59,780 | INFO: Transformation called with interpolation=True, verbose=False, breakdown-level=SRC_UID and dictionary 
[{'cols': ['NAV_PERF_SLOPE'], 'method': 'expanding', 'period': [1, 2, 3, 6, 12], 'original': True}]
2021-05-07 11:17:59,780 | INFO: -------------------------------------------------------------------------------------------
2021-05-07 11:17:59,781 | INFO: Initializing with Columns in X 66
2021-05-07 11:17:59,784 | INFO: index 0 - dico value for key cols is ['NAV_PERF_SLOPE']
2021-05-07 11:17:59,785 | INFO: index 1 - dico value for key method is expanding
2021-05-07 11:17:59,785 | INFO: index 2 - dico value for key period is [1, 2, 3, 6, 12]
2021-05-07 11:17:59,785 | INFO: index 3 - dico value for key original is True
2021-05-07 11:17:59,785 | INFO: (n) periods [1, 2, 3, 6, 12] for the skew method is [0.8333333333333334, 0.6666666666666667, 0.5, 0.33333333333333337, 0.16666666666666674, 0.0]
2021-05-07 11:18:00,798 | INFO: Columns in X_temp 71
2021-05-07 11:18:00,806 | INFO: New columns added to the dataframe: Index(['NAV_PERF_SLOPE-x1', 'NAV_PERF_SLOPE-x2', 'NAV_PERF_SLOPE-x3',
       'NAV_PERF_SLOPE-x6', 'NAV_PERF_SLOPE-x12'],
      dtype='object')
2021-05-07 11:18:01,132 | INFO: Transformation called with interpolation=True, verbose=False, breakdown-level=SRC_UID and dictionary 
[{'cols': ['NAV_PERF_SLOPE'], 'method': 'ewm', 'period': [1, 2, 3, 6, 12], 'original': True}]
2021-05-07 11:18:01,132 | INFO: -------------------------------------------------------------------------------------------
2021-05-07 11:18:01,132 | INFO: Initializing with Columns in X 66
2021-05-07 11:18:01,140 | INFO: index 0 - dico value for key cols is ['NAV_PERF_SLOPE']
2021-05-07 11:18:01,142 | INFO: index 1 - dico value for key method is ewm
2021-05-07 11:18:01,142 | INFO: index 2 - dico value for key period is [1, 2, 3, 6, 12]
2021-05-07 11:18:01,142 | INFO: index 3 - dico value for key original is True
2021-05-07 11:18:01,142 | INFO: (n) periods [1, 2, 3, 6, 12] for the skew method is [0.8333333333333334, 0.6666666666666667, 0.5, 0.33333333333333337, 0.16666666666666674, 0.0]
2021-05-07 11:18:02,054 | INFO: Columns in X_temp 71
2021-05-07 11:18:02,054 | INFO: New columns added to the dataframe: Index(['NAV_PERF_SLOPE-e1', 'NAV_PERF_SLOPE-e2', 'NAV_PERF_SLOPE-e3',
       'NAV_PERF_SLOPE-e6', 'NAV_PERF_SLOPE-e12'],
      dtype='object')
2021-05-07 11:18:12,086 | INFO: Transformation called with interpolation=True, verbose=False, breakdown-level=SRC_UID and dictionary 
[{'cols': ['PSU'], 'method': 'rolling', 'period': [1, 2, 3], 'original': True}]
2021-05-07 11:18:12,086 | INFO: -------------------------------------------------------------------------------------------
2021-05-07 11:18:12,086 | INFO: Initializing with Columns in X 6
2021-05-07 11:18:12,086 | INFO: index 0 - dico value for key cols is ['PSU']
2021-05-07 11:18:12,086 | INFO: index 1 - dico value for key method is rolling
2021-05-07 11:18:12,086 | INFO: index 2 - dico value for key period is [1, 2, 3]
2021-05-07 11:18:12,086 | INFO: index 3 - dico value for key original is True
2021-05-07 11:18:12,086 | INFO: (n) periods [1, 2, 3] for the skew method is [0.75, 0.5, 0.25, 0.0]
2021-05-07 11:18:12,725 | INFO: Columns in X_temp 9
2021-05-07 11:18:12,725 | INFO: New columns added to the dataframe: Index(['PSU-r1', 'PSU-r2', 'PSU-r3'], dtype='object')
2021-05-07 11:18:12,888 | INFO: Transformation called with interpolation=True, verbose=False, breakdown-level=SRC_UID and dictionary 
[{'cols': ['PSU'], 'method': 'expanding', 'period': [1, 2, 3], 'original': True}]
2021-05-07 11:18:12,888 | INFO: -------------------------------------------------------------------------------------------
2021-05-07 11:18:12,888 | INFO: Initializing with Columns in X 6
2021-05-07 11:18:12,888 | INFO: index 0 - dico value for key cols is ['PSU']
2021-05-07 11:18:12,888 | INFO: index 1 - dico value for key method is expanding
2021-05-07 11:18:12,888 | INFO: index 2 - dico value for key period is [1, 2, 3]
2021-05-07 11:18:12,888 | INFO: index 3 - dico value for key original is True
2021-05-07 11:18:12,888 | INFO: (n) periods [1, 2, 3] for the skew method is [0.75, 0.5, 0.25, 0.0]
2021-05-07 11:18:13,475 | INFO: Columns in X_temp 9
2021-05-07 11:18:13,475 | INFO: New columns added to the dataframe: Index(['PSU-x1', 'PSU-x2', 'PSU-x3'], dtype='object')
2021-05-07 11:18:13,629 | INFO: Transformation called with interpolation=True, verbose=False, breakdown-level=SRC_UID and dictionary 
[{'cols': ['PSU'], 'method': 'split', 'period': [1, 2, 3], 'original': True}]
2021-05-07 11:18:13,629 | INFO: -------------------------------------------------------------------------------------------
2021-05-07 11:18:13,629 | INFO: Initializing with Columns in X 6
2021-05-07 11:18:13,629 | INFO: index 0 - dico value for key cols is ['PSU']
2021-05-07 11:18:13,629 | INFO: index 1 - dico value for key method is split
2021-05-07 11:18:13,629 | INFO: index 2 - dico value for key period is [1, 2, 3]
2021-05-07 11:18:13,629 | INFO: index 3 - dico value for key original is True
2021-05-07 11:18:13,629 | INFO: (n) periods [1, 2, 3] for the skew method is [0.75, 0.5, 0.25, 0.0]
2021-05-07 11:18:13,650 | INFO: Columns in X_temp 6
2021-05-07 11:18:13,650 | INFO: New columns added to the dataframe: Index([], dtype='object')
2021-05-07 11:18:13,801 | INFO: Transformation called with interpolation=True, verbose=False, breakdown-level=SRC_UID and dictionary 
[{'cols': ['PSU'], 'method': 'ewm', 'period': [1, 2, 3], 'original': True}]
2021-05-07 11:18:13,801 | INFO: -------------------------------------------------------------------------------------------
2021-05-07 11:18:13,801 | INFO: Initializing with Columns in X 6
2021-05-07 11:18:13,801 | INFO: index 0 - dico value for key cols is ['PSU']
2021-05-07 11:18:13,801 | INFO: index 1 - dico value for key method is ewm
2021-05-07 11:18:13,801 | INFO: index 2 - dico value for key period is [1, 2, 3]
2021-05-07 11:18:13,801 | INFO: index 3 - dico value for key original is True
2021-05-07 11:18:13,801 | INFO: (n) periods [1, 2, 3] for the skew method is [0.75, 0.5, 0.25, 0.0]
2021-05-07 11:18:14,369 | INFO: Columns in X_temp 9
2021-05-07 11:18:14,369 | INFO: New columns added to the dataframe: Index(['PSU-e1', 'PSU-e2', 'PSU-e3'], dtype='object')
2021-05-07 11:18:18,163 | INFO: Anomaly detected in full dataset
2021-05-07 11:18:18,163 | INFO:  1    8902
-1     989
Name: anomaly, dtype: int64
2021-05-07 11:18:20,024 | INFO: Transformation called with interpolation=True, verbose=False, breakdown-level=SRC_UID and dictionary 
[{'cols': ['IN_FLOWS'], 'method': 'shift', 'period': [1, 2, 3], 'original': True}, {'cols': ['AUM'], 'method': 'rolling', 'period': [2, 5, 7], 'original': True}]
2021-05-07 11:18:20,024 | INFO: -------------------------------------------------------------------------------------------
2021-05-07 11:18:20,024 | INFO: Initializing with Columns in X 66
2021-05-07 11:18:20,024 | INFO: index 0 - dico value for key cols is ['IN_FLOWS']
2021-05-07 11:18:20,024 | INFO: index 1 - dico value for key method is shift
2021-05-07 11:18:20,024 | INFO: index 2 - dico value for key period is [1, 2, 3]
2021-05-07 11:18:20,024 | INFO: index 3 - dico value for key original is True
2021-05-07 11:18:20,024 | INFO: (n) periods [1, 2, 3] for the skew method is [0.75, 0.5, 0.25, 0.0]
2021-05-07 11:18:20,724 | INFO: Columns in X_temp 69
2021-05-07 11:18:20,724 | INFO: New columns added to the dataframe: Index(['IN_FLOWS-s1', 'IN_FLOWS-s2', 'IN_FLOWS-s3'], dtype='object')
2021-05-07 11:18:20,724 | INFO: index 0 - dico value for key cols is ['AUM']
2021-05-07 11:18:20,724 | INFO: index 1 - dico value for key method is rolling
2021-05-07 11:18:20,724 | INFO: index 2 - dico value for key period is [2, 5, 7]
2021-05-07 11:18:20,724 | INFO: index 3 - dico value for key original is True
2021-05-07 11:18:20,724 | INFO: (n) periods [2, 5, 7] for the skew method is [0.75, 0.5, 0.25, 0.0]
2021-05-07 11:18:21,457 | INFO: Columns in X_temp 72
2021-05-07 11:18:21,459 | INFO: New columns added to the dataframe: Index(['AUM-r2', 'AUM-r5', 'AUM-r7'], dtype='object')
2021-05-07 11:18:21,568 | INFO: All collumns of the final dataset 
Index(['SRC_UID', 'IS_STRATEGIC', 'ADMINSTRATION_FEES', 'MANAGEMENT_FEES',
       'MULTI_MANAGER_STRUCTURE', 'EXPERIENCE', 'SOFTCLOSING', 'CNT_SHARE',
       'QUANTITY', 'IN_FLOWS', 'OUT_FLOWS', 'NET_FLOWS', 'AUM',
       'BENCH_PERF_1_MONTH', 'BENCH_PERF_1_YEAR', 'BENCH_PERF_3_MONTH',
       'BENCH_PERF_6_MONTH', 'BENCH_VOL_1_MONTH', 'BENCH_VOL_3_MONTH',
       'BENCH_VOL_6_MONTH', 'BENCH_VOLATILITY_1_YEAR', 'NAV_PERF_1_MONTH',
       'NAV_PERF_1_YEAR', 'NAV_PERF_3_MONTH', 'NAV_PERF_6_MONTH',
       'NAV_VOL_1_MONTH', 'NAV_VOL_3_MONTH', 'NAV_VOL_6_MONTH',
       'NAV_VOLATILITY_1_YEAR', 'BENCH_VOL_SINCE_INCEPT',
       'NAV_PERF_COMPOUND_CREATION', 'NAV_VOL_SINCE_INCEPT', 'FUND_SIZE',
       'SUB_FUNDS_SHARE_PARTS', 'SUB_FUNDS_SHARE_SIZE_SF_CCY',
       'DOWNLOADED_DOCUMENTS', 'WEIGHTED', 'PSU_SCORE', 'POSITIVE_RFP',
       'EVENT_IMPACT', 'COMPUTED_FLOWS', 'CHECKED', 'DIFF_FLOWS', 'THRESHOLD',
       'TARGET', 'RISK_LEVEL_VALUE', 'PRODUCT_STRATEGY', 'ASSET_NAME',
       'FUND_NAME', 'STRATEGY_CAPABILITY', 'COUNTRY', 'PSU', 'FLOWS_MONTH',
       'FLOWS_YEAR', 'FLOWS_QUARTER', 'FUND_AGE', 'EXPERIENCE_BIN',
       'FUND_AGE_BIN', 'DOWNLOADED_DOCUMENTS_BIN', 'BENCH_PERF_SLOPE',
       'BENCH_PERF_SLOPE_ERROR', 'BENCH_VOL_SLOPE', 'BENCH_VOL_SLOPE_ERROR',
       'NAV_PERF_SLOPE', 'NAV_PERF_SLOPE_ERROR', 'NAV_VOL_SLOPE',
       'NAV_VOL_SLOPE_ERROR'],
      dtype='object')
2021-05-07 11:18:21,590 | INFO: END OF RUN
2021-05-07 11:18:21,610 | INFO: List of features selected for modeling 
['BENCH_PERF_SLOPE', 'BENCH_PERF_SLOPE_ERROR', 'BENCH_VOL_SLOPE', 'BENCH_VOL_SLOPE_ERROR', 'NAV_PERF_SLOPE', 'NAV_PERF_SLOPE_ERROR', 'NAV_VOL_SLOPE', 'NAV_VOL_SLOPE_ERROR', 'IN_FLOWS-s1', 'IN_FLOWS-s2', 'IN_FLOWS-s3', 'AUM-r2', 'AUM-r5', 'AUM-r7', 'TARGET', 'FLOWS_YEAR', 'FLOWS_MONTH', 'SRC_UID'] with 8902 rows
