2021-05-05 10:07:32,656 | INFO: 
2021-05-05 10:07:32,656 | INFO: ***************************************************************************************************
2021-05-05 10:07:32,657 | INFO: ***                                                                                             ***
2021-05-05 10:07:32,657 | INFO: ***   NEW RUN                                                                                   ***
2021-05-05 10:07:32,657 | INFO: ***                                                                                             ***
2021-05-05 10:07:32,657 | INFO: ***************************************************************************************************
2021-05-05 10:07:32,657 | INFO: I start to run your Notebook ! -- Good Luck :-) It is:  05/05/2021, 10:07:32
2021-05-05 10:07:32,820 | INFO: 9891 rows and 57 columns read in the CSV file
2021-05-05 10:08:26,050 | INFO: After splitting the columns the difference will be my TARGET feature: ['CHECKED', 'COMPUTED_FLOWS', 'DIFF_FLOWS', 'TARGET']
2021-05-05 10:08:27,145 | WARNING: Unable to drop flows columns
2021-05-05 10:08:27,259 | INFO: Transformation called with interpolation=True, verbose=False, breakdown-level=SRC_UID and dictionary 
[{'cols': ['NET_FLOWS'], 'method': 'shift', 'period': [1, 2, 3, 6], 'original': True}]
2021-05-05 10:08:27,260 | INFO: -------------------------------------------------------------------------------------------
2021-05-05 10:08:27,260 | INFO: Initializing with Columns in X 9
2021-05-05 10:08:27,261 | INFO: index 0 - dico value for key cols is ['NET_FLOWS']
2021-05-05 10:08:27,261 | INFO: index 1 - dico value for key method is shift
2021-05-05 10:08:27,261 | INFO: index 2 - dico value for key period is [1, 2, 3, 6]
2021-05-05 10:08:27,261 | INFO: index 3 - dico value for key original is True
2021-05-05 10:08:27,261 | INFO: (n) periods [1, 2, 3, 6] for the skew method is [0.8, 0.6, 0.3999999999999999, 0.19999999999999996, 0.0]
2021-05-05 10:08:28,807 | INFO: Columns in X_temp 13
2021-05-05 10:08:28,808 | INFO: New columns added to the dataframe: Index(['NET_FLOWS-s1', 'NET_FLOWS-s2', 'NET_FLOWS-s3', 'NET_FLOWS-s6'], dtype='object')
2021-05-05 10:08:29,020 | INFO: Transformation called with interpolation=True, verbose=False, breakdown-level=SRC_UID and dictionary 
[{'cols': ['NET_FLOWS'], 'method': 'rolling', 'period': [1, 2, 3, 6], 'original': True}]
2021-05-05 10:08:29,020 | INFO: -------------------------------------------------------------------------------------------
2021-05-05 10:08:29,021 | INFO: Initializing with Columns in X 9
2021-05-05 10:08:29,021 | INFO: index 0 - dico value for key cols is ['NET_FLOWS']
2021-05-05 10:08:29,021 | INFO: index 1 - dico value for key method is rolling
2021-05-05 10:08:29,021 | INFO: index 2 - dico value for key period is [1, 2, 3, 6]
2021-05-05 10:08:29,021 | INFO: index 3 - dico value for key original is True
2021-05-05 10:08:29,021 | INFO: (n) periods [1, 2, 3, 6] for the skew method is [0.8, 0.6, 0.3999999999999999, 0.19999999999999996, 0.0]
2021-05-05 10:08:30,608 | INFO: Columns in X_temp 13
2021-05-05 10:08:30,609 | INFO: New columns added to the dataframe: Index(['NET_FLOWS-r1', 'NET_FLOWS-r2', 'NET_FLOWS-r3', 'NET_FLOWS-r6'], dtype='object')
2021-05-05 10:08:30,837 | INFO: Transformation called with interpolation=True, verbose=False, breakdown-level=SRC_UID and dictionary 
[{'cols': ['NET_FLOWS'], 'method': 'expanding', 'period': [1, 2, 3, 6], 'original': True}]
2021-05-05 10:08:30,837 | INFO: -------------------------------------------------------------------------------------------
2021-05-05 10:08:30,837 | INFO: Initializing with Columns in X 9
2021-05-05 10:08:30,838 | INFO: index 0 - dico value for key cols is ['NET_FLOWS']
2021-05-05 10:08:30,838 | INFO: index 1 - dico value for key method is expanding
2021-05-05 10:08:30,838 | INFO: index 2 - dico value for key period is [1, 2, 3, 6]
2021-05-05 10:08:30,838 | INFO: index 3 - dico value for key original is True
2021-05-05 10:08:30,838 | INFO: (n) periods [1, 2, 3, 6] for the skew method is [0.8, 0.6, 0.3999999999999999, 0.19999999999999996, 0.0]
2021-05-05 10:08:32,417 | INFO: Columns in X_temp 13
2021-05-05 10:08:32,418 | INFO: New columns added to the dataframe: Index(['NET_FLOWS-x1', 'NET_FLOWS-x2', 'NET_FLOWS-x3', 'NET_FLOWS-x6'], dtype='object')
2021-05-05 10:08:32,707 | INFO: Transformation called with interpolation=True, verbose=False, breakdown-level=SRC_UID and dictionary 
[{'cols': ['NET_FLOWS'], 'method': 'ewm', 'period': [1, 2, 3, 6], 'original': True}]
2021-05-05 10:08:32,707 | INFO: -------------------------------------------------------------------------------------------
2021-05-05 10:08:32,707 | INFO: Initializing with Columns in X 9
2021-05-05 10:08:32,708 | INFO: index 0 - dico value for key cols is ['NET_FLOWS']
2021-05-05 10:08:32,708 | INFO: index 1 - dico value for key method is ewm
2021-05-05 10:08:32,708 | INFO: index 2 - dico value for key period is [1, 2, 3, 6]
2021-05-05 10:08:32,708 | INFO: index 3 - dico value for key original is True
2021-05-05 10:08:32,708 | INFO: (n) periods [1, 2, 3, 6] for the skew method is [0.8, 0.6, 0.3999999999999999, 0.19999999999999996, 0.0]
2021-05-05 10:08:34,177 | INFO: Columns in X_temp 13
2021-05-05 10:08:34,178 | INFO: New columns added to the dataframe: Index(['NET_FLOWS-e1', 'NET_FLOWS-e2', 'NET_FLOWS-e3', 'NET_FLOWS-e6'], dtype='object')
2021-05-05 10:10:14,581 | INFO: Transformation called with interpolation=True, verbose=False, breakdown-level=SRC_UID and dictionary 
[{'cols': ['NAV_PERF_SLOPE'], 'method': 'shift', 'period': [1, 2, 3, 6, 12], 'original': True}]
2021-05-05 10:10:14,581 | INFO: -------------------------------------------------------------------------------------------
2021-05-05 10:10:14,581 | INFO: Initializing with Columns in X 62
2021-05-05 10:10:14,584 | INFO: index 0 - dico value for key cols is ['NAV_PERF_SLOPE']
2021-05-05 10:10:14,584 | INFO: index 1 - dico value for key method is shift
2021-05-05 10:10:14,584 | INFO: index 2 - dico value for key period is [1, 2, 3, 6, 12]
2021-05-05 10:10:14,584 | INFO: index 3 - dico value for key original is True
2021-05-05 10:10:14,584 | INFO: (n) periods [1, 2, 3, 6, 12] for the skew method is [0.8333333333333334, 0.6666666666666667, 0.5, 0.33333333333333337, 0.16666666666666674, 0.0]
2021-05-05 10:10:16,463 | INFO: Columns in X_temp 67
2021-05-05 10:10:16,464 | INFO: New columns added to the dataframe: Index(['NAV_PERF_SLOPE-s1', 'NAV_PERF_SLOPE-s2', 'NAV_PERF_SLOPE-s3',
       'NAV_PERF_SLOPE-s6', 'NAV_PERF_SLOPE-s12'],
      dtype='object')
2021-05-05 10:10:18,505 | INFO: Transformation called with interpolation=True, verbose=False, breakdown-level=SRC_UID and dictionary 
[{'cols': ['NAV_PERF_SLOPE'], 'method': 'rolling', 'period': [1, 2, 3, 6, 12], 'original': True}]
2021-05-05 10:10:18,505 | INFO: -------------------------------------------------------------------------------------------
2021-05-05 10:10:18,505 | INFO: Initializing with Columns in X 62
2021-05-05 10:10:18,507 | INFO: index 0 - dico value for key cols is ['NAV_PERF_SLOPE']
2021-05-05 10:10:18,507 | INFO: index 1 - dico value for key method is rolling
2021-05-05 10:10:18,507 | INFO: index 2 - dico value for key period is [1, 2, 3, 6, 12]
2021-05-05 10:10:18,507 | INFO: index 3 - dico value for key original is True
2021-05-05 10:10:18,508 | INFO: (n) periods [1, 2, 3, 6, 12] for the skew method is [0.8333333333333334, 0.6666666666666667, 0.5, 0.33333333333333337, 0.16666666666666674, 0.0]
2021-05-05 10:10:20,468 | INFO: Columns in X_temp 67
2021-05-05 10:10:20,469 | INFO: New columns added to the dataframe: Index(['NAV_PERF_SLOPE-r1', 'NAV_PERF_SLOPE-r2', 'NAV_PERF_SLOPE-r3',
       'NAV_PERF_SLOPE-r6', 'NAV_PERF_SLOPE-r12'],
      dtype='object')
2021-05-05 10:10:20,780 | INFO: Transformation called with interpolation=True, verbose=False, breakdown-level=SRC_UID and dictionary 
[{'cols': ['NAV_PERF_SLOPE'], 'method': 'expanding', 'period': [1, 2, 3, 6, 12], 'original': True}]
2021-05-05 10:10:20,780 | INFO: -------------------------------------------------------------------------------------------
2021-05-05 10:10:20,781 | INFO: Initializing with Columns in X 62
2021-05-05 10:10:20,783 | INFO: index 0 - dico value for key cols is ['NAV_PERF_SLOPE']
2021-05-05 10:10:20,783 | INFO: index 1 - dico value for key method is expanding
2021-05-05 10:10:20,783 | INFO: index 2 - dico value for key period is [1, 2, 3, 6, 12]
2021-05-05 10:10:20,783 | INFO: index 3 - dico value for key original is True
2021-05-05 10:10:20,783 | INFO: (n) periods [1, 2, 3, 6, 12] for the skew method is [0.8333333333333334, 0.6666666666666667, 0.5, 0.33333333333333337, 0.16666666666666674, 0.0]
2021-05-05 10:10:22,715 | INFO: Columns in X_temp 67
2021-05-05 10:10:22,716 | INFO: New columns added to the dataframe: Index(['NAV_PERF_SLOPE-x1', 'NAV_PERF_SLOPE-x2', 'NAV_PERF_SLOPE-x3',
       'NAV_PERF_SLOPE-x6', 'NAV_PERF_SLOPE-x12'],
      dtype='object')
2021-05-05 10:10:23,134 | INFO: Transformation called with interpolation=True, verbose=False, breakdown-level=SRC_UID and dictionary 
[{'cols': ['NAV_PERF_SLOPE'], 'method': 'ewm', 'period': [1, 2, 3, 6, 12], 'original': True}]
2021-05-05 10:10:23,135 | INFO: -------------------------------------------------------------------------------------------
2021-05-05 10:10:23,135 | INFO: Initializing with Columns in X 62
2021-05-05 10:10:23,136 | INFO: index 0 - dico value for key cols is ['NAV_PERF_SLOPE']
2021-05-05 10:10:23,136 | INFO: index 1 - dico value for key method is ewm
2021-05-05 10:10:23,137 | INFO: index 2 - dico value for key period is [1, 2, 3, 6, 12]
2021-05-05 10:10:23,137 | INFO: index 3 - dico value for key original is True
2021-05-05 10:10:23,137 | INFO: (n) periods [1, 2, 3, 6, 12] for the skew method is [0.8333333333333334, 0.6666666666666667, 0.5, 0.33333333333333337, 0.16666666666666674, 0.0]
2021-05-05 10:10:24,922 | INFO: Columns in X_temp 67
2021-05-05 10:10:24,923 | INFO: New columns added to the dataframe: Index(['NAV_PERF_SLOPE-e1', 'NAV_PERF_SLOPE-e2', 'NAV_PERF_SLOPE-e3',
       'NAV_PERF_SLOPE-e6', 'NAV_PERF_SLOPE-e12'],
      dtype='object')
2021-05-05 10:10:36,371 | INFO: Transformation called with interpolation=True, verbose=False, breakdown-level=SRC_UID and dictionary 
[{'cols': ['PSU'], 'method': 'rolling', 'period': [1, 2, 3], 'original': True}]
2021-05-05 10:10:36,371 | INFO: -------------------------------------------------------------------------------------------
2021-05-05 10:10:36,372 | INFO: Initializing with Columns in X 6
2021-05-05 10:10:36,372 | INFO: index 0 - dico value for key cols is ['PSU']
2021-05-05 10:10:36,372 | INFO: index 1 - dico value for key method is rolling
2021-05-05 10:10:36,372 | INFO: index 2 - dico value for key period is [1, 2, 3]
2021-05-05 10:10:36,372 | INFO: index 3 - dico value for key original is True
2021-05-05 10:10:36,373 | INFO: (n) periods [1, 2, 3] for the skew method is [0.75, 0.5, 0.25, 0.0]
2021-05-05 10:10:37,574 | INFO: Columns in X_temp 9
2021-05-05 10:10:37,575 | INFO: New columns added to the dataframe: Index(['PSU-r1', 'PSU-r2', 'PSU-r3'], dtype='object')
2021-05-05 10:10:37,744 | INFO: Transformation called with interpolation=True, verbose=False, breakdown-level=SRC_UID and dictionary 
[{'cols': ['PSU'], 'method': 'expanding', 'period': [1, 2, 3], 'original': True}]
2021-05-05 10:10:37,744 | INFO: -------------------------------------------------------------------------------------------
2021-05-05 10:10:37,745 | INFO: Initializing with Columns in X 6
2021-05-05 10:10:37,745 | INFO: index 0 - dico value for key cols is ['PSU']
2021-05-05 10:10:37,745 | INFO: index 1 - dico value for key method is expanding
2021-05-05 10:10:37,745 | INFO: index 2 - dico value for key period is [1, 2, 3]
2021-05-05 10:10:37,745 | INFO: index 3 - dico value for key original is True
2021-05-05 10:10:37,746 | INFO: (n) periods [1, 2, 3] for the skew method is [0.75, 0.5, 0.25, 0.0]
2021-05-05 10:10:38,943 | INFO: Columns in X_temp 9
2021-05-05 10:10:38,944 | INFO: New columns added to the dataframe: Index(['PSU-x1', 'PSU-x2', 'PSU-x3'], dtype='object')
2021-05-05 10:10:39,113 | INFO: Transformation called with interpolation=True, verbose=False, breakdown-level=SRC_UID and dictionary 
[{'cols': ['PSU'], 'method': 'split', 'period': [1, 2, 3], 'original': True}]
2021-05-05 10:10:39,113 | INFO: -------------------------------------------------------------------------------------------
2021-05-05 10:10:39,114 | INFO: Initializing with Columns in X 6
2021-05-05 10:10:39,114 | INFO: index 0 - dico value for key cols is ['PSU']
2021-05-05 10:10:39,114 | INFO: index 1 - dico value for key method is split
2021-05-05 10:10:39,114 | INFO: index 2 - dico value for key period is [1, 2, 3]
2021-05-05 10:10:39,114 | INFO: index 3 - dico value for key original is True
2021-05-05 10:10:39,114 | INFO: (n) periods [1, 2, 3] for the skew method is [0.75, 0.5, 0.25, 0.0]
2021-05-05 10:10:39,136 | INFO: Columns in X_temp 6
2021-05-05 10:10:39,137 | INFO: New columns added to the dataframe: Index([], dtype='object')
2021-05-05 10:10:39,299 | INFO: Transformation called with interpolation=True, verbose=False, breakdown-level=SRC_UID and dictionary 
[{'cols': ['PSU'], 'method': 'ewm', 'period': [1, 2, 3], 'original': True}]
2021-05-05 10:10:39,299 | INFO: -------------------------------------------------------------------------------------------
2021-05-05 10:10:39,299 | INFO: Initializing with Columns in X 6
2021-05-05 10:10:39,300 | INFO: index 0 - dico value for key cols is ['PSU']
2021-05-05 10:10:39,300 | INFO: index 1 - dico value for key method is ewm
2021-05-05 10:10:39,300 | INFO: index 2 - dico value for key period is [1, 2, 3]
2021-05-05 10:10:39,300 | INFO: index 3 - dico value for key original is True
2021-05-05 10:10:39,300 | INFO: (n) periods [1, 2, 3] for the skew method is [0.75, 0.5, 0.25, 0.0]
2021-05-05 10:10:40,419 | INFO: Columns in X_temp 9
2021-05-05 10:10:40,420 | INFO: New columns added to the dataframe: Index(['PSU-e1', 'PSU-e2', 'PSU-e3'], dtype='object')
2021-05-05 10:10:42,533 | INFO: Anomaly detected in full dataset
2021-05-05 10:10:42,535 | INFO:  1    8902
-1     989
Name: anomaly, dtype: int64
2021-05-05 10:10:44,462 | INFO: Transformation called with interpolation=True, verbose=False, breakdown-level=SRC_UID and dictionary 
[{'cols': ['IN_FLOWS'], 'method': 'shift', 'period': [1, 2, 3], 'original': True}, {'cols': ['AUM'], 'method': 'rolling', 'period': [2, 5, 7], 'original': True}]
2021-05-05 10:10:44,462 | INFO: -------------------------------------------------------------------------------------------
2021-05-05 10:10:44,463 | INFO: Initializing with Columns in X 62
2021-05-05 10:10:44,466 | INFO: index 0 - dico value for key cols is ['IN_FLOWS']
2021-05-05 10:10:44,466 | INFO: index 1 - dico value for key method is shift
2021-05-05 10:10:44,466 | INFO: index 2 - dico value for key period is [1, 2, 3]
2021-05-05 10:10:44,466 | INFO: index 3 - dico value for key original is True
2021-05-05 10:10:44,466 | INFO: (n) periods [1, 2, 3] for the skew method is [0.75, 0.5, 0.25, 0.0]
2021-05-05 10:10:45,650 | INFO: Columns in X_temp 65
2021-05-05 10:10:45,651 | INFO: New columns added to the dataframe: Index(['IN_FLOWS-s1', 'IN_FLOWS-s2', 'IN_FLOWS-s3'], dtype='object')
2021-05-05 10:10:45,651 | INFO: index 0 - dico value for key cols is ['AUM']
2021-05-05 10:10:45,651 | INFO: index 1 - dico value for key method is rolling
2021-05-05 10:10:45,651 | INFO: index 2 - dico value for key period is [2, 5, 7]
2021-05-05 10:10:45,651 | INFO: index 3 - dico value for key original is True
2021-05-05 10:10:45,652 | INFO: (n) periods [2, 5, 7] for the skew method is [0.75, 0.5, 0.25, 0.0]
2021-05-05 10:10:46,891 | INFO: Columns in X_temp 68
2021-05-05 10:10:46,892 | INFO: New columns added to the dataframe: Index(['AUM-r2', 'AUM-r5', 'AUM-r7'], dtype='object')
2021-05-05 10:10:46,951 | INFO: All collumns of the final dataset 
Index(['SRC_UID', 'IS_STRATEGIC', 'ADMINSTRATION_FEES', 'MANAGEMENT_FEES',
       'MULTI_MANAGER_STRUCTURE', 'SOFTCLOSING', 'CNT_SHARE', 'QUANTITY',
       'IN_FLOWS', 'OUT_FLOWS', 'NET_FLOWS', 'AUM', 'BENCH_PERF_1_MONTH',
       'BENCH_PERF_1_YEAR', 'BENCH_PERF_3_MONTH', 'BENCH_PERF_6_MONTH',
       'BENCH_VOL_1_MONTH', 'BENCH_VOL_3_MONTH', 'BENCH_VOL_6_MONTH',
       'BENCH_VOLATILITY_1_YEAR', 'NAV_PERF_1_MONTH', 'NAV_PERF_1_YEAR',
       'NAV_PERF_3_MONTH', 'NAV_PERF_6_MONTH', 'NAV_VOL_1_MONTH',
       'NAV_VOL_3_MONTH', 'NAV_VOL_6_MONTH', 'NAV_VOLATILITY_1_YEAR',
       'BENCH_VOL_SINCE_INCEPT', 'NAV_PERF_COMPOUND_CREATION',
       'NAV_VOL_SINCE_INCEPT', 'FUND_SIZE', 'SUB_FUNDS_SHARE_PARTS',
       'SUB_FUNDS_SHARE_SIZE_SF_CCY', 'DOWNLOADED_DOCUMENTS', 'WEIGHTED',
       'PSU_SCORE', 'POSITIVE_RFP', 'EVENT_IMPACT', 'COMPUTED_FLOWS',
       'CHECKED', 'DIFF_FLOWS', 'THRESHOLD', 'TARGET', 'RISK_LEVEL_VALUE',
       'PRODUCT_STRATEGY', 'ASSET_NAME', 'FUND_NAME', 'STRATEGY_CAPABILITY',
       'COUNTRY', 'PSU', 'FLOWS_MONTH', 'FLOWS_YEAR', 'FLOWS_QUARTER',
       'FUND_AGE', 'BENCH_PERF_SLOPE', 'BENCH_PERF_SLOPE_ERROR',
       'BENCH_VOL_SLOPE', 'BENCH_VOL_SLOPE_ERROR', 'NAV_PERF_SLOPE',
       'NAV_PERF_SLOPE_ERROR', 'NAV_VOL_SLOPE', 'NAV_VOL_SLOPE_ERROR'],
      dtype='object')
2021-05-05 10:10:46,955 | INFO: END OF RUN
2021-05-05 10:10:46,962 | INFO: List of features selected for modeling 
['BENCH_PERF_SLOPE', 'BENCH_PERF_SLOPE_ERROR', 'BENCH_VOL_SLOPE', 'BENCH_VOL_SLOPE_ERROR', 'NAV_PERF_SLOPE', 'NAV_PERF_SLOPE_ERROR', 'NAV_VOL_SLOPE', 'NAV_VOL_SLOPE_ERROR', 'IN_FLOWS-s1', 'IN_FLOWS-s2', 'IN_FLOWS-s3', 'AUM-r2', 'AUM-r5', 'AUM-r7', 'TARGET', 'FLOWS_YEAR', 'FLOWS_MONTH', 'SRC_UID'] with 8902 rows
