2021-05-03 14:55:07,817 | INFO: 
2021-05-03 14:55:07,817 | INFO: ***************************************************************************************************
2021-05-03 14:55:07,818 | INFO: ***                                                                                             ***
2021-05-03 14:55:07,818 | INFO: ***   NEW RUN                                                                                   ***
2021-05-03 14:55:07,818 | INFO: ***                                                                                             ***
2021-05-03 14:55:07,818 | INFO: ***************************************************************************************************
2021-05-03 14:55:07,818 | INFO: I start to run your Notebook ! -- Good Luck :-) It is:  05/03/2021, 14:55:07
2021-05-03 14:55:08,069 | INFO: 8902 rows and 63 columns read in the CSV file
2021-05-03 14:55:08,087 | INFO: Transformation called with interpolation=True, verbose=False, breakdown-level=SRC_UID and dictionary 
[{'cols': ['NET_FLOWS'], 'method': 'shift', 'period': [1, 2, 3], 'original': True}, {'cols': ['AUM'], 'method': 'rolling', 'period': [2, 5, 7], 'original': True}]
2021-05-03 14:55:08,087 | INFO: -------------------------------------------------------------------------------------------
2021-05-03 14:55:08,088 | INFO: Initializing with Columns in X 62
2021-05-03 14:55:08,090 | INFO: index 0 - dico value for key cols is ['NET_FLOWS']
2021-05-03 14:55:08,090 | INFO: index 1 - dico value for key method is shift
2021-05-03 14:55:08,090 | INFO: index 2 - dico value for key period is [1, 2, 3]
2021-05-03 14:55:08,090 | INFO: index 3 - dico value for key original is True
2021-05-03 14:55:08,090 | INFO: (n) periods [1, 2, 3] for the skew method is [0.75, 0.5, 0.25, 0.0]
2021-05-03 14:55:09,229 | INFO: Columns in X_temp 65
2021-05-03 14:55:09,231 | INFO: New columns added to the dataframe: Index(['NET_FLOWS-s1', 'NET_FLOWS-s2', 'NET_FLOWS-s3'], dtype='object')
2021-05-03 14:55:09,231 | INFO: index 0 - dico value for key cols is ['AUM']
2021-05-03 14:55:09,231 | INFO: index 1 - dico value for key method is rolling
2021-05-03 14:55:09,231 | INFO: index 2 - dico value for key period is [2, 5, 7]
2021-05-03 14:55:09,231 | INFO: index 3 - dico value for key original is True
2021-05-03 14:55:09,231 | INFO: (n) periods [2, 5, 7] for the skew method is [0.75, 0.5, 0.25, 0.0]
2021-05-03 14:55:10,424 | INFO: Columns in X_temp 68
2021-05-03 14:55:10,425 | INFO: New columns added to the dataframe: Index(['AUM-r2', 'AUM-r5', 'AUM-r7'], dtype='object')
2021-05-03 14:55:10,787 | INFO: Transformation called with interpolation=True, verbose=False, breakdown-level=SRC_UID and dictionary 
[{'cols': ['NET_FLOWS'], 'method': 'shift', 'period': [1, 2, 3], 'original': False}]
2021-05-03 14:55:10,787 | INFO: -------------------------------------------------------------------------------------------
2021-05-03 14:55:10,788 | INFO: Initializing with Columns in X 8
2021-05-03 14:55:10,789 | INFO: index 0 - dico value for key cols is ['NET_FLOWS']
2021-05-03 14:55:10,789 | INFO: index 1 - dico value for key method is shift
2021-05-03 14:55:10,789 | INFO: index 2 - dico value for key period is [1, 2, 3]
2021-05-03 14:55:10,789 | INFO: index 3 - dico value for key original is False
2021-05-03 14:55:10,789 | INFO: (n) periods [1, 2, 3] for the skew method is [0.75, 0.5, 0.25, 0.0]
2021-05-03 14:55:11,898 | INFO: Columns in X_temp 11
2021-05-03 14:55:11,899 | INFO: New columns added to the dataframe: Index(['NET_FLOWS-s1', 'NET_FLOWS-s2', 'NET_FLOWS-s3'], dtype='object')
2021-05-03 14:55:11,932 | INFO: dataset split called
2021-05-03 14:55:13,944 | INFO: LR: 0.463296 (0.012722)
2021-05-03 14:55:48,251 | INFO: SVM: 0.476435 (0.015705)
2021-05-03 14:55:50,913 | INFO: KNN: 0.443655 (0.017284)
2021-05-03 14:55:53,041 | INFO: TREE: 0.414684 (0.012499)
2021-05-03 14:55:56,017 | INFO: FOREST: 0.469066 (0.012738)
2021-05-03 14:55:56,318 | INFO: Transformation called with interpolation=True, verbose=False, breakdown-level=SRC_UID and dictionary 
[{'cols': ['IN_FLOWS'], 'method': 'rolling', 'period': [1, 2, 3], 'original': False}, {'cols': ['NET_FLOWS'], 'method': 'rolling', 'period': [1, 2, 3], 'original': False}, {'cols': ['NAV_PERF_6_MONTH'], 'method': 'rolling', 'period': [1, 2, 3], 'original': False}, {'cols': ['COMPUTED_FLOWS'], 'method': 'rolling', 'period': [1, 2, 3], 'original': False}, {'cols': ['NAV_PERF_SLOPE_ERROR'], 'method': 'rolling', 'period': [1, 2, 3], 'original': False}]
2021-05-03 14:55:56,318 | INFO: -------------------------------------------------------------------------------------------
2021-05-03 14:55:56,319 | INFO: Initializing with Columns in X 6
2021-05-03 14:55:56,320 | INFO: index 0 - dico value for key cols is ['IN_FLOWS']
2021-05-03 14:55:56,320 | INFO: index 1 - dico value for key method is rolling
2021-05-03 14:55:56,320 | INFO: index 2 - dico value for key period is [1, 2, 3]
2021-05-03 14:55:56,320 | INFO: index 3 - dico value for key original is False
2021-05-03 14:55:56,320 | INFO: (n) periods [1, 2, 3] for the skew method is [0.75, 0.5, 0.25, 0.0]
2021-05-03 14:55:57,534 | INFO: Columns in X_temp 9
2021-05-03 14:55:57,536 | INFO: New columns added to the dataframe: Index(['IN_FLOWS-r1', 'IN_FLOWS-r2', 'IN_FLOWS-r3'], dtype='object')
2021-05-03 14:55:57,536 | INFO: index 0 - dico value for key cols is ['NET_FLOWS']
2021-05-03 14:55:57,536 | INFO: index 1 - dico value for key method is rolling
2021-05-03 14:55:57,536 | INFO: index 2 - dico value for key period is [1, 2, 3]
2021-05-03 14:55:57,536 | INFO: index 3 - dico value for key original is False
2021-05-03 14:55:57,536 | INFO: (n) periods [1, 2, 3] for the skew method is [0.75, 0.5, 0.25, 0.0]
2021-05-03 14:55:58,699 | INFO: Columns in X_temp 11
2021-05-03 14:55:58,701 | INFO: New columns added to the dataframe: Index(['NET_FLOWS-r1', 'NET_FLOWS-r2', 'NET_FLOWS-r3'], dtype='object')
2021-05-03 14:55:58,701 | INFO: index 0 - dico value for key cols is ['NAV_PERF_6_MONTH']
2021-05-03 14:55:58,701 | INFO: index 1 - dico value for key method is rolling
2021-05-03 14:55:58,701 | INFO: index 2 - dico value for key period is [1, 2, 3]
2021-05-03 14:55:58,701 | INFO: index 3 - dico value for key original is False
2021-05-03 14:55:58,702 | INFO: (n) periods [1, 2, 3] for the skew method is [0.75, 0.5, 0.25, 0.0]
2021-05-03 14:55:59,855 | INFO: Columns in X_temp 13
2021-05-03 14:55:59,857 | INFO: New columns added to the dataframe: Index(['NAV_PERF_6_MONTH-r1', 'NAV_PERF_6_MONTH-r2', 'NAV_PERF_6_MONTH-r3'], dtype='object')
2021-05-03 14:55:59,857 | INFO: index 0 - dico value for key cols is ['COMPUTED_FLOWS']
2021-05-03 14:55:59,857 | INFO: index 1 - dico value for key method is rolling
2021-05-03 14:55:59,857 | INFO: index 2 - dico value for key period is [1, 2, 3]
2021-05-03 14:55:59,857 | INFO: index 3 - dico value for key original is False
2021-05-03 14:55:59,857 | INFO: (n) periods [1, 2, 3] for the skew method is [0.75, 0.5, 0.25, 0.0]
2021-05-03 14:56:01,009 | INFO: Columns in X_temp 15
2021-05-03 14:56:01,011 | INFO: New columns added to the dataframe: Index(['COMPUTED_FLOWS-r1', 'COMPUTED_FLOWS-r2', 'COMPUTED_FLOWS-r3'], dtype='object')
2021-05-03 14:56:01,011 | INFO: index 0 - dico value for key cols is ['NAV_PERF_SLOPE_ERROR']
2021-05-03 14:56:01,011 | INFO: index 1 - dico value for key method is rolling
2021-05-03 14:56:01,011 | INFO: index 2 - dico value for key period is [1, 2, 3]
2021-05-03 14:56:01,011 | INFO: index 3 - dico value for key original is False
2021-05-03 14:56:01,011 | INFO: (n) periods [1, 2, 3] for the skew method is [0.75, 0.5, 0.25, 0.0]
2021-05-03 14:56:02,174 | INFO: Columns in X_temp 17
2021-05-03 14:56:02,176 | INFO: New columns added to the dataframe: Index(['NAV_PERF_SLOPE_ERROR-r1', 'NAV_PERF_SLOPE_ERROR-r2',
       'NAV_PERF_SLOPE_ERROR-r3'],
      dtype='object')
2021-05-03 14:56:02,219 | INFO: dataset split called
2021-05-03 14:56:05,969 | INFO: LR: 0.840658 (0.012970)
2021-05-03 14:56:26,812 | INFO: SVM: 0.830960 (0.012245)
2021-05-03 14:56:30,876 | INFO: KNN: 0.687086 (0.012767)
2021-05-03 14:56:34,554 | INFO: TREE: 0.854773 (0.006860)
2021-05-03 14:56:38,872 | INFO: FOREST: 0.886940 (0.011261)
2021-05-03 14:56:38,875 | INFO: MODEL-01 SelectKBest features and rolling 1,2,3 configuration files with 5
2021-05-03 14:56:38,876 | INFO: Results: 

[array([0.84417178, 0.85153374, 0.83558282, 0.83680982, 0.83190184,
       0.84171779, 0.85626536, 0.86363636, 0.82309582, 0.82186732]), array([0.84417178, 0.84539877, 0.80490798, 0.82822086, 0.83190184,
       0.82822086, 0.83169533, 0.84766585, 0.81941032, 0.82800983]), array([0.66993865, 0.70552147, 0.67361963, 0.68220859, 0.69202454,
       0.69693252, 0.66953317, 0.7027027 , 0.68181818, 0.6965602 ]), array([0.86748466, 0.84907975, 0.85398773, 0.85889571, 0.85889571,
       0.85766871, 0.85995086, 0.85135135, 0.84766585, 0.84275184]), array([0.88343558, 0.8809816 , 0.87239264, 0.86871166, 0.89447853,
       0.90552147, 0.8968059 , 0.8992629 , 0.88206388, 0.88574939])]
2021-05-03 14:56:38,876 | INFO: --------------------------------------------------------------------------------------------------
2021-05-03 14:56:46,023 | INFO: Confusion Matrix 
 [[191  46   1]
 [ 10 197  19]
 [  0  40 188]]
2021-05-03 14:56:46,024 | INFO: 
Accuracy: 0.83

2021-05-03 14:56:46,523 | INFO: GridSearchCV - MODEL1 - RandomForest
2021-05-03 14:56:57,221 | INFO: Confusion Matrix 
 [[228  10   0]
 [ 24 165  37]
 [  0  13 215]]
2021-05-03 14:56:57,223 | INFO: 
Accuracy: 0.88

2021-05-03 14:56:57,245 | INFO: MODEL1 - RandomForest - GridSearchCV -EVALUATED
2021-05-03 14:56:57,323 | INFO: Transformation called with interpolation=True, verbose=False, breakdown-level=SRC_UID and dictionary 
[{'cols': ['IN_FLOWS'], 'method': 'rolling', 'period': [1, 2, 3], 'original': False}, {'cols': ['OUT_FLOWS'], 'method': 'rolling', 'period': [1, 2, 3], 'original': False}, {'cols': ['NET_FLOWS'], 'method': 'rolling', 'period': [1, 2, 3], 'original': False}, {'cols': ['AUM'], 'method': 'rolling', 'period': [1, 2, 3], 'original': False}, {'cols': ['BENCH_PERF_SLOPE'], 'method': 'rolling', 'period': [1, 3, 6], 'original': False}, {'cols': ['BENCH_PERF_SLOPE_ERROR'], 'method': 'rolling', 'period': [1, 3, 6], 'original': False}, {'cols': ['BENCH_VOL_SLOPE'], 'method': 'rolling', 'period': [1, 3, 6], 'original': False}, {'cols': ['BENCH_VOL_SLOPE_ERROR'], 'method': 'rolling', 'period': [1, 3, 6], 'original': False}, {'cols': ['NAV_PERF_SLOPE'], 'method': 'rolling', 'period': [1, 3, 6], 'original': False}, {'cols': ['NAV_PERF_SLOPE_ERROR'], 'method': 'rolling', 'period': [1, 3, 6], 'original': False}, {'cols': ['NAV_VOL_SLOPE'], 'method': 'rolling', 'period': [1, 3, 6], 'original': False}, {'cols': ['NAV_VOL_SLOPE_ERROR'], 'method': 'rolling', 'period': [1, 3, 6], 'original': False}, {'cols': ['POSITIVE_RFP'], 'method': 'shift', 'period': [1, 3, 6, 9], 'original': False}, {'cols': ['EVENT_IMPACT'], 'method': 'shift', 'period': [1, 3, 6, 9], 'original': False}, {'cols': ['DOWNLOADED_DOCUMENTS'], 'method': 'shift', 'period': [1, 3, 6, 9], 'original': False}, {'cols': ['PSU_SCORE'], 'method': 'shift', 'period': [1, 3, 6, 9], 'original': False}]
2021-05-03 14:56:57,323 | INFO: -------------------------------------------------------------------------------------------
2021-05-03 14:56:57,323 | INFO: Initializing with Columns in X 23
2021-05-03 14:56:57,325 | INFO: index 0 - dico value for key cols is ['IN_FLOWS']
2021-05-03 14:56:57,325 | INFO: index 1 - dico value for key method is rolling
2021-05-03 14:56:57,325 | INFO: index 2 - dico value for key period is [1, 2, 3]
2021-05-03 14:56:57,325 | INFO: index 3 - dico value for key original is False
2021-05-03 14:56:57,326 | INFO: (n) periods [1, 2, 3] for the skew method is [0.75, 0.5, 0.25, 0.0]
2021-05-03 14:56:58,484 | INFO: Columns in X_temp 26
2021-05-03 14:56:58,486 | INFO: New columns added to the dataframe: Index(['IN_FLOWS-r1', 'IN_FLOWS-r2', 'IN_FLOWS-r3'], dtype='object')
2021-05-03 14:56:58,486 | INFO: index 0 - dico value for key cols is ['OUT_FLOWS']
2021-05-03 14:56:58,486 | INFO: index 1 - dico value for key method is rolling
2021-05-03 14:56:58,486 | INFO: index 2 - dico value for key period is [1, 2, 3]
2021-05-03 14:56:58,486 | INFO: index 3 - dico value for key original is False
2021-05-03 14:56:58,486 | INFO: (n) periods [1, 2, 3] for the skew method is [0.75, 0.5, 0.25, 0.0]
2021-05-03 14:56:59,639 | INFO: Columns in X_temp 28
2021-05-03 14:56:59,641 | INFO: New columns added to the dataframe: Index(['OUT_FLOWS-r1', 'OUT_FLOWS-r2', 'OUT_FLOWS-r3'], dtype='object')
2021-05-03 14:56:59,641 | INFO: index 0 - dico value for key cols is ['NET_FLOWS']
2021-05-03 14:56:59,641 | INFO: index 1 - dico value for key method is rolling
2021-05-03 14:56:59,641 | INFO: index 2 - dico value for key period is [1, 2, 3]
2021-05-03 14:56:59,641 | INFO: index 3 - dico value for key original is False
2021-05-03 14:56:59,641 | INFO: (n) periods [1, 2, 3] for the skew method is [0.75, 0.5, 0.25, 0.0]
2021-05-03 14:57:00,794 | INFO: Columns in X_temp 30
2021-05-03 14:57:00,796 | INFO: New columns added to the dataframe: Index(['NET_FLOWS-r1', 'NET_FLOWS-r2', 'NET_FLOWS-r3'], dtype='object')
2021-05-03 14:57:00,796 | INFO: index 0 - dico value for key cols is ['AUM']
2021-05-03 14:57:00,796 | INFO: index 1 - dico value for key method is rolling
2021-05-03 14:57:00,796 | INFO: index 2 - dico value for key period is [1, 2, 3]
2021-05-03 14:57:00,796 | INFO: index 3 - dico value for key original is False
2021-05-03 14:57:00,796 | INFO: (n) periods [1, 2, 3] for the skew method is [0.75, 0.5, 0.25, 0.0]
2021-05-03 14:57:01,950 | INFO: Columns in X_temp 32
2021-05-03 14:57:01,952 | INFO: New columns added to the dataframe: Index(['AUM-r1', 'AUM-r2', 'AUM-r3'], dtype='object')
2021-05-03 14:57:01,952 | INFO: index 0 - dico value for key cols is ['BENCH_PERF_SLOPE']
2021-05-03 14:57:01,952 | INFO: index 1 - dico value for key method is rolling
2021-05-03 14:57:01,953 | INFO: index 2 - dico value for key period is [1, 3, 6]
2021-05-03 14:57:01,953 | INFO: index 3 - dico value for key original is False
2021-05-03 14:57:01,953 | INFO: (n) periods [1, 3, 6] for the skew method is [0.75, 0.5, 0.25, 0.0]
2021-05-03 14:57:03,106 | INFO: Columns in X_temp 34
2021-05-03 14:57:03,108 | INFO: New columns added to the dataframe: Index(['BENCH_PERF_SLOPE-r1', 'BENCH_PERF_SLOPE-r3', 'BENCH_PERF_SLOPE-r6'], dtype='object')
2021-05-03 14:57:03,108 | INFO: index 0 - dico value for key cols is ['BENCH_PERF_SLOPE_ERROR']
2021-05-03 14:57:03,108 | INFO: index 1 - dico value for key method is rolling
2021-05-03 14:57:03,109 | INFO: index 2 - dico value for key period is [1, 3, 6]
2021-05-03 14:57:03,109 | INFO: index 3 - dico value for key original is False
2021-05-03 14:57:03,109 | INFO: (n) periods [1, 3, 6] for the skew method is [0.75, 0.5, 0.25, 0.0]
2021-05-03 14:57:04,265 | INFO: Columns in X_temp 36
2021-05-03 14:57:04,267 | INFO: New columns added to the dataframe: Index(['BENCH_PERF_SLOPE_ERROR-r1', 'BENCH_PERF_SLOPE_ERROR-r3',
       'BENCH_PERF_SLOPE_ERROR-r6'],
      dtype='object')
2021-05-03 14:57:04,267 | INFO: index 0 - dico value for key cols is ['BENCH_VOL_SLOPE']
2021-05-03 14:57:04,267 | INFO: index 1 - dico value for key method is rolling
2021-05-03 14:57:04,267 | INFO: index 2 - dico value for key period is [1, 3, 6]
2021-05-03 14:57:04,267 | INFO: index 3 - dico value for key original is False
2021-05-03 14:57:04,267 | INFO: (n) periods [1, 3, 6] for the skew method is [0.75, 0.5, 0.25, 0.0]
2021-05-03 14:57:05,424 | INFO: Columns in X_temp 38
2021-05-03 14:57:05,426 | INFO: New columns added to the dataframe: Index(['BENCH_VOL_SLOPE-r1', 'BENCH_VOL_SLOPE-r3', 'BENCH_VOL_SLOPE-r6'], dtype='object')
2021-05-03 14:57:05,426 | INFO: index 0 - dico value for key cols is ['BENCH_VOL_SLOPE_ERROR']
2021-05-03 14:57:05,426 | INFO: index 1 - dico value for key method is rolling
2021-05-03 14:57:05,426 | INFO: index 2 - dico value for key period is [1, 3, 6]
2021-05-03 14:57:05,426 | INFO: index 3 - dico value for key original is False
2021-05-03 14:57:05,426 | INFO: (n) periods [1, 3, 6] for the skew method is [0.75, 0.5, 0.25, 0.0]
2021-05-03 14:57:06,583 | INFO: Columns in X_temp 40
2021-05-03 14:57:06,586 | INFO: New columns added to the dataframe: Index(['BENCH_VOL_SLOPE_ERROR-r1', 'BENCH_VOL_SLOPE_ERROR-r3',
       'BENCH_VOL_SLOPE_ERROR-r6'],
      dtype='object')
2021-05-03 14:57:06,586 | INFO: index 0 - dico value for key cols is ['NAV_PERF_SLOPE']
2021-05-03 14:57:06,586 | INFO: index 1 - dico value for key method is rolling
2021-05-03 14:57:06,586 | INFO: index 2 - dico value for key period is [1, 3, 6]
2021-05-03 14:57:06,586 | INFO: index 3 - dico value for key original is False
2021-05-03 14:57:06,586 | INFO: (n) periods [1, 3, 6] for the skew method is [0.75, 0.5, 0.25, 0.0]
2021-05-03 14:57:07,747 | INFO: Columns in X_temp 42
2021-05-03 14:57:07,749 | INFO: New columns added to the dataframe: Index(['NAV_PERF_SLOPE-r1', 'NAV_PERF_SLOPE-r3', 'NAV_PERF_SLOPE-r6'], dtype='object')
2021-05-03 14:57:07,749 | INFO: index 0 - dico value for key cols is ['NAV_PERF_SLOPE_ERROR']
2021-05-03 14:57:07,749 | INFO: index 1 - dico value for key method is rolling
2021-05-03 14:57:07,749 | INFO: index 2 - dico value for key period is [1, 3, 6]
2021-05-03 14:57:07,749 | INFO: index 3 - dico value for key original is False
2021-05-03 14:57:07,749 | INFO: (n) periods [1, 3, 6] for the skew method is [0.75, 0.5, 0.25, 0.0]
2021-05-03 14:57:08,909 | INFO: Columns in X_temp 44
2021-05-03 14:57:08,912 | INFO: New columns added to the dataframe: Index(['NAV_PERF_SLOPE_ERROR-r1', 'NAV_PERF_SLOPE_ERROR-r3',
       'NAV_PERF_SLOPE_ERROR-r6'],
      dtype='object')
2021-05-03 14:57:08,912 | INFO: index 0 - dico value for key cols is ['NAV_VOL_SLOPE']
2021-05-03 14:57:08,912 | INFO: index 1 - dico value for key method is rolling
2021-05-03 14:57:08,912 | INFO: index 2 - dico value for key period is [1, 3, 6]
2021-05-03 14:57:08,912 | INFO: index 3 - dico value for key original is False
2021-05-03 14:57:08,912 | INFO: (n) periods [1, 3, 6] for the skew method is [0.75, 0.5, 0.25, 0.0]
2021-05-03 14:57:10,067 | INFO: Columns in X_temp 46
2021-05-03 14:57:10,070 | INFO: New columns added to the dataframe: Index(['NAV_VOL_SLOPE-r1', 'NAV_VOL_SLOPE-r3', 'NAV_VOL_SLOPE-r6'], dtype='object')
2021-05-03 14:57:10,070 | INFO: index 0 - dico value for key cols is ['NAV_VOL_SLOPE_ERROR']
2021-05-03 14:57:10,070 | INFO: index 1 - dico value for key method is rolling
2021-05-03 14:57:10,070 | INFO: index 2 - dico value for key period is [1, 3, 6]
2021-05-03 14:57:10,070 | INFO: index 3 - dico value for key original is False
2021-05-03 14:57:10,070 | INFO: (n) periods [1, 3, 6] for the skew method is [0.75, 0.5, 0.25, 0.0]
2021-05-03 14:57:11,224 | INFO: Columns in X_temp 48
2021-05-03 14:57:11,226 | INFO: New columns added to the dataframe: Index(['NAV_VOL_SLOPE_ERROR-r1', 'NAV_VOL_SLOPE_ERROR-r3',
       'NAV_VOL_SLOPE_ERROR-r6'],
      dtype='object')
2021-05-03 14:57:11,226 | INFO: index 0 - dico value for key cols is ['POSITIVE_RFP']
2021-05-03 14:57:11,226 | INFO: index 1 - dico value for key method is shift
2021-05-03 14:57:11,226 | INFO: index 2 - dico value for key period is [1, 3, 6, 9]
2021-05-03 14:57:11,226 | INFO: index 3 - dico value for key original is False
2021-05-03 14:57:11,227 | INFO: (n) periods [1, 3, 6, 9] for the skew method is [0.8, 0.6, 0.3999999999999999, 0.19999999999999996, 0.0]
2021-05-03 14:57:12,730 | INFO: Columns in X_temp 51
2021-05-03 14:57:12,733 | INFO: New columns added to the dataframe: Index(['POSITIVE_RFP-s1', 'POSITIVE_RFP-s3', 'POSITIVE_RFP-s6',
       'POSITIVE_RFP-s9'],
      dtype='object')
2021-05-03 14:57:12,733 | INFO: index 0 - dico value for key cols is ['EVENT_IMPACT']
2021-05-03 14:57:12,733 | INFO: index 1 - dico value for key method is shift
2021-05-03 14:57:12,733 | INFO: index 2 - dico value for key period is [1, 3, 6, 9]
2021-05-03 14:57:12,733 | INFO: index 3 - dico value for key original is False
2021-05-03 14:57:12,733 | INFO: (n) periods [1, 3, 6, 9] for the skew method is [0.8, 0.6, 0.3999999999999999, 0.19999999999999996, 0.0]
2021-05-03 14:57:14,236 | INFO: Columns in X_temp 54
2021-05-03 14:57:14,239 | INFO: New columns added to the dataframe: Index(['EVENT_IMPACT-s1', 'EVENT_IMPACT-s3', 'EVENT_IMPACT-s6',
       'EVENT_IMPACT-s9'],
      dtype='object')
2021-05-03 14:57:14,239 | INFO: index 0 - dico value for key cols is ['DOWNLOADED_DOCUMENTS']
2021-05-03 14:57:14,239 | INFO: index 1 - dico value for key method is shift
2021-05-03 14:57:14,239 | INFO: index 2 - dico value for key period is [1, 3, 6, 9]
2021-05-03 14:57:14,239 | INFO: index 3 - dico value for key original is False
2021-05-03 14:57:14,239 | INFO: (n) periods [1, 3, 6, 9] for the skew method is [0.8, 0.6, 0.3999999999999999, 0.19999999999999996, 0.0]
2021-05-03 14:57:15,747 | INFO: Columns in X_temp 57
2021-05-03 14:57:15,750 | INFO: New columns added to the dataframe: Index(['DOWNLOADED_DOCUMENTS-s1', 'DOWNLOADED_DOCUMENTS-s3',
       'DOWNLOADED_DOCUMENTS-s6', 'DOWNLOADED_DOCUMENTS-s9'],
      dtype='object')
2021-05-03 14:57:15,750 | INFO: index 0 - dico value for key cols is ['PSU_SCORE']
2021-05-03 14:57:15,750 | INFO: index 1 - dico value for key method is shift
2021-05-03 14:57:15,750 | INFO: index 2 - dico value for key period is [1, 3, 6, 9]
2021-05-03 14:57:15,750 | INFO: index 3 - dico value for key original is False
2021-05-03 14:57:15,751 | INFO: (n) periods [1, 3, 6, 9] for the skew method is [0.8, 0.6, 0.3999999999999999, 0.19999999999999996, 0.0]
2021-05-03 14:57:17,256 | INFO: Columns in X_temp 60
2021-05-03 14:57:17,259 | INFO: New columns added to the dataframe: Index(['PSU_SCORE-s1', 'PSU_SCORE-s3', 'PSU_SCORE-s6', 'PSU_SCORE-s9'], dtype='object')
2021-05-03 14:57:17,327 | INFO: dataset split called
2021-05-03 14:57:33,454 | INFO: LR: 0.910263 (0.009172)
2021-05-03 14:58:19,085 | INFO: SVM: 0.829610 (0.012917)
2021-05-03 14:58:33,839 | INFO: KNN: 0.600292 (0.018564)
2021-05-03 14:58:45,251 | INFO: TREE: 0.967962 (0.005092)
2021-05-03 14:58:56,943 | INFO: FOREST: 0.897004 (0.012140)
2021-05-03 14:58:56,945 | INFO: MODEL-02 My Choice features and and custom transformation configuration files with 22
2021-05-03 14:58:56,947 | INFO: Results: 

[array([0.90797546, 0.92760736, 0.90920245, 0.89815951, 0.91779141,
       0.89815951, 0.91400491, 0.91031941, 0.9004914 , 0.91891892]), array([0.82699387, 0.83680982, 0.8208589 , 0.8208589 , 0.84417178,
       0.82331288, 0.81695332, 0.85503686, 0.81203931, 0.83906634]), array([0.58282209, 0.60245399, 0.6208589 , 0.58404908, 0.64171779,
       0.59141104, 0.58476658, 0.61179361, 0.58353808, 0.5995086 ]), array([0.96319018, 0.97300613, 0.97055215, 0.96441718, 0.95705521,
       0.96441718, 0.97174447, 0.97174447, 0.97297297, 0.97051597]), array([0.88466258, 0.90674847, 0.88466258, 0.88711656, 0.90920245,
       0.91779141, 0.9004914 , 0.88329238, 0.88820639, 0.90786241])]
2021-05-03 14:58:56,947 | INFO: --------------------------------------------------------------------------------------------------
2021-05-03 14:58:57,176 | INFO: GridSearchCV - MODEL2 - Decision Tree
2021-05-03 14:59:02,195 | INFO: Confusion Matrix 
 [[236   2   0]
 [  3 215   8]
 [  0   2 226]]
2021-05-03 14:59:02,197 | INFO: 
Accuracy: 0.98

2021-05-03 14:59:02,219 | INFO: MODEL2 - DecisionTree - GridSearchCV -EVALUATED
2021-05-03 17:30:00,226 | INFO: GridSearchCV - MODEL2 - Logistic Regression
2021-05-03 17:30:07,132 | INFO: Confusion Matrix 
 [[232   6   0]
 [  8 196  22]
 [  0   6 222]]
2021-05-03 17:30:07,134 | INFO: 
Accuracy: 0.94

2021-05-03 17:30:07,157 | INFO: MODEL2 - Logistic Regression - GridSearchCV -EVALUATED
2021-05-03 17:30:31,226 | INFO: GridSearchCV - MODEL2 - Decision Tree
2021-05-03 17:30:36,420 | INFO: Confusion Matrix 
 [[236   2   0]
 [  3 215   8]
 [  0   2 226]]
2021-05-03 17:30:36,422 | INFO: 
Accuracy: 0.98

2021-05-03 17:30:36,444 | INFO: MODEL2 - DecisionTree - GridSearchCV -EVALUATED
2021-05-03 18:29:58,633 | INFO: Confusion Matrix 
 [[236   2   0]
 [  3 216   7]
 [  0   2 226]]
2021-05-03 18:29:58,635 | INFO: 
Accuracy: 0.98

2021-05-03 18:29:58,657 | INFO: MODEL2 - DecisionTree - GridSearchCV -EVALUATED
2021-05-03 18:33:27,003 | INFO: Confusion Matrix 
 [[236   2   0]
 [  3 216   7]
 [  0   2 226]]
2021-05-03 18:33:27,004 | INFO: 
Accuracy: 0.98

2021-05-03 18:33:27,025 | INFO: MODEL2 - DecisionTree - GridSearchCV -EVALUATED
2021-05-03 18:47:38,834 | INFO: Confusion Matrix 
 [[236   2   0]
 [  3 216   7]
 [  0   2 226]]
2021-05-03 18:47:38,836 | INFO: 
Accuracy: 0.98

2021-05-03 18:47:38,858 | INFO: MODEL2 - DecisionTree - GridSearchCV -EVALUATED
