2021-06-03 19:27:13,360 | INFO: 
2021-06-03 19:27:13,360 | INFO: ***************************************************************************************************
2021-06-03 19:27:13,360 | INFO: ***                                                                                             ***
2021-06-03 19:27:13,360 | INFO: ***   NEW RUN                                                                                   ***
2021-06-03 19:27:13,360 | INFO: ***                                                                                             ***
2021-06-03 19:27:13,360 | INFO: ***************************************************************************************************
2021-06-03 19:27:13,360 | INFO: I start to run your Notebook ! -- Good Luck :-) It is:  06/03/2021, 19:27:13
2021-06-03 19:27:14,334 | INFO: 8902 rows and 67 columns read in the CSV file
2021-06-03 19:27:14,348 | INFO: ------------------------------------------------------------------------------
2021-06-03 19:27:14,349 | INFO:      C U S T O M     T R A N S F O R M E R
2021-06-03 19:27:14,349 | INFO: 
2021-06-03 19:27:14,349 | INFO: [{'cols': ['NAV_VOL_SLOPE'], 'method': 'rolling', 'period': [2, 3, 4], 'original': False}, {'cols': ['NAV_PERF_SLOPE'], 'method': 'rolling', 'period': [2, 3, 4], 'original': False}, {'cols': ['BENCH_PERF_SLOPE'], 'method': 'rolling', 'period': [2, 3, 4], 'original': False}, {'cols': ['BENCH_VOL_SLOPE'], 'method': 'rolling', 'period': [2, 3, 4], 'original': False}, {'cols': ['AUM'], 'method': 'rolling', 'period': [2, 3, 4], 'original': False}, {'cols': ['NET_FLOWS'], 'method': 'rolling', 'period': [2, 3, 4], 'original': False}, {'cols': ['IN_FLOWS'], 'method': 'rolling', 'period': [2, 3, 4], 'original': False}, {'cols': ['OUT_FLOWS'], 'method': 'rolling', 'period': [2, 3, 4], 'original': False}, {'cols': ['POSITIVE_RFP'], 'method': 'shift', 'period': [1, 2, 3], 'original': False}, {'cols': ['BENCH_PERF_SLOPE_ERROR'], 'method': 'shift', 'period': [1, 2, 3], 'original': False}, {'cols': ['BENCH_VOL_SLOPE_ERROR'], 'method': 'shift', 'period': [1, 2, 3], 'original': False}, {'cols': ['NAV_PERF_SLOPE_ERROR'], 'method': 'shift', 'period': [1, 2, 3], 'original': False}, {'cols': ['NAV_VOL_SLOPE_ERROR'], 'method': 'shift', 'period': [1, 2, 3], 'original': False}, {'cols': ['EVENT_IMPACT'], 'method': 'ewm', 'period': [1, 3, 6], 'original': False}, {'cols': ['PSU_SCORE'], 'method': 'ewm', 'period': [1, 3, 6], 'original': False}, {'cols': ['DOWNLOADED_DOCUMENTS'], 'method': 'ewm', 'period': [1, 3, 6], 'original': False}]
2021-06-03 19:27:14,357 | INFO: NumExpr defaulting to 8 threads.
2021-06-03 19:27:14,382 | INFO: arriving in fit
2021-06-03 19:27:15,059 | INFO: ///////////////////////////////////////////////
2021-06-03 19:27:15,059 | INFO:           0.42424242424242425
2021-06-03 19:27:15,059 | INFO: ///////////////////////////////////////////////
2021-06-03 19:27:15,141 | INFO: Proba Matrix for the model is
2021-06-03 19:27:15,142 | INFO: [0.014 0.    0.986]
2021-06-03 19:27:15,143 | INFO: arriving in fit
2021-06-03 19:27:15,503 | INFO: ///////////////////////////////////////////////
2021-06-03 19:27:15,503 | INFO:           0.6666666666666666
2021-06-03 19:27:15,503 | INFO: ///////////////////////////////////////////////
2021-06-03 19:27:15,580 | INFO: Proba Matrix for the model is
2021-06-03 19:27:15,580 | INFO: [0. 0. 1.]
2021-06-03 19:27:15,582 | INFO: arriving in fit
2021-06-03 19:27:15,900 | INFO: ///////////////////////////////////////////////
2021-06-03 19:27:15,900 | INFO:           0.38461538461538464
2021-06-03 19:27:15,901 | INFO: ///////////////////////////////////////////////
2021-06-03 19:27:15,979 | INFO: Proba Matrix for the model is
2021-06-03 19:27:15,979 | INFO: [1. 0. 0.]
2021-06-03 19:27:15,981 | INFO: arriving in fit
2021-06-03 19:27:16,284 | INFO: ///////////////////////////////////////////////
2021-06-03 19:27:16,285 | INFO:           0.5454545454545454
2021-06-03 19:27:16,285 | INFO: ///////////////////////////////////////////////
2021-06-03 19:27:16,361 | INFO: Proba Matrix for the model is
2021-06-03 19:27:16,361 | INFO: [0.    0.078 0.922]
2021-06-03 19:27:16,362 | INFO: arriving in fit
2021-06-03 19:27:16,712 | INFO: ///////////////////////////////////////////////
2021-06-03 19:27:16,712 | INFO:           0.4
2021-06-03 19:27:16,712 | INFO: ///////////////////////////////////////////////
2021-06-03 19:27:16,800 | INFO: Proba Matrix for the model is
2021-06-03 19:27:16,800 | INFO: [0.    0.515 0.485]
2021-06-03 19:27:16,801 | INFO: arriving in fit
2021-06-03 19:27:17,127 | INFO: ///////////////////////////////////////////////
2021-06-03 19:27:17,127 | INFO:           0.375
2021-06-03 19:27:17,127 | INFO: ///////////////////////////////////////////////
2021-06-03 19:27:17,210 | INFO: Proba Matrix for the model is
2021-06-03 19:27:17,211 | INFO: [0. 1. 0.]
2021-06-03 19:27:17,213 | INFO: arriving in fit
2021-06-03 19:27:17,573 | INFO: ///////////////////////////////////////////////
2021-06-03 19:27:17,573 | INFO:           0.41379310344827586
2021-06-03 19:27:17,573 | INFO: ///////////////////////////////////////////////
2021-06-03 19:27:17,651 | INFO: Proba Matrix for the model is
2021-06-03 19:27:17,651 | INFO: [0.832 0.168 0.   ]
2021-06-03 19:27:17,653 | INFO: arriving in fit
2021-06-03 19:27:17,988 | INFO: ///////////////////////////////////////////////
2021-06-03 19:27:17,988 | INFO:           0.6333333333333333
2021-06-03 19:27:17,988 | INFO: ///////////////////////////////////////////////
2021-06-03 19:27:18,066 | INFO: Proba Matrix for the model is
2021-06-03 19:27:18,066 | INFO: [0. 1. 0.]
2021-06-03 19:27:18,068 | INFO: arriving in fit
2021-06-03 19:27:18,408 | INFO: ///////////////////////////////////////////////
2021-06-03 19:27:18,408 | INFO:           0.3448275862068966
2021-06-03 19:27:18,408 | INFO: ///////////////////////////////////////////////
2021-06-03 19:27:18,484 | INFO: Proba Matrix for the model is
2021-06-03 19:27:18,484 | INFO: [0.002 0.966 0.032]
2021-06-03 19:27:18,486 | INFO: arriving in fit
2021-06-03 19:27:18,841 | INFO: ///////////////////////////////////////////////
2021-06-03 19:27:18,841 | INFO:           0.6764705882352942
2021-06-03 19:27:18,841 | INFO: ///////////////////////////////////////////////
2021-06-03 19:27:18,917 | INFO: Proba Matrix for the model is
2021-06-03 19:27:18,917 | INFO: [0. 1. 0.]
2021-06-03 19:27:18,919 | INFO: arriving in fit
2021-06-03 19:27:19,225 | INFO: ///////////////////////////////////////////////
2021-06-03 19:27:19,225 | INFO:           0.7333333333333333
2021-06-03 19:27:19,225 | INFO: ///////////////////////////////////////////////
2021-06-03 19:27:19,300 | INFO: Proba Matrix for the model is
2021-06-03 19:27:19,300 | INFO: [0. 1. 0.]
2021-06-03 19:27:19,302 | INFO: arriving in fit
2021-06-03 19:27:19,651 | INFO: ///////////////////////////////////////////////
2021-06-03 19:27:19,651 | INFO:           0.5161290322580645
2021-06-03 19:27:19,651 | INFO: ///////////////////////////////////////////////
2021-06-03 19:27:19,728 | INFO: Proba Matrix for the model is
2021-06-03 19:27:19,728 | INFO: [1. 0. 0.]
2021-06-03 19:27:19,729 | INFO: arriving in fit
2021-06-03 19:27:20,086 | INFO: ///////////////////////////////////////////////
2021-06-03 19:27:20,086 | INFO:           0.46875
2021-06-03 19:27:20,086 | INFO: ///////////////////////////////////////////////
2021-06-03 19:27:20,161 | INFO: Proba Matrix for the model is
2021-06-03 19:27:20,161 | INFO: [0.943 0.057 0.   ]
2021-06-03 19:27:20,163 | INFO: arriving in fit
2021-06-03 19:27:20,463 | INFO: ///////////////////////////////////////////////
2021-06-03 19:27:20,463 | INFO:           0.4782608695652174
2021-06-03 19:27:20,463 | INFO: ///////////////////////////////////////////////
2021-06-03 19:27:20,544 | INFO: Proba Matrix for the model is
2021-06-03 19:27:20,545 | INFO: [0. 0. 1.]
2021-06-03 19:27:20,546 | INFO: arriving in fit
2021-06-03 19:27:20,864 | INFO: ///////////////////////////////////////////////
2021-06-03 19:27:20,864 | INFO:           0.5294117647058824
2021-06-03 19:27:20,864 | INFO: ///////////////////////////////////////////////
2021-06-03 19:27:20,943 | INFO: Proba Matrix for the model is
2021-06-03 19:27:20,943 | INFO: [0. 1. 0.]
2021-06-03 19:27:20,944 | INFO: arriving in fit
2021-06-03 19:27:21,259 | INFO: ///////////////////////////////////////////////
2021-06-03 19:27:21,259 | INFO:           0.5909090909090909
2021-06-03 19:27:21,260 | INFO: ///////////////////////////////////////////////
2021-06-03 19:27:21,341 | INFO: Proba Matrix for the model is
2021-06-03 19:27:21,341 | INFO: [0.999 0.    0.001]
2021-06-03 19:27:21,343 | INFO: arriving in fit
2021-06-03 19:27:21,652 | INFO: ///////////////////////////////////////////////
2021-06-03 19:27:21,652 | INFO:           0.5517241379310345
2021-06-03 19:27:21,652 | INFO: ///////////////////////////////////////////////
2021-06-03 19:27:21,731 | INFO: Proba Matrix for the model is
2021-06-03 19:27:21,731 | INFO: [1. 0. 0.]
2021-06-03 19:27:21,732 | INFO: arriving in fit
2021-06-03 19:27:22,046 | INFO: ///////////////////////////////////////////////
2021-06-03 19:27:22,047 | INFO:           0.5454545454545454
2021-06-03 19:27:22,047 | INFO: ///////////////////////////////////////////////
2021-06-03 19:27:22,123 | INFO: Proba Matrix for the model is
2021-06-03 19:27:22,124 | INFO: [0.996 0.004 0.   ]
2021-06-03 19:27:22,126 | INFO: arriving in fit
2021-06-03 19:27:22,555 | INFO: ///////////////////////////////////////////////
2021-06-03 19:27:22,555 | INFO:           0.20689655172413793
2021-06-03 19:27:22,555 | INFO: ///////////////////////////////////////////////
2021-06-03 19:27:22,638 | INFO: Proba Matrix for the model is
2021-06-03 19:27:22,638 | INFO: [1. 0. 0.]
2021-06-03 19:27:22,640 | INFO: arriving in fit
2021-06-03 19:27:22,996 | INFO: ///////////////////////////////////////////////
2021-06-03 19:27:22,996 | INFO:           0.4666666666666667
2021-06-03 19:27:22,997 | INFO: ///////////////////////////////////////////////
2021-06-03 19:27:23,072 | INFO: Proba Matrix for the model is
2021-06-03 19:27:23,072 | INFO: [0.001 0.999 0.   ]
2021-06-03 19:27:23,074 | INFO: arriving in fit
2021-06-03 19:27:23,428 | INFO: ///////////////////////////////////////////////
2021-06-03 19:27:23,428 | INFO:           0.47058823529411764
2021-06-03 19:27:23,428 | INFO: ///////////////////////////////////////////////
2021-06-03 19:27:23,507 | INFO: Proba Matrix for the model is
2021-06-03 19:27:23,507 | INFO: [0. 1. 0.]
2021-06-03 19:27:23,508 | INFO: arriving in fit
2021-06-03 19:27:23,844 | INFO: ///////////////////////////////////////////////
2021-06-03 19:27:23,844 | INFO:           0.5
2021-06-03 19:27:23,844 | INFO: ///////////////////////////////////////////////
2021-06-03 19:27:23,923 | INFO: Proba Matrix for the model is
2021-06-03 19:27:23,923 | INFO: [1. 0. 0.]
2021-06-03 19:27:23,925 | INFO: arriving in fit
2021-06-03 19:27:24,246 | INFO: ///////////////////////////////////////////////
2021-06-03 19:27:24,251 | INFO:           0.45454545454545453
2021-06-03 19:27:24,252 | INFO: ///////////////////////////////////////////////
2021-06-03 19:27:24,329 | INFO: Proba Matrix for the model is
2021-06-03 19:27:24,329 | INFO: [0.031 0.966 0.003]
2021-06-03 19:27:24,330 | INFO: arriving in fit
2021-06-03 19:27:24,683 | INFO: ///////////////////////////////////////////////
2021-06-03 19:27:24,683 | INFO:           0.45161290322580644
2021-06-03 19:27:24,683 | INFO: ///////////////////////////////////////////////
2021-06-03 19:27:24,761 | INFO: Proba Matrix for the model is
2021-06-03 19:27:24,761 | INFO: [0. 1. 0.]
2021-06-03 19:27:24,763 | INFO: arriving in fit
2021-06-03 19:27:25,121 | INFO: ///////////////////////////////////////////////
2021-06-03 19:27:25,121 | INFO:           0.6129032258064516
2021-06-03 19:27:25,121 | INFO: ///////////////////////////////////////////////
2021-06-03 19:27:25,201 | INFO: Proba Matrix for the model is
2021-06-03 19:27:25,201 | INFO: [0.063 0.006 0.931]
2021-06-03 19:27:25,203 | INFO: arriving in fit
2021-06-03 19:27:25,548 | INFO: ///////////////////////////////////////////////
2021-06-03 19:27:25,548 | INFO:           0.43478260869565216
2021-06-03 19:27:25,548 | INFO: ///////////////////////////////////////////////
2021-06-03 19:27:25,628 | INFO: Proba Matrix for the model is
2021-06-03 19:27:25,628 | INFO: [1. 0. 0.]
2021-06-03 19:27:25,629 | INFO: arriving in fit
2021-06-03 19:27:25,968 | INFO: ///////////////////////////////////////////////
2021-06-03 19:27:25,968 | INFO:           0.5666666666666667
2021-06-03 19:27:25,968 | INFO: ///////////////////////////////////////////////
2021-06-03 19:27:26,051 | INFO: Proba Matrix for the model is
2021-06-03 19:27:26,051 | INFO: [0. 1. 0.]
2021-06-03 19:27:26,053 | INFO: arriving in fit
2021-06-03 19:27:26,416 | INFO: ///////////////////////////////////////////////
2021-06-03 19:27:26,417 | INFO:           0.47058823529411764
2021-06-03 19:27:26,417 | INFO: ///////////////////////////////////////////////
2021-06-03 19:27:26,497 | INFO: Proba Matrix for the model is
2021-06-03 19:27:26,497 | INFO: [1. 0. 0.]
2021-06-03 19:27:26,499 | INFO: arriving in fit
2021-06-03 19:27:26,884 | INFO: ///////////////////////////////////////////////
2021-06-03 19:27:26,885 | INFO:           0.5517241379310345
2021-06-03 19:27:26,885 | INFO: ///////////////////////////////////////////////
2021-06-03 19:27:26,966 | INFO: Proba Matrix for the model is
2021-06-03 19:27:26,967 | INFO: [0. 0. 1.]
2021-06-03 19:27:26,969 | INFO: arriving in fit
2021-06-03 19:27:27,345 | INFO: ///////////////////////////////////////////////
2021-06-03 19:27:27,345 | INFO:           0.5294117647058824
2021-06-03 19:27:27,346 | INFO: ///////////////////////////////////////////////
2021-06-03 19:27:27,428 | INFO: Proba Matrix for the model is
2021-06-03 19:27:27,428 | INFO: [0. 0. 1.]
2021-06-03 19:27:27,429 | INFO: arriving in fit
2021-06-03 19:27:27,839 | INFO: ///////////////////////////////////////////////
2021-06-03 19:27:27,839 | INFO:           0.47058823529411764
2021-06-03 19:27:27,839 | INFO: ///////////////////////////////////////////////
2021-06-03 19:27:27,922 | INFO: Proba Matrix for the model is
2021-06-03 19:27:27,922 | INFO: [1. 0. 0.]
2021-06-03 19:27:27,924 | INFO: arriving in fit
2021-06-03 19:27:28,307 | INFO: ///////////////////////////////////////////////
2021-06-03 19:27:28,307 | INFO:           0.5
2021-06-03 19:27:28,307 | INFO: ///////////////////////////////////////////////
2021-06-03 19:27:28,394 | INFO: Proba Matrix for the model is
2021-06-03 19:27:28,394 | INFO: [0. 0. 1.]
2021-06-03 19:27:28,396 | INFO: arriving in fit
2021-06-03 19:27:28,720 | INFO: ///////////////////////////////////////////////
2021-06-03 19:27:28,720 | INFO:           0.7941176470588235
2021-06-03 19:27:28,720 | INFO: ///////////////////////////////////////////////
2021-06-03 19:27:28,803 | INFO: Proba Matrix for the model is
2021-06-03 19:27:28,803 | INFO: [0. 1. 0.]
2021-06-03 19:27:28,805 | INFO: arriving in fit
2021-06-03 19:27:29,170 | INFO: ///////////////////////////////////////////////
2021-06-03 19:27:29,170 | INFO:           0.47058823529411764
2021-06-03 19:27:29,170 | INFO: ///////////////////////////////////////////////
2021-06-03 19:27:29,256 | INFO: Proba Matrix for the model is
2021-06-03 19:27:29,256 | INFO: [0. 0. 1.]
2021-06-03 19:27:29,258 | INFO: arriving in fit
2021-06-03 19:27:29,627 | INFO: ///////////////////////////////////////////////
2021-06-03 19:27:29,627 | INFO:           0.59375
2021-06-03 19:27:29,627 | INFO: ///////////////////////////////////////////////
2021-06-03 19:27:29,708 | INFO: Proba Matrix for the model is
2021-06-03 19:27:29,711 | INFO: [0.222 0.    0.778]
2021-06-03 19:27:29,714 | INFO: arriving in fit
2021-06-03 19:27:30,038 | INFO: ///////////////////////////////////////////////
2021-06-03 19:27:30,038 | INFO:           0.4444444444444444
2021-06-03 19:27:30,038 | INFO: ///////////////////////////////////////////////
2021-06-03 19:27:30,122 | INFO: Proba Matrix for the model is
2021-06-03 19:27:30,123 | INFO: [0. 1. 0.]
2021-06-03 19:27:30,125 | INFO: arriving in fit
2021-06-03 19:27:30,498 | INFO: ///////////////////////////////////////////////
2021-06-03 19:27:30,498 | INFO:           0.5757575757575758
2021-06-03 19:27:30,498 | INFO: ///////////////////////////////////////////////
2021-06-03 19:27:30,583 | INFO: Proba Matrix for the model is
2021-06-03 19:27:30,583 | INFO: [1. 0. 0.]
2021-06-03 19:27:30,585 | INFO: arriving in fit
2021-06-03 19:27:30,922 | INFO: ///////////////////////////////////////////////
2021-06-03 19:27:30,922 | INFO:           0.375
2021-06-03 19:27:30,922 | INFO: ///////////////////////////////////////////////
2021-06-03 19:27:31,007 | INFO: Proba Matrix for the model is
2021-06-03 19:27:31,007 | INFO: [1. 0. 0.]
2021-06-03 19:27:31,009 | INFO: arriving in fit
2021-06-03 19:27:31,419 | INFO: ///////////////////////////////////////////////
2021-06-03 19:27:31,419 | INFO:           0.4838709677419355
2021-06-03 19:27:31,419 | INFO: ///////////////////////////////////////////////
2021-06-03 19:27:31,505 | INFO: Proba Matrix for the model is
2021-06-03 19:27:31,505 | INFO: [1. 0. 0.]
2021-06-03 19:27:31,507 | INFO: arriving in fit
2021-06-03 19:27:31,877 | INFO: ///////////////////////////////////////////////
2021-06-03 19:27:31,877 | INFO:           0.5625
2021-06-03 19:27:31,877 | INFO: ///////////////////////////////////////////////
2021-06-03 19:27:31,955 | INFO: Proba Matrix for the model is
2021-06-03 19:27:31,955 | INFO: [0. 0. 1.]
2021-06-03 19:27:31,957 | INFO: arriving in fit
2021-06-03 19:27:32,349 | INFO: ///////////////////////////////////////////////
2021-06-03 19:27:32,350 | INFO:           0.46875
2021-06-03 19:27:32,350 | INFO: ///////////////////////////////////////////////
2021-06-03 19:27:32,432 | INFO: Proba Matrix for the model is
2021-06-03 19:27:32,432 | INFO: [0.    0.893 0.107]
2021-06-03 19:27:32,434 | INFO: arriving in fit
2021-06-03 19:27:32,841 | INFO: ///////////////////////////////////////////////
2021-06-03 19:27:32,841 | INFO:           0.5588235294117647
2021-06-03 19:27:32,841 | INFO: ///////////////////////////////////////////////
2021-06-03 19:27:32,924 | INFO: Proba Matrix for the model is
2021-06-03 19:27:32,925 | INFO: [0. 1. 0.]
2021-06-03 19:27:32,927 | INFO: arriving in fit
2021-06-03 19:27:33,331 | INFO: ///////////////////////////////////////////////
2021-06-03 19:27:33,331 | INFO:           0.45454545454545453
2021-06-03 19:27:33,331 | INFO: ///////////////////////////////////////////////
2021-06-03 19:27:33,423 | INFO: Proba Matrix for the model is
2021-06-03 19:27:33,423 | INFO: [1. 0. 0.]
2021-06-03 19:27:33,426 | INFO: arriving in fit
2021-06-03 19:27:33,733 | INFO: ///////////////////////////////////////////////
2021-06-03 19:27:33,733 | INFO:           0.35294117647058826
2021-06-03 19:27:33,733 | INFO: ///////////////////////////////////////////////
2021-06-03 19:27:33,811 | INFO: Proba Matrix for the model is
2021-06-03 19:27:33,812 | INFO: [0.001 0.    0.999]
2021-06-03 19:27:33,813 | INFO: arriving in fit
2021-06-03 19:27:34,268 | INFO: ///////////////////////////////////////////////
2021-06-03 19:27:34,268 | INFO:           0.4666666666666667
2021-06-03 19:27:34,268 | INFO: ///////////////////////////////////////////////
2021-06-03 19:27:34,353 | INFO: Proba Matrix for the model is
2021-06-03 19:27:34,353 | INFO: [0. 1. 0.]
2021-06-03 19:27:34,355 | INFO: arriving in fit
2021-06-03 19:27:34,693 | INFO: ///////////////////////////////////////////////
2021-06-03 19:27:34,693 | INFO:           0.6
2021-06-03 19:27:34,693 | INFO: ///////////////////////////////////////////////
2021-06-03 19:27:34,773 | INFO: Proba Matrix for the model is
2021-06-03 19:27:34,773 | INFO: [0. 0. 1.]
2021-06-03 19:27:34,775 | INFO: arriving in fit
2021-06-03 19:27:35,099 | INFO: ///////////////////////////////////////////////
2021-06-03 19:27:35,099 | INFO:           0.41379310344827586
2021-06-03 19:27:35,099 | INFO: ///////////////////////////////////////////////
2021-06-03 19:27:35,183 | INFO: Proba Matrix for the model is
2021-06-03 19:27:35,183 | INFO: [1. 0. 0.]
2021-06-03 19:27:35,185 | INFO: arriving in fit
2021-06-03 19:27:35,547 | INFO: ///////////////////////////////////////////////
2021-06-03 19:27:35,548 | INFO:           0.45454545454545453
2021-06-03 19:27:35,548 | INFO: ///////////////////////////////////////////////
2021-06-03 19:27:35,630 | INFO: Proba Matrix for the model is
2021-06-03 19:27:35,630 | INFO: [1. 0. 0.]
2021-06-03 19:27:35,632 | INFO: arriving in fit
2021-06-03 19:27:35,930 | INFO: ///////////////////////////////////////////////
2021-06-03 19:27:35,930 | INFO:           0.5555555555555556
2021-06-03 19:27:35,930 | INFO: ///////////////////////////////////////////////
2021-06-03 19:27:36,010 | INFO: Proba Matrix for the model is
2021-06-03 19:27:36,010 | INFO: [0. 0. 1.]
2021-06-03 19:27:36,012 | INFO: arriving in fit
2021-06-03 19:27:36,364 | INFO: ///////////////////////////////////////////////
2021-06-03 19:27:36,364 | INFO:           0.5333333333333333
2021-06-03 19:27:36,364 | INFO: ///////////////////////////////////////////////
2021-06-03 19:27:36,448 | INFO: Proba Matrix for the model is
2021-06-03 19:27:36,448 | INFO: [0. 1. 0.]
2021-06-03 19:27:36,450 | INFO: arriving in fit
2021-06-03 19:27:36,878 | INFO: ///////////////////////////////////////////////
2021-06-03 19:27:36,878 | INFO:           0.4838709677419355
2021-06-03 19:27:36,878 | INFO: ///////////////////////////////////////////////
2021-06-03 19:27:36,965 | INFO: Proba Matrix for the model is
2021-06-03 19:27:36,965 | INFO: [0.019 0.981 0.   ]
2021-06-03 19:27:36,968 | INFO: arriving in fit
2021-06-03 19:27:37,327 | INFO: ///////////////////////////////////////////////
2021-06-03 19:27:37,327 | INFO:           0.4117647058823529
2021-06-03 19:27:37,327 | INFO: ///////////////////////////////////////////////
2021-06-03 19:27:37,409 | INFO: Proba Matrix for the model is
2021-06-03 19:27:37,409 | INFO: [0. 0. 1.]
2021-06-03 19:27:37,410 | INFO: arriving in fit
2021-06-03 19:27:37,755 | INFO: ///////////////////////////////////////////////
2021-06-03 19:27:37,755 | INFO:           0.5151515151515151
2021-06-03 19:27:37,755 | INFO: ///////////////////////////////////////////////
2021-06-03 19:27:37,837 | INFO: Proba Matrix for the model is
2021-06-03 19:27:37,837 | INFO: [1. 0. 0.]
2021-06-03 19:27:37,839 | INFO: arriving in fit
2021-06-03 19:27:38,171 | INFO: ///////////////////////////////////////////////
2021-06-03 19:27:38,171 | INFO:           0.696969696969697
2021-06-03 19:27:38,171 | INFO: ///////////////////////////////////////////////
2021-06-03 19:27:38,255 | INFO: Proba Matrix for the model is
2021-06-03 19:27:38,255 | INFO: [0. 0. 1.]
2021-06-03 19:27:38,257 | INFO: arriving in fit
2021-06-03 19:27:38,621 | INFO: ///////////////////////////////////////////////
2021-06-03 19:27:38,621 | INFO:           0.38235294117647056
2021-06-03 19:27:38,621 | INFO: ///////////////////////////////////////////////
2021-06-03 19:27:38,707 | INFO: Proba Matrix for the model is
2021-06-03 19:27:38,707 | INFO: [1. 0. 0.]
2021-06-03 19:27:38,709 | INFO: arriving in fit
2021-06-03 19:27:39,027 | INFO: ///////////////////////////////////////////////
2021-06-03 19:27:39,027 | INFO:           0.5384615384615384
2021-06-03 19:27:39,027 | INFO: ///////////////////////////////////////////////
2021-06-03 19:27:39,111 | INFO: Proba Matrix for the model is
2021-06-03 19:27:39,111 | INFO: [0. 0. 1.]
2021-06-03 19:27:39,113 | INFO: arriving in fit
2021-06-03 19:27:39,511 | INFO: ///////////////////////////////////////////////
2021-06-03 19:27:39,511 | INFO:           0.5625
2021-06-03 19:27:39,511 | INFO: ///////////////////////////////////////////////
2021-06-03 19:27:39,596 | INFO: Proba Matrix for the model is
2021-06-03 19:27:39,596 | INFO: [0. 1. 0.]
2021-06-03 19:27:39,598 | INFO: arriving in fit
2021-06-03 19:27:39,925 | INFO: ///////////////////////////////////////////////
2021-06-03 19:27:39,925 | INFO:           0.625
2021-06-03 19:27:39,925 | INFO: ///////////////////////////////////////////////
2021-06-03 19:27:40,010 | INFO: Proba Matrix for the model is
2021-06-03 19:27:40,010 | INFO: [0. 1. 0.]
2021-06-03 19:27:40,012 | INFO: arriving in fit
2021-06-03 19:27:40,359 | INFO: ///////////////////////////////////////////////
2021-06-03 19:27:40,359 | INFO:           0.5625
2021-06-03 19:27:40,359 | INFO: ///////////////////////////////////////////////
2021-06-03 19:27:40,439 | INFO: Proba Matrix for the model is
2021-06-03 19:27:40,439 | INFO: [1. 0. 0.]
2021-06-03 19:27:40,441 | INFO: arriving in fit
2021-06-03 19:27:40,801 | INFO: ///////////////////////////////////////////////
2021-06-03 19:27:40,801 | INFO:           0.41935483870967744
2021-06-03 19:27:40,801 | INFO: ///////////////////////////////////////////////
2021-06-03 19:27:40,881 | INFO: Proba Matrix for the model is
2021-06-03 19:27:40,881 | INFO: [0. 0. 1.]
2021-06-03 19:27:40,883 | INFO: arriving in fit
2021-06-03 19:27:41,195 | INFO: ///////////////////////////////////////////////
2021-06-03 19:27:41,196 | INFO:           0.6129032258064516
2021-06-03 19:27:41,196 | INFO: ///////////////////////////////////////////////
2021-06-03 19:27:41,272 | INFO: Proba Matrix for the model is
2021-06-03 19:27:41,272 | INFO: [0. 0. 1.]
2021-06-03 19:27:41,274 | INFO: arriving in fit
2021-06-03 19:27:41,606 | INFO: ///////////////////////////////////////////////
2021-06-03 19:27:41,607 | INFO:           0.4642857142857143
2021-06-03 19:27:41,607 | INFO: ///////////////////////////////////////////////
2021-06-03 19:27:41,685 | INFO: Proba Matrix for the model is
2021-06-03 19:27:41,685 | INFO: [0. 0. 1.]
2021-06-03 19:27:41,687 | INFO: arriving in fit
2021-06-03 19:27:42,026 | INFO: ///////////////////////////////////////////////
2021-06-03 19:27:42,026 | INFO:           0.3125
2021-06-03 19:27:42,026 | INFO: ///////////////////////////////////////////////
2021-06-03 19:27:42,105 | INFO: Proba Matrix for the model is
2021-06-03 19:27:42,105 | INFO: [0. 0. 1.]
2021-06-03 19:27:42,107 | INFO: arriving in fit
2021-06-03 19:27:42,421 | INFO: ///////////////////////////////////////////////
2021-06-03 19:27:42,421 | INFO:           0.45
2021-06-03 19:27:42,421 | INFO: ///////////////////////////////////////////////
2021-06-03 19:27:42,499 | INFO: Proba Matrix for the model is
2021-06-03 19:27:42,499 | INFO: [0.    0.023 0.977]
2021-06-03 19:27:42,501 | INFO: arriving in fit
2021-06-03 19:27:42,805 | INFO: ///////////////////////////////////////////////
2021-06-03 19:27:42,805 | INFO:           0.5238095238095238
2021-06-03 19:27:42,805 | INFO: ///////////////////////////////////////////////
2021-06-03 19:27:42,888 | INFO: Proba Matrix for the model is
2021-06-03 19:27:42,888 | INFO: [0.    0.002 0.998]
2021-06-03 19:27:42,889 | INFO: arriving in fit
2021-06-03 19:27:43,184 | INFO: ///////////////////////////////////////////////
2021-06-03 19:27:43,184 | INFO:           0.36363636363636365
2021-06-03 19:27:43,184 | INFO: ///////////////////////////////////////////////
2021-06-03 19:27:43,264 | INFO: Proba Matrix for the model is
2021-06-03 19:27:43,264 | INFO: [0.794 0.047 0.158]
2021-06-03 19:27:43,266 | INFO: arriving in fit
2021-06-03 19:27:43,584 | INFO: ///////////////////////////////////////////////
2021-06-03 19:27:43,584 | INFO:           0.5185185185185185
2021-06-03 19:27:43,584 | INFO: ///////////////////////////////////////////////
2021-06-03 19:27:43,666 | INFO: Proba Matrix for the model is
2021-06-03 19:27:43,666 | INFO: [0. 1. 0.]
2021-06-03 19:27:43,668 | INFO: arriving in fit
2021-06-03 19:27:43,975 | INFO: ///////////////////////////////////////////////
2021-06-03 19:27:43,975 | INFO:           0.6
2021-06-03 19:27:43,975 | INFO: ///////////////////////////////////////////////
2021-06-03 19:27:44,057 | INFO: Proba Matrix for the model is
2021-06-03 19:27:44,057 | INFO: [0. 1. 0.]
2021-06-03 19:27:44,058 | INFO: arriving in fit
2021-06-03 19:27:44,376 | INFO: ///////////////////////////////////////////////
2021-06-03 19:27:44,376 | INFO:           0.5416666666666666
2021-06-03 19:27:44,376 | INFO: ///////////////////////////////////////////////
2021-06-03 19:27:44,458 | INFO: Proba Matrix for the model is
2021-06-03 19:27:44,458 | INFO: [1. 0. 0.]
2021-06-03 19:27:44,460 | INFO: arriving in fit
2021-06-03 19:27:44,783 | INFO: ///////////////////////////////////////////////
2021-06-03 19:27:44,783 | INFO:           0.6153846153846154
2021-06-03 19:27:44,783 | INFO: ///////////////////////////////////////////////
2021-06-03 19:27:44,868 | INFO: Proba Matrix for the model is
2021-06-03 19:27:44,868 | INFO: [0.016 0.984 0.   ]
2021-06-03 19:27:44,869 | INFO: arriving in fit
2021-06-03 19:27:45,193 | INFO: ///////////////////////////////////////////////
2021-06-03 19:27:45,193 | INFO:           0.5
2021-06-03 19:27:45,193 | INFO: ///////////////////////////////////////////////
2021-06-03 19:27:45,272 | INFO: Proba Matrix for the model is
2021-06-03 19:27:45,272 | INFO: [0. 0. 1.]
2021-06-03 19:27:45,274 | INFO: arriving in fit
2021-06-03 19:27:45,602 | INFO: ///////////////////////////////////////////////
2021-06-03 19:27:45,602 | INFO:           0.4
2021-06-03 19:27:45,602 | INFO: ///////////////////////////////////////////////
2021-06-03 19:27:45,686 | INFO: Proba Matrix for the model is
2021-06-03 19:27:45,686 | INFO: [1. 0. 0.]
2021-06-03 19:27:45,688 | INFO: arriving in fit
2021-06-03 19:27:46,007 | INFO: ///////////////////////////////////////////////
2021-06-03 19:27:46,008 | INFO:           0.6956521739130435
2021-06-03 19:27:46,008 | INFO: ///////////////////////////////////////////////
2021-06-03 19:27:46,089 | INFO: Proba Matrix for the model is
2021-06-03 19:27:46,089 | INFO: [0. 1. 0.]
2021-06-03 19:27:46,091 | INFO: arriving in fit
2021-06-03 19:27:46,430 | INFO: ///////////////////////////////////////////////
2021-06-03 19:27:46,430 | INFO:           0.5
2021-06-03 19:27:46,430 | INFO: ///////////////////////////////////////////////
2021-06-03 19:27:46,514 | INFO: Proba Matrix for the model is
2021-06-03 19:27:46,514 | INFO: [0. 0. 1.]
2021-06-03 19:27:46,516 | INFO: arriving in fit
2021-06-03 19:27:46,846 | INFO: ///////////////////////////////////////////////
2021-06-03 19:27:46,846 | INFO:           0.7142857142857143
2021-06-03 19:27:46,847 | INFO: ///////////////////////////////////////////////
2021-06-03 19:27:46,929 | INFO: Proba Matrix for the model is
2021-06-03 19:27:46,930 | INFO: [1. 0. 0.]
2021-06-03 19:27:46,932 | INFO: arriving in fit
2021-06-03 19:27:47,264 | INFO: ///////////////////////////////////////////////
2021-06-03 19:27:47,264 | INFO:           0.3333333333333333
2021-06-03 19:27:47,264 | INFO: ///////////////////////////////////////////////
2021-06-03 19:27:47,350 | INFO: Proba Matrix for the model is
2021-06-03 19:27:47,350 | INFO: [0. 1. 0.]
2021-06-03 19:27:47,352 | INFO: arriving in fit
2021-06-03 19:27:47,672 | INFO: ///////////////////////////////////////////////
2021-06-03 19:27:47,672 | INFO:           0.5
2021-06-03 19:27:47,672 | INFO: ///////////////////////////////////////////////
2021-06-03 19:27:47,756 | INFO: Proba Matrix for the model is
2021-06-03 19:27:47,756 | INFO: [0.676 0.062 0.262]
2021-06-03 19:27:47,758 | INFO: arriving in fit
2021-06-03 19:27:48,082 | INFO: ///////////////////////////////////////////////
2021-06-03 19:27:48,082 | INFO:           0.42105263157894735
2021-06-03 19:27:48,082 | INFO: ///////////////////////////////////////////////
2021-06-03 19:27:48,164 | INFO: Proba Matrix for the model is
2021-06-03 19:27:48,164 | INFO: [0. 0. 1.]
2021-06-03 19:27:48,166 | INFO: arriving in fit
2021-06-03 19:27:48,474 | INFO: ///////////////////////////////////////////////
2021-06-03 19:27:48,474 | INFO:           0.75
2021-06-03 19:27:48,474 | INFO: ///////////////////////////////////////////////
2021-06-03 19:27:48,557 | INFO: Proba Matrix for the model is
2021-06-03 19:27:48,558 | INFO: [0. 0. 1.]
2021-06-03 19:27:48,560 | INFO: arriving in fit
2021-06-03 19:27:48,868 | INFO: ///////////////////////////////////////////////
2021-06-03 19:27:48,868 | INFO:           0.6363636363636364
2021-06-03 19:27:48,868 | INFO: ///////////////////////////////////////////////
2021-06-03 19:27:48,952 | INFO: Proba Matrix for the model is
2021-06-03 19:27:48,952 | INFO: [0.533 0.    0.467]
2021-06-03 19:27:48,954 | INFO: arriving in fit
2021-06-03 19:27:49,305 | INFO: ///////////////////////////////////////////////
2021-06-03 19:27:49,305 | INFO:           0.4
2021-06-03 19:27:49,305 | INFO: ///////////////////////////////////////////////
2021-06-03 19:27:49,397 | INFO: Proba Matrix for the model is
2021-06-03 19:27:49,397 | INFO: [0.    0.999 0.001]
2021-06-03 19:27:49,412 | INFO: ***********************************************************************************************
2021-06-03 19:27:49,412 | INFO: End of the Notebook in 0:00:36.053091  ! -- It is:  
2021-06-03 19:27:49,412 | INFO: 06/03/2021, 19:27:49
