2021-06-03 19:45:00,503 | INFO: 
2021-06-03 19:45:00,503 | INFO: ***************************************************************************************************
2021-06-03 19:45:00,503 | INFO: ***                                                                                             ***
2021-06-03 19:45:00,503 | INFO: ***   NEW RUN                                                                                   ***
2021-06-03 19:45:00,503 | INFO: ***                                                                                             ***
2021-06-03 19:45:00,503 | INFO: ***************************************************************************************************
2021-06-03 19:45:00,503 | INFO: I start to run your Notebook ! -- Good Luck :-) It is:  06/03/2021, 19:45:00
2021-06-03 19:45:01,691 | INFO: 8902 rows and 67 columns read in the CSV file
2021-06-03 19:45:01,706 | INFO: ------------------------------------------------------------------------------
2021-06-03 19:45:01,707 | INFO:      C U S T O M     T R A N S F O R M E R
2021-06-03 19:45:01,707 | INFO: 
2021-06-03 19:45:01,707 | INFO: [{'cols': ['NAV_VOL_SLOPE'], 'method': 'rolling', 'period': [1, 2, 3, 4], 'original': False}, {'cols': ['NAV_PERF_SLOPE'], 'method': 'rolling', 'period': [1, 2, 3, 4], 'original': False}, {'cols': ['BENCH_PERF_SLOPE'], 'method': 'rolling', 'period': [1, 2, 3, 4], 'original': False}, {'cols': ['BENCH_VOL_SLOPE'], 'method': 'rolling', 'period': [1, 2, 3, 4], 'original': False}, {'cols': ['AUM'], 'method': 'rolling', 'period': [1, 2, 3, 4], 'original': False}, {'cols': ['NET_FLOWS'], 'method': 'rolling', 'period': [1, 2, 3, 4], 'original': False}, {'cols': ['IN_FLOWS'], 'method': 'rolling', 'period': [1, 2, 3, 4], 'original': False}, {'cols': ['OUT_FLOWS'], 'method': 'rolling', 'period': [1, 2, 3, 4], 'original': False}, {'cols': ['POSITIVE_RFP'], 'method': 'shift', 'period': [1, 2, 3], 'original': False}, {'cols': ['BENCH_PERF_SLOPE_ERROR'], 'method': 'shift', 'period': [1, 2, 3], 'original': False}, {'cols': ['BENCH_VOL_SLOPE_ERROR'], 'method': 'shift', 'period': [1, 2, 3], 'original': False}, {'cols': ['NAV_PERF_SLOPE_ERROR'], 'method': 'shift', 'period': [1, 2, 3], 'original': False}, {'cols': ['NAV_VOL_SLOPE_ERROR'], 'method': 'shift', 'period': [1, 2, 3], 'original': False}, {'cols': ['EVENT_IMPACT'], 'method': 'ewm', 'period': [1, 3, 6], 'original': False}, {'cols': ['PSU_SCORE'], 'method': 'ewm', 'period': [1, 3, 6], 'original': False}, {'cols': ['DOWNLOADED_DOCUMENTS'], 'method': 'ewm', 'period': [1, 3, 6], 'original': False}]
2021-06-03 19:45:01,717 | INFO: NumExpr defaulting to 8 threads.
2021-06-03 19:45:01,743 | INFO: arriving in fit
2021-06-03 19:45:02,377 | INFO: ///////////////////////////////////////////////
2021-06-03 19:45:02,377 | INFO:           0.42424242424242425
2021-06-03 19:45:02,378 | INFO: ///////////////////////////////////////////////
2021-06-03 19:45:02,456 | INFO: Proba Matrix for the model is
2021-06-03 19:45:02,457 | INFO: [0.014 0.    0.986]
2021-06-03 19:45:02,459 | INFO: arriving in fit
2021-06-03 19:45:02,808 | INFO: ///////////////////////////////////////////////
2021-06-03 19:45:02,809 | INFO:           0.6666666666666666
2021-06-03 19:45:02,809 | INFO: ///////////////////////////////////////////////
2021-06-03 19:45:02,885 | INFO: Proba Matrix for the model is
2021-06-03 19:45:02,885 | INFO: [0. 0. 1.]
2021-06-03 19:45:02,887 | INFO: arriving in fit
2021-06-03 19:45:03,197 | INFO: ///////////////////////////////////////////////
2021-06-03 19:45:03,197 | INFO:           0.38461538461538464
2021-06-03 19:45:03,197 | INFO: ///////////////////////////////////////////////
2021-06-03 19:45:03,270 | INFO: Proba Matrix for the model is
2021-06-03 19:45:03,270 | INFO: [1. 0. 0.]
2021-06-03 19:45:03,272 | INFO: arriving in fit
2021-06-03 19:45:03,565 | INFO: ///////////////////////////////////////////////
2021-06-03 19:45:03,566 | INFO:           0.5454545454545454
2021-06-03 19:45:03,566 | INFO: ///////////////////////////////////////////////
2021-06-03 19:45:03,639 | INFO: Proba Matrix for the model is
2021-06-03 19:45:03,647 | INFO: [0.    0.078 0.922]
2021-06-03 19:45:03,649 | INFO: arriving in fit
2021-06-03 19:45:03,996 | INFO: ///////////////////////////////////////////////
2021-06-03 19:45:03,996 | INFO:           0.4
2021-06-03 19:45:03,996 | INFO: ///////////////////////////////////////////////
2021-06-03 19:45:04,094 | INFO: Proba Matrix for the model is
2021-06-03 19:45:04,094 | INFO: [0.    0.515 0.485]
2021-06-03 19:45:04,096 | INFO: arriving in fit
2021-06-03 19:45:04,434 | INFO: ///////////////////////////////////////////////
2021-06-03 19:45:04,434 | INFO:           0.375
2021-06-03 19:45:04,434 | INFO: ///////////////////////////////////////////////
2021-06-03 19:45:04,511 | INFO: Proba Matrix for the model is
2021-06-03 19:45:04,511 | INFO: [0. 1. 0.]
2021-06-03 19:45:04,512 | INFO: arriving in fit
2021-06-03 19:45:04,860 | INFO: ///////////////////////////////////////////////
2021-06-03 19:45:04,860 | INFO:           0.41379310344827586
2021-06-03 19:45:04,860 | INFO: ///////////////////////////////////////////////
2021-06-03 19:45:04,947 | INFO: Proba Matrix for the model is
2021-06-03 19:45:04,947 | INFO: [0.832 0.168 0.   ]
2021-06-03 19:45:04,949 | INFO: arriving in fit
2021-06-03 19:45:05,302 | INFO: ///////////////////////////////////////////////
2021-06-03 19:45:05,302 | INFO:           0.6333333333333333
2021-06-03 19:45:05,302 | INFO: ///////////////////////////////////////////////
2021-06-03 19:45:05,388 | INFO: Proba Matrix for the model is
2021-06-03 19:45:05,388 | INFO: [0. 1. 0.]
2021-06-03 19:45:05,390 | INFO: arriving in fit
2021-06-03 19:45:05,748 | INFO: ///////////////////////////////////////////////
2021-06-03 19:45:05,749 | INFO:           0.3448275862068966
2021-06-03 19:45:05,749 | INFO: ///////////////////////////////////////////////
2021-06-03 19:45:05,833 | INFO: Proba Matrix for the model is
2021-06-03 19:45:05,833 | INFO: [0.002 0.966 0.032]
2021-06-03 19:45:05,835 | INFO: arriving in fit
2021-06-03 19:45:06,233 | INFO: ///////////////////////////////////////////////
2021-06-03 19:45:06,233 | INFO:           0.6764705882352942
2021-06-03 19:45:06,233 | INFO: ///////////////////////////////////////////////
2021-06-03 19:45:06,322 | INFO: Proba Matrix for the model is
2021-06-03 19:45:06,322 | INFO: [0. 1. 0.]
2021-06-03 19:45:06,324 | INFO: arriving in fit
2021-06-03 19:45:06,654 | INFO: ///////////////////////////////////////////////
2021-06-03 19:45:06,655 | INFO:           0.7333333333333333
2021-06-03 19:45:06,655 | INFO: ///////////////////////////////////////////////
2021-06-03 19:45:06,731 | INFO: Proba Matrix for the model is
2021-06-03 19:45:06,731 | INFO: [0. 1. 0.]
2021-06-03 19:45:06,733 | INFO: arriving in fit
2021-06-03 19:45:07,081 | INFO: ///////////////////////////////////////////////
2021-06-03 19:45:07,081 | INFO:           0.5161290322580645
2021-06-03 19:45:07,081 | INFO: ///////////////////////////////////////////////
2021-06-03 19:45:07,155 | INFO: Proba Matrix for the model is
2021-06-03 19:45:07,155 | INFO: [1. 0. 0.]
2021-06-03 19:45:07,157 | INFO: arriving in fit
2021-06-03 19:45:07,510 | INFO: ///////////////////////////////////////////////
2021-06-03 19:45:07,510 | INFO:           0.46875
2021-06-03 19:45:07,511 | INFO: ///////////////////////////////////////////////
2021-06-03 19:45:07,585 | INFO: Proba Matrix for the model is
2021-06-03 19:45:07,585 | INFO: [0.943 0.057 0.   ]
2021-06-03 19:45:07,587 | INFO: arriving in fit
2021-06-03 19:45:07,878 | INFO: ///////////////////////////////////////////////
2021-06-03 19:45:07,878 | INFO:           0.4782608695652174
2021-06-03 19:45:07,879 | INFO: ///////////////////////////////////////////////
2021-06-03 19:45:07,954 | INFO: Proba Matrix for the model is
2021-06-03 19:45:07,954 | INFO: [0. 0. 1.]
2021-06-03 19:45:07,956 | INFO: arriving in fit
2021-06-03 19:45:08,262 | INFO: ///////////////////////////////////////////////
2021-06-03 19:45:08,262 | INFO:           0.5294117647058824
2021-06-03 19:45:08,262 | INFO: ///////////////////////////////////////////////
2021-06-03 19:45:08,340 | INFO: Proba Matrix for the model is
2021-06-03 19:45:08,340 | INFO: [0. 1. 0.]
2021-06-03 19:45:08,342 | INFO: arriving in fit
2021-06-03 19:45:08,642 | INFO: ///////////////////////////////////////////////
2021-06-03 19:45:08,642 | INFO:           0.5909090909090909
2021-06-03 19:45:08,642 | INFO: ///////////////////////////////////////////////
2021-06-03 19:45:08,716 | INFO: Proba Matrix for the model is
2021-06-03 19:45:08,716 | INFO: [0.999 0.    0.001]
2021-06-03 19:45:08,718 | INFO: arriving in fit
2021-06-03 19:45:09,016 | INFO: ///////////////////////////////////////////////
2021-06-03 19:45:09,016 | INFO:           0.5517241379310345
2021-06-03 19:45:09,016 | INFO: ///////////////////////////////////////////////
2021-06-03 19:45:09,100 | INFO: Proba Matrix for the model is
2021-06-03 19:45:09,100 | INFO: [1. 0. 0.]
2021-06-03 19:45:09,102 | INFO: arriving in fit
2021-06-03 19:45:09,448 | INFO: ///////////////////////////////////////////////
2021-06-03 19:45:09,448 | INFO:           0.5454545454545454
2021-06-03 19:45:09,448 | INFO: ///////////////////////////////////////////////
2021-06-03 19:45:09,528 | INFO: Proba Matrix for the model is
2021-06-03 19:45:09,528 | INFO: [0.996 0.004 0.   ]
2021-06-03 19:45:09,529 | INFO: arriving in fit
2021-06-03 19:45:09,924 | INFO: ///////////////////////////////////////////////
2021-06-03 19:45:09,924 | INFO:           0.20689655172413793
2021-06-03 19:45:09,924 | INFO: ///////////////////////////////////////////////
2021-06-03 19:45:10,002 | INFO: Proba Matrix for the model is
2021-06-03 19:45:10,002 | INFO: [1. 0. 0.]
2021-06-03 19:45:10,004 | INFO: arriving in fit
2021-06-03 19:45:10,355 | INFO: ///////////////////////////////////////////////
2021-06-03 19:45:10,363 | INFO:           0.4666666666666667
2021-06-03 19:45:10,363 | INFO: ///////////////////////////////////////////////
2021-06-03 19:45:10,440 | INFO: Proba Matrix for the model is
2021-06-03 19:45:10,440 | INFO: [0.001 0.999 0.   ]
2021-06-03 19:45:10,443 | INFO: arriving in fit
2021-06-03 19:45:10,807 | INFO: ///////////////////////////////////////////////
2021-06-03 19:45:10,807 | INFO:           0.47058823529411764
2021-06-03 19:45:10,807 | INFO: ///////////////////////////////////////////////
2021-06-03 19:45:10,884 | INFO: Proba Matrix for the model is
2021-06-03 19:45:10,884 | INFO: [0. 1. 0.]
2021-06-03 19:45:10,886 | INFO: arriving in fit
2021-06-03 19:45:11,224 | INFO: ///////////////////////////////////////////////
2021-06-03 19:45:11,225 | INFO:           0.5
2021-06-03 19:45:11,225 | INFO: ///////////////////////////////////////////////
2021-06-03 19:45:11,302 | INFO: Proba Matrix for the model is
2021-06-03 19:45:11,302 | INFO: [1. 0. 0.]
2021-06-03 19:45:11,304 | INFO: arriving in fit
2021-06-03 19:45:11,641 | INFO: ///////////////////////////////////////////////
2021-06-03 19:45:11,641 | INFO:           0.45454545454545453
2021-06-03 19:45:11,641 | INFO: ///////////////////////////////////////////////
2021-06-03 19:45:11,718 | INFO: Proba Matrix for the model is
2021-06-03 19:45:11,719 | INFO: [0.031 0.966 0.003]
2021-06-03 19:45:11,720 | INFO: arriving in fit
2021-06-03 19:45:12,073 | INFO: ///////////////////////////////////////////////
2021-06-03 19:45:12,073 | INFO:           0.45161290322580644
2021-06-03 19:45:12,073 | INFO: ///////////////////////////////////////////////
2021-06-03 19:45:12,150 | INFO: Proba Matrix for the model is
2021-06-03 19:45:12,150 | INFO: [0. 1. 0.]
2021-06-03 19:45:12,152 | INFO: arriving in fit
2021-06-03 19:45:12,504 | INFO: ///////////////////////////////////////////////
2021-06-03 19:45:12,504 | INFO:           0.6129032258064516
2021-06-03 19:45:12,504 | INFO: ///////////////////////////////////////////////
2021-06-03 19:45:12,583 | INFO: Proba Matrix for the model is
2021-06-03 19:45:12,583 | INFO: [0.063 0.006 0.931]
2021-06-03 19:45:12,585 | INFO: arriving in fit
2021-06-03 19:45:12,937 | INFO: ///////////////////////////////////////////////
2021-06-03 19:45:12,937 | INFO:           0.43478260869565216
2021-06-03 19:45:12,937 | INFO: ///////////////////////////////////////////////
2021-06-03 19:45:13,019 | INFO: Proba Matrix for the model is
2021-06-03 19:45:13,019 | INFO: [1. 0. 0.]
2021-06-03 19:45:13,021 | INFO: arriving in fit
2021-06-03 19:45:13,363 | INFO: ///////////////////////////////////////////////
2021-06-03 19:45:13,363 | INFO:           0.5666666666666667
2021-06-03 19:45:13,363 | INFO: ///////////////////////////////////////////////
2021-06-03 19:45:13,448 | INFO: Proba Matrix for the model is
2021-06-03 19:45:13,448 | INFO: [0. 1. 0.]
2021-06-03 19:45:13,451 | INFO: arriving in fit
2021-06-03 19:45:13,814 | INFO: ///////////////////////////////////////////////
2021-06-03 19:45:13,814 | INFO:           0.47058823529411764
2021-06-03 19:45:13,814 | INFO: ///////////////////////////////////////////////
2021-06-03 19:45:13,897 | INFO: Proba Matrix for the model is
2021-06-03 19:45:13,898 | INFO: [1. 0. 0.]
2021-06-03 19:45:13,900 | INFO: arriving in fit
2021-06-03 19:45:14,364 | INFO: ///////////////////////////////////////////////
2021-06-03 19:45:14,365 | INFO:           0.5517241379310345
2021-06-03 19:45:14,365 | INFO: ///////////////////////////////////////////////
2021-06-03 19:45:14,446 | INFO: Proba Matrix for the model is
2021-06-03 19:45:14,446 | INFO: [0. 0. 1.]
2021-06-03 19:45:14,449 | INFO: arriving in fit
2021-06-03 19:45:14,825 | INFO: ///////////////////////////////////////////////
2021-06-03 19:45:14,825 | INFO:           0.5294117647058824
2021-06-03 19:45:14,825 | INFO: ///////////////////////////////////////////////
2021-06-03 19:45:14,909 | INFO: Proba Matrix for the model is
2021-06-03 19:45:14,909 | INFO: [0. 0. 1.]
2021-06-03 19:45:14,911 | INFO: arriving in fit
2021-06-03 19:45:15,313 | INFO: ///////////////////////////////////////////////
2021-06-03 19:45:15,313 | INFO:           0.47058823529411764
2021-06-03 19:45:15,313 | INFO: ///////////////////////////////////////////////
2021-06-03 19:45:15,395 | INFO: Proba Matrix for the model is
2021-06-03 19:45:15,395 | INFO: [1. 0. 0.]
2021-06-03 19:45:15,398 | INFO: arriving in fit
2021-06-03 19:45:15,776 | INFO: ///////////////////////////////////////////////
2021-06-03 19:45:15,776 | INFO:           0.5
2021-06-03 19:45:15,776 | INFO: ///////////////////////////////////////////////
2021-06-03 19:45:15,859 | INFO: Proba Matrix for the model is
2021-06-03 19:45:15,859 | INFO: [0. 0. 1.]
2021-06-03 19:45:15,861 | INFO: arriving in fit
2021-06-03 19:45:16,193 | INFO: ///////////////////////////////////////////////
2021-06-03 19:45:16,193 | INFO:           0.7941176470588235
2021-06-03 19:45:16,193 | INFO: ///////////////////////////////////////////////
2021-06-03 19:45:16,275 | INFO: Proba Matrix for the model is
2021-06-03 19:45:16,275 | INFO: [0. 1. 0.]
2021-06-03 19:45:16,278 | INFO: arriving in fit
2021-06-03 19:45:16,636 | INFO: ///////////////////////////////////////////////
2021-06-03 19:45:16,636 | INFO:           0.47058823529411764
2021-06-03 19:45:16,636 | INFO: ///////////////////////////////////////////////
2021-06-03 19:45:16,723 | INFO: Proba Matrix for the model is
2021-06-03 19:45:16,724 | INFO: [0. 0. 1.]
2021-06-03 19:45:16,725 | INFO: arriving in fit
2021-06-03 19:45:17,059 | INFO: ///////////////////////////////////////////////
2021-06-03 19:45:17,059 | INFO:           0.59375
2021-06-03 19:45:17,059 | INFO: ///////////////////////////////////////////////
2021-06-03 19:45:17,144 | INFO: Proba Matrix for the model is
2021-06-03 19:45:17,144 | INFO: [0.222 0.    0.778]
2021-06-03 19:45:17,146 | INFO: arriving in fit
2021-06-03 19:45:17,485 | INFO: ///////////////////////////////////////////////
2021-06-03 19:45:17,500 | INFO:           0.4444444444444444
2021-06-03 19:45:17,500 | INFO: ///////////////////////////////////////////////
2021-06-03 19:45:17,577 | INFO: Proba Matrix for the model is
2021-06-03 19:45:17,577 | INFO: [0. 1. 0.]
2021-06-03 19:45:17,579 | INFO: arriving in fit
2021-06-03 19:45:17,951 | INFO: ///////////////////////////////////////////////
2021-06-03 19:45:17,951 | INFO:           0.5757575757575758
2021-06-03 19:45:17,951 | INFO: ///////////////////////////////////////////////
2021-06-03 19:45:18,032 | INFO: Proba Matrix for the model is
2021-06-03 19:45:18,033 | INFO: [1. 0. 0.]
2021-06-03 19:45:18,035 | INFO: arriving in fit
2021-06-03 19:45:18,380 | INFO: ///////////////////////////////////////////////
2021-06-03 19:45:18,380 | INFO:           0.375
2021-06-03 19:45:18,380 | INFO: ///////////////////////////////////////////////
2021-06-03 19:45:18,468 | INFO: Proba Matrix for the model is
2021-06-03 19:45:18,468 | INFO: [1. 0. 0.]
2021-06-03 19:45:18,470 | INFO: arriving in fit
2021-06-03 19:45:18,884 | INFO: ///////////////////////////////////////////////
2021-06-03 19:45:18,887 | INFO:           0.4838709677419355
2021-06-03 19:45:18,887 | INFO: ///////////////////////////////////////////////
2021-06-03 19:45:18,970 | INFO: Proba Matrix for the model is
2021-06-03 19:45:18,971 | INFO: [1. 0. 0.]
2021-06-03 19:45:18,972 | INFO: arriving in fit
2021-06-03 19:45:19,358 | INFO: ///////////////////////////////////////////////
2021-06-03 19:45:19,364 | INFO:           0.5625
2021-06-03 19:45:19,365 | INFO: ///////////////////////////////////////////////
2021-06-03 19:45:19,448 | INFO: Proba Matrix for the model is
2021-06-03 19:45:19,448 | INFO: [0. 0. 1.]
2021-06-03 19:45:19,451 | INFO: arriving in fit
2021-06-03 19:45:19,844 | INFO: ///////////////////////////////////////////////
2021-06-03 19:45:19,844 | INFO:           0.46875
2021-06-03 19:45:19,844 | INFO: ///////////////////////////////////////////////
2021-06-03 19:45:19,923 | INFO: Proba Matrix for the model is
2021-06-03 19:45:19,926 | INFO: [0.    0.893 0.107]
2021-06-03 19:45:19,929 | INFO: arriving in fit
2021-06-03 19:45:20,331 | INFO: ///////////////////////////////////////////////
2021-06-03 19:45:20,331 | INFO:           0.5588235294117647
2021-06-03 19:45:20,331 | INFO: ///////////////////////////////////////////////
2021-06-03 19:45:20,414 | INFO: Proba Matrix for the model is
2021-06-03 19:45:20,414 | INFO: [0. 1. 0.]
2021-06-03 19:45:20,416 | INFO: arriving in fit
2021-06-03 19:45:20,798 | INFO: ///////////////////////////////////////////////
2021-06-03 19:45:20,798 | INFO:           0.45454545454545453
2021-06-03 19:45:20,798 | INFO: ///////////////////////////////////////////////
2021-06-03 19:45:20,880 | INFO: Proba Matrix for the model is
2021-06-03 19:45:20,880 | INFO: [1. 0. 0.]
2021-06-03 19:45:20,882 | INFO: arriving in fit
2021-06-03 19:45:21,193 | INFO: ///////////////////////////////////////////////
2021-06-03 19:45:21,193 | INFO:           0.35294117647058826
2021-06-03 19:45:21,193 | INFO: ///////////////////////////////////////////////
2021-06-03 19:45:21,271 | INFO: Proba Matrix for the model is
2021-06-03 19:45:21,271 | INFO: [0.001 0.    0.999]
2021-06-03 19:45:21,273 | INFO: arriving in fit
2021-06-03 19:45:21,716 | INFO: ///////////////////////////////////////////////
2021-06-03 19:45:21,716 | INFO:           0.4666666666666667
2021-06-03 19:45:21,716 | INFO: ///////////////////////////////////////////////
2021-06-03 19:45:21,797 | INFO: Proba Matrix for the model is
2021-06-03 19:45:21,797 | INFO: [0. 1. 0.]
2021-06-03 19:45:21,799 | INFO: arriving in fit
2021-06-03 19:45:22,146 | INFO: ///////////////////////////////////////////////
2021-06-03 19:45:22,146 | INFO:           0.6
2021-06-03 19:45:22,146 | INFO: ///////////////////////////////////////////////
2021-06-03 19:45:22,232 | INFO: Proba Matrix for the model is
2021-06-03 19:45:22,232 | INFO: [0. 0. 1.]
2021-06-03 19:45:22,234 | INFO: arriving in fit
2021-06-03 19:45:22,562 | INFO: ///////////////////////////////////////////////
2021-06-03 19:45:22,563 | INFO:           0.41379310344827586
2021-06-03 19:45:22,563 | INFO: ///////////////////////////////////////////////
2021-06-03 19:45:22,647 | INFO: Proba Matrix for the model is
2021-06-03 19:45:22,657 | INFO: [1. 0. 0.]
2021-06-03 19:45:22,660 | INFO: arriving in fit
2021-06-03 19:45:23,006 | INFO: ///////////////////////////////////////////////
2021-06-03 19:45:23,006 | INFO:           0.45454545454545453
2021-06-03 19:45:23,006 | INFO: ///////////////////////////////////////////////
2021-06-03 19:45:23,091 | INFO: Proba Matrix for the model is
2021-06-03 19:45:23,091 | INFO: [1. 0. 0.]
2021-06-03 19:45:23,093 | INFO: arriving in fit
2021-06-03 19:45:23,386 | INFO: ///////////////////////////////////////////////
2021-06-03 19:45:23,401 | INFO:           0.5555555555555556
2021-06-03 19:45:23,401 | INFO: ///////////////////////////////////////////////
2021-06-03 19:45:23,482 | INFO: Proba Matrix for the model is
2021-06-03 19:45:23,482 | INFO: [0. 0. 1.]
2021-06-03 19:45:23,484 | INFO: arriving in fit
2021-06-03 19:45:23,825 | INFO: ///////////////////////////////////////////////
2021-06-03 19:45:23,825 | INFO:           0.5333333333333333
2021-06-03 19:45:23,825 | INFO: ///////////////////////////////////////////////
2021-06-03 19:45:23,905 | INFO: Proba Matrix for the model is
2021-06-03 19:45:23,905 | INFO: [0. 1. 0.]
2021-06-03 19:45:23,907 | INFO: arriving in fit
2021-06-03 19:45:24,315 | INFO: ///////////////////////////////////////////////
2021-06-03 19:45:24,315 | INFO:           0.4838709677419355
2021-06-03 19:45:24,315 | INFO: ///////////////////////////////////////////////
2021-06-03 19:45:24,395 | INFO: Proba Matrix for the model is
2021-06-03 19:45:24,395 | INFO: [0.019 0.981 0.   ]
2021-06-03 19:45:24,397 | INFO: arriving in fit
2021-06-03 19:45:24,765 | INFO: ///////////////////////////////////////////////
2021-06-03 19:45:24,765 | INFO:           0.4117647058823529
2021-06-03 19:45:24,765 | INFO: ///////////////////////////////////////////////
2021-06-03 19:45:24,850 | INFO: Proba Matrix for the model is
2021-06-03 19:45:24,850 | INFO: [0. 0. 1.]
2021-06-03 19:45:24,852 | INFO: arriving in fit
2021-06-03 19:45:25,242 | INFO: ///////////////////////////////////////////////
2021-06-03 19:45:25,258 | INFO:           0.5151515151515151
2021-06-03 19:45:25,258 | INFO: ///////////////////////////////////////////////
2021-06-03 19:45:25,352 | INFO: Proba Matrix for the model is
2021-06-03 19:45:25,355 | INFO: [1. 0. 0.]
2021-06-03 19:45:25,357 | INFO: arriving in fit
2021-06-03 19:45:25,707 | INFO: ///////////////////////////////////////////////
2021-06-03 19:45:25,707 | INFO:           0.696969696969697
2021-06-03 19:45:25,707 | INFO: ///////////////////////////////////////////////
2021-06-03 19:45:25,788 | INFO: Proba Matrix for the model is
2021-06-03 19:45:25,788 | INFO: [0. 0. 1.]
2021-06-03 19:45:25,790 | INFO: arriving in fit
2021-06-03 19:45:26,141 | INFO: ///////////////////////////////////////////////
2021-06-03 19:45:26,142 | INFO:           0.38235294117647056
2021-06-03 19:45:26,142 | INFO: ///////////////////////////////////////////////
2021-06-03 19:45:26,222 | INFO: Proba Matrix for the model is
2021-06-03 19:45:26,222 | INFO: [1. 0. 0.]
2021-06-03 19:45:26,223 | INFO: arriving in fit
2021-06-03 19:45:26,532 | INFO: ///////////////////////////////////////////////
2021-06-03 19:45:26,533 | INFO:           0.5384615384615384
2021-06-03 19:45:26,533 | INFO: ///////////////////////////////////////////////
2021-06-03 19:45:26,615 | INFO: Proba Matrix for the model is
2021-06-03 19:45:26,615 | INFO: [0. 0. 1.]
2021-06-03 19:45:26,616 | INFO: arriving in fit
2021-06-03 19:45:26,997 | INFO: ///////////////////////////////////////////////
2021-06-03 19:45:26,997 | INFO:           0.5625
2021-06-03 19:45:26,997 | INFO: ///////////////////////////////////////////////
2021-06-03 19:45:27,079 | INFO: Proba Matrix for the model is
2021-06-03 19:45:27,079 | INFO: [0. 1. 0.]
2021-06-03 19:45:27,081 | INFO: arriving in fit
2021-06-03 19:45:27,397 | INFO: ///////////////////////////////////////////////
2021-06-03 19:45:27,398 | INFO:           0.625
2021-06-03 19:45:27,398 | INFO: ///////////////////////////////////////////////
2021-06-03 19:45:27,475 | INFO: Proba Matrix for the model is
2021-06-03 19:45:27,475 | INFO: [0. 1. 0.]
2021-06-03 19:45:27,477 | INFO: arriving in fit
2021-06-03 19:45:27,808 | INFO: ///////////////////////////////////////////////
2021-06-03 19:45:27,809 | INFO:           0.5625
2021-06-03 19:45:27,809 | INFO: ///////////////////////////////////////////////
2021-06-03 19:45:27,889 | INFO: Proba Matrix for the model is
2021-06-03 19:45:27,889 | INFO: [1. 0. 0.]
2021-06-03 19:45:27,890 | INFO: arriving in fit
2021-06-03 19:45:28,243 | INFO: ///////////////////////////////////////////////
2021-06-03 19:45:28,243 | INFO:           0.41935483870967744
2021-06-03 19:45:28,243 | INFO: ///////////////////////////////////////////////
2021-06-03 19:45:28,322 | INFO: Proba Matrix for the model is
2021-06-03 19:45:28,322 | INFO: [0. 0. 1.]
2021-06-03 19:45:28,324 | INFO: arriving in fit
2021-06-03 19:45:28,644 | INFO: ///////////////////////////////////////////////
2021-06-03 19:45:28,644 | INFO:           0.6129032258064516
2021-06-03 19:45:28,644 | INFO: ///////////////////////////////////////////////
2021-06-03 19:45:28,722 | INFO: Proba Matrix for the model is
2021-06-03 19:45:28,722 | INFO: [0. 0. 1.]
2021-06-03 19:45:28,724 | INFO: arriving in fit
2021-06-03 19:45:29,055 | INFO: ///////////////////////////////////////////////
2021-06-03 19:45:29,055 | INFO:           0.4642857142857143
2021-06-03 19:45:29,055 | INFO: ///////////////////////////////////////////////
2021-06-03 19:45:29,134 | INFO: Proba Matrix for the model is
2021-06-03 19:45:29,135 | INFO: [0. 0. 1.]
2021-06-03 19:45:29,136 | INFO: arriving in fit
2021-06-03 19:45:29,477 | INFO: ///////////////////////////////////////////////
2021-06-03 19:45:29,477 | INFO:           0.3125
2021-06-03 19:45:29,477 | INFO: ///////////////////////////////////////////////
2021-06-03 19:45:29,556 | INFO: Proba Matrix for the model is
2021-06-03 19:45:29,556 | INFO: [0. 0. 1.]
2021-06-03 19:45:29,558 | INFO: arriving in fit
2021-06-03 19:45:29,883 | INFO: ///////////////////////////////////////////////
2021-06-03 19:45:29,883 | INFO:           0.45
2021-06-03 19:45:29,883 | INFO: ///////////////////////////////////////////////
2021-06-03 19:45:29,963 | INFO: Proba Matrix for the model is
2021-06-03 19:45:29,963 | INFO: [0.    0.023 0.977]
2021-06-03 19:45:29,965 | INFO: arriving in fit
2021-06-03 19:45:30,267 | INFO: ///////////////////////////////////////////////
2021-06-03 19:45:30,267 | INFO:           0.5238095238095238
2021-06-03 19:45:30,267 | INFO: ///////////////////////////////////////////////
2021-06-03 19:45:30,347 | INFO: Proba Matrix for the model is
2021-06-03 19:45:30,347 | INFO: [0.    0.002 0.998]
2021-06-03 19:45:30,349 | INFO: arriving in fit
2021-06-03 19:45:30,647 | INFO: ///////////////////////////////////////////////
2021-06-03 19:45:30,647 | INFO:           0.36363636363636365
2021-06-03 19:45:30,647 | INFO: ///////////////////////////////////////////////
2021-06-03 19:45:30,732 | INFO: Proba Matrix for the model is
2021-06-03 19:45:30,732 | INFO: [0.794 0.047 0.158]
2021-06-03 19:45:30,734 | INFO: arriving in fit
2021-06-03 19:45:31,058 | INFO: ///////////////////////////////////////////////
2021-06-03 19:45:31,058 | INFO:           0.5185185185185185
2021-06-03 19:45:31,058 | INFO: ///////////////////////////////////////////////
2021-06-03 19:45:31,137 | INFO: Proba Matrix for the model is
2021-06-03 19:45:31,137 | INFO: [0. 1. 0.]
2021-06-03 19:45:31,139 | INFO: arriving in fit
2021-06-03 19:45:31,453 | INFO: ///////////////////////////////////////////////
2021-06-03 19:45:31,454 | INFO:           0.6
2021-06-03 19:45:31,454 | INFO: ///////////////////////////////////////////////
2021-06-03 19:45:31,533 | INFO: Proba Matrix for the model is
2021-06-03 19:45:31,533 | INFO: [0. 1. 0.]
2021-06-03 19:45:31,535 | INFO: arriving in fit
2021-06-03 19:45:31,858 | INFO: ///////////////////////////////////////////////
2021-06-03 19:45:31,858 | INFO:           0.5416666666666666
2021-06-03 19:45:31,858 | INFO: ///////////////////////////////////////////////
2021-06-03 19:45:31,940 | INFO: Proba Matrix for the model is
2021-06-03 19:45:31,941 | INFO: [1. 0. 0.]
2021-06-03 19:45:31,943 | INFO: arriving in fit
2021-06-03 19:45:32,265 | INFO: ///////////////////////////////////////////////
2021-06-03 19:45:32,265 | INFO:           0.6153846153846154
2021-06-03 19:45:32,265 | INFO: ///////////////////////////////////////////////
2021-06-03 19:45:32,347 | INFO: Proba Matrix for the model is
2021-06-03 19:45:32,348 | INFO: [0.016 0.984 0.   ]
2021-06-03 19:45:32,350 | INFO: arriving in fit
2021-06-03 19:45:32,678 | INFO: ///////////////////////////////////////////////
2021-06-03 19:45:32,678 | INFO:           0.5
2021-06-03 19:45:32,678 | INFO: ///////////////////////////////////////////////
2021-06-03 19:45:32,761 | INFO: Proba Matrix for the model is
2021-06-03 19:45:32,776 | INFO: [0. 0. 1.]
2021-06-03 19:45:32,780 | INFO: arriving in fit
2021-06-03 19:45:33,117 | INFO: ///////////////////////////////////////////////
2021-06-03 19:45:33,117 | INFO:           0.4
2021-06-03 19:45:33,118 | INFO: ///////////////////////////////////////////////
2021-06-03 19:45:33,208 | INFO: Proba Matrix for the model is
2021-06-03 19:45:33,208 | INFO: [1. 0. 0.]
2021-06-03 19:45:33,211 | INFO: arriving in fit
2021-06-03 19:45:33,542 | INFO: ///////////////////////////////////////////////
2021-06-03 19:45:33,542 | INFO:           0.6956521739130435
2021-06-03 19:45:33,542 | INFO: ///////////////////////////////////////////////
2021-06-03 19:45:33,627 | INFO: Proba Matrix for the model is
2021-06-03 19:45:33,627 | INFO: [0. 1. 0.]
2021-06-03 19:45:33,629 | INFO: arriving in fit
2021-06-03 19:45:33,958 | INFO: ///////////////////////////////////////////////
2021-06-03 19:45:33,959 | INFO:           0.5
2021-06-03 19:45:33,959 | INFO: ///////////////////////////////////////////////
2021-06-03 19:45:34,037 | INFO: Proba Matrix for the model is
2021-06-03 19:45:34,037 | INFO: [0. 0. 1.]
2021-06-03 19:45:34,039 | INFO: arriving in fit
2021-06-03 19:45:34,353 | INFO: ///////////////////////////////////////////////
2021-06-03 19:45:34,368 | INFO:           0.7142857142857143
2021-06-03 19:45:34,369 | INFO: ///////////////////////////////////////////////
2021-06-03 19:45:34,450 | INFO: Proba Matrix for the model is
2021-06-03 19:45:34,450 | INFO: [1. 0. 0.]
2021-06-03 19:45:34,452 | INFO: arriving in fit
2021-06-03 19:45:34,768 | INFO: ///////////////////////////////////////////////
2021-06-03 19:45:34,768 | INFO:           0.3333333333333333
2021-06-03 19:45:34,768 | INFO: ///////////////////////////////////////////////
2021-06-03 19:45:34,846 | INFO: Proba Matrix for the model is
2021-06-03 19:45:34,846 | INFO: [0. 1. 0.]
2021-06-03 19:45:34,848 | INFO: arriving in fit
2021-06-03 19:45:35,158 | INFO: ///////////////////////////////////////////////
2021-06-03 19:45:35,158 | INFO:           0.5
2021-06-03 19:45:35,158 | INFO: ///////////////////////////////////////////////
2021-06-03 19:45:35,238 | INFO: Proba Matrix for the model is
2021-06-03 19:45:35,238 | INFO: [0.676 0.062 0.262]
2021-06-03 19:45:35,240 | INFO: arriving in fit
2021-06-03 19:45:35,564 | INFO: ///////////////////////////////////////////////
2021-06-03 19:45:35,564 | INFO:           0.42105263157894735
2021-06-03 19:45:35,564 | INFO: ///////////////////////////////////////////////
2021-06-03 19:45:35,645 | INFO: Proba Matrix for the model is
2021-06-03 19:45:35,645 | INFO: [0. 0. 1.]
2021-06-03 19:45:35,646 | INFO: arriving in fit
2021-06-03 19:45:35,950 | INFO: ///////////////////////////////////////////////
2021-06-03 19:45:35,950 | INFO:           0.75
2021-06-03 19:45:35,950 | INFO: ///////////////////////////////////////////////
2021-06-03 19:45:36,031 | INFO: Proba Matrix for the model is
2021-06-03 19:45:36,031 | INFO: [0. 0. 1.]
2021-06-03 19:45:36,033 | INFO: arriving in fit
2021-06-03 19:45:36,337 | INFO: ///////////////////////////////////////////////
2021-06-03 19:45:36,338 | INFO:           0.6363636363636364
2021-06-03 19:45:36,338 | INFO: ///////////////////////////////////////////////
2021-06-03 19:45:36,424 | INFO: Proba Matrix for the model is
2021-06-03 19:45:36,424 | INFO: [0.533 0.    0.467]
2021-06-03 19:45:36,427 | INFO: arriving in fit
2021-06-03 19:45:36,744 | INFO: ///////////////////////////////////////////////
2021-06-03 19:45:36,744 | INFO:           0.4
2021-06-03 19:45:36,744 | INFO: ///////////////////////////////////////////////
2021-06-03 19:45:36,824 | INFO: Proba Matrix for the model is
2021-06-03 19:45:36,824 | INFO: [0.    0.999 0.001]
2021-06-03 19:45:37,426 | INFO: ***********************************************************************************************
2021-06-03 19:45:37,426 | INFO: End of the Notebook in 0:00:36.923326  ! -- It is:  
2021-06-03 19:45:37,426 | INFO: 06/03/2021, 19:45:37
