2021-06-03 19:47:41,765 | INFO: 
2021-06-03 19:47:41,766 | INFO: ***************************************************************************************************
2021-06-03 19:47:41,766 | INFO: ***                                                                                             ***
2021-06-03 19:47:41,766 | INFO: ***   NEW RUN                                                                                   ***
2021-06-03 19:47:41,766 | INFO: ***                                                                                             ***
2021-06-03 19:47:41,766 | INFO: ***************************************************************************************************
2021-06-03 19:47:41,766 | INFO: I start to run your Notebook ! -- Good Luck :-) It is:  06/03/2021, 19:47:41
2021-06-03 19:47:42,766 | INFO: 8902 rows and 67 columns read in the CSV file
2021-06-03 19:47:42,792 | INFO: ------------------------------------------------------------------------------
2021-06-03 19:47:42,792 | INFO:      C U S T O M     T R A N S F O R M E R
2021-06-03 19:47:42,792 | INFO: 
2021-06-03 19:47:42,792 | INFO: [{'cols': ['NAV_VOL_SLOPE'], 'method': 'rolling', 'period': [1, 2, 3, 4], 'original': False}, {'cols': ['NAV_PERF_SLOPE'], 'method': 'rolling', 'period': [1, 2, 3, 4], 'original': False}, {'cols': ['BENCH_PERF_SLOPE'], 'method': 'rolling', 'period': [1, 2, 3, 4], 'original': False}, {'cols': ['BENCH_VOL_SLOPE'], 'method': 'rolling', 'period': [1, 2, 3, 4], 'original': False}, {'cols': ['AUM'], 'method': 'rolling', 'period': [1, 2, 3, 4], 'original': False}, {'cols': ['NET_FLOWS'], 'method': 'rolling', 'period': [1, 2, 3, 4], 'original': False}, {'cols': ['IN_FLOWS'], 'method': 'rolling', 'period': [1, 2, 3, 4], 'original': False}, {'cols': ['OUT_FLOWS'], 'method': 'rolling', 'period': [1, 2, 3, 4], 'original': False}, {'cols': ['POSITIVE_RFP'], 'method': 'shift', 'period': [1, 2, 3], 'original': False}, {'cols': ['BENCH_PERF_SLOPE_ERROR'], 'method': 'shift', 'period': [1, 2, 3], 'original': False}, {'cols': ['BENCH_VOL_SLOPE_ERROR'], 'method': 'shift', 'period': [1, 2, 3], 'original': False}, {'cols': ['NAV_PERF_SLOPE_ERROR'], 'method': 'shift', 'period': [1, 2, 3], 'original': False}, {'cols': ['NAV_VOL_SLOPE_ERROR'], 'method': 'shift', 'period': [1, 2, 3], 'original': False}, {'cols': ['EVENT_IMPACT'], 'method': 'ewm', 'period': [1, 3, 6], 'original': False}, {'cols': ['PSU_SCORE'], 'method': 'ewm', 'period': [1, 3, 6], 'original': False}, {'cols': ['DOWNLOADED_DOCUMENTS'], 'method': 'ewm', 'period': [1, 3, 6], 'original': False}]
2021-06-03 19:47:42,819 | INFO: NumExpr defaulting to 8 threads.
2021-06-03 19:47:42,845 | INFO: arriving in fit
2021-06-03 19:47:43,481 | INFO: ///////////////////////////////////////////////
2021-06-03 19:47:43,481 | INFO:           0.42424242424242425
2021-06-03 19:47:43,481 | INFO: ///////////////////////////////////////////////
2021-06-03 19:47:43,563 | INFO: Proba Matrix for the model is
2021-06-03 19:47:43,563 | INFO: [0.014 0.    0.986]
2021-06-03 19:47:43,566 | INFO: arriving in fit
2021-06-03 19:47:43,984 | INFO: ///////////////////////////////////////////////
2021-06-03 19:47:43,984 | INFO:           0.6666666666666666
2021-06-03 19:47:43,984 | INFO: ///////////////////////////////////////////////
2021-06-03 19:47:44,078 | INFO: Proba Matrix for the model is
2021-06-03 19:47:44,078 | INFO: [0. 0. 1.]
2021-06-03 19:47:44,080 | INFO: arriving in fit
2021-06-03 19:47:44,445 | INFO: ///////////////////////////////////////////////
2021-06-03 19:47:44,445 | INFO:           0.38461538461538464
2021-06-03 19:47:44,445 | INFO: ///////////////////////////////////////////////
2021-06-03 19:47:44,540 | INFO: Proba Matrix for the model is
2021-06-03 19:47:44,540 | INFO: [1. 0. 0.]
2021-06-03 19:47:44,543 | INFO: arriving in fit
2021-06-03 19:47:44,898 | INFO: ///////////////////////////////////////////////
2021-06-03 19:47:44,898 | INFO:           0.5454545454545454
2021-06-03 19:47:44,898 | INFO: ///////////////////////////////////////////////
2021-06-03 19:47:44,984 | INFO: Proba Matrix for the model is
2021-06-03 19:47:44,984 | INFO: [0.    0.078 0.922]
2021-06-03 19:47:44,987 | INFO: arriving in fit
2021-06-03 19:47:45,379 | INFO: ///////////////////////////////////////////////
2021-06-03 19:47:45,379 | INFO:           0.4
2021-06-03 19:47:45,379 | INFO: ///////////////////////////////////////////////
2021-06-03 19:47:45,474 | INFO: Proba Matrix for the model is
2021-06-03 19:47:45,474 | INFO: [0.    0.515 0.485]
2021-06-03 19:47:45,477 | INFO: arriving in fit
2021-06-03 19:47:45,847 | INFO: ///////////////////////////////////////////////
2021-06-03 19:47:45,847 | INFO:           0.375
2021-06-03 19:47:45,847 | INFO: ///////////////////////////////////////////////
2021-06-03 19:47:45,944 | INFO: Proba Matrix for the model is
2021-06-03 19:47:45,944 | INFO: [0. 1. 0.]
2021-06-03 19:47:45,947 | INFO: arriving in fit
2021-06-03 19:47:46,337 | INFO: ///////////////////////////////////////////////
2021-06-03 19:47:46,337 | INFO:           0.41379310344827586
2021-06-03 19:47:46,337 | INFO: ///////////////////////////////////////////////
2021-06-03 19:47:46,413 | INFO: Proba Matrix for the model is
2021-06-03 19:47:46,413 | INFO: [0.832 0.168 0.   ]
2021-06-03 19:47:46,415 | INFO: arriving in fit
2021-06-03 19:47:46,744 | INFO: ///////////////////////////////////////////////
2021-06-03 19:47:46,744 | INFO:           0.6333333333333333
2021-06-03 19:47:46,744 | INFO: ///////////////////////////////////////////////
2021-06-03 19:47:46,822 | INFO: Proba Matrix for the model is
2021-06-03 19:47:46,831 | INFO: [0. 1. 0.]
2021-06-03 19:47:46,834 | INFO: arriving in fit
2021-06-03 19:47:47,203 | INFO: ///////////////////////////////////////////////
2021-06-03 19:47:47,203 | INFO:           0.3448275862068966
2021-06-03 19:47:47,203 | INFO: ///////////////////////////////////////////////
2021-06-03 19:47:47,282 | INFO: Proba Matrix for the model is
2021-06-03 19:47:47,282 | INFO: [0.002 0.966 0.032]
2021-06-03 19:47:47,284 | INFO: arriving in fit
2021-06-03 19:47:47,653 | INFO: ///////////////////////////////////////////////
2021-06-03 19:47:47,654 | INFO:           0.6764705882352942
2021-06-03 19:47:47,654 | INFO: ///////////////////////////////////////////////
2021-06-03 19:47:47,734 | INFO: Proba Matrix for the model is
2021-06-03 19:47:47,734 | INFO: [0. 1. 0.]
2021-06-03 19:47:47,737 | INFO: arriving in fit
2021-06-03 19:47:48,046 | INFO: ///////////////////////////////////////////////
2021-06-03 19:47:48,046 | INFO:           0.7333333333333333
2021-06-03 19:47:48,046 | INFO: ///////////////////////////////////////////////
2021-06-03 19:47:48,127 | INFO: Proba Matrix for the model is
2021-06-03 19:47:48,127 | INFO: [0. 1. 0.]
2021-06-03 19:47:48,129 | INFO: arriving in fit
2021-06-03 19:47:48,476 | INFO: ///////////////////////////////////////////////
2021-06-03 19:47:48,476 | INFO:           0.5161290322580645
2021-06-03 19:47:48,476 | INFO: ///////////////////////////////////////////////
2021-06-03 19:47:48,554 | INFO: Proba Matrix for the model is
2021-06-03 19:47:48,554 | INFO: [1. 0. 0.]
2021-06-03 19:47:48,556 | INFO: arriving in fit
2021-06-03 19:47:48,914 | INFO: ///////////////////////////////////////////////
2021-06-03 19:47:48,914 | INFO:           0.46875
2021-06-03 19:47:48,914 | INFO: ///////////////////////////////////////////////
2021-06-03 19:47:48,994 | INFO: Proba Matrix for the model is
2021-06-03 19:47:48,994 | INFO: [0.943 0.057 0.   ]
2021-06-03 19:47:48,996 | INFO: arriving in fit
2021-06-03 19:47:49,328 | INFO: ///////////////////////////////////////////////
2021-06-03 19:47:49,328 | INFO:           0.4782608695652174
2021-06-03 19:47:49,328 | INFO: ///////////////////////////////////////////////
2021-06-03 19:47:49,411 | INFO: Proba Matrix for the model is
2021-06-03 19:47:49,411 | INFO: [0. 0. 1.]
2021-06-03 19:47:49,413 | INFO: arriving in fit
2021-06-03 19:47:49,734 | INFO: ///////////////////////////////////////////////
2021-06-03 19:47:49,734 | INFO:           0.5294117647058824
2021-06-03 19:47:49,734 | INFO: ///////////////////////////////////////////////
2021-06-03 19:47:49,811 | INFO: Proba Matrix for the model is
2021-06-03 19:47:49,813 | INFO: [0. 1. 0.]
2021-06-03 19:47:49,816 | INFO: arriving in fit
2021-06-03 19:47:50,121 | INFO: ///////////////////////////////////////////////
2021-06-03 19:47:50,121 | INFO:           0.5909090909090909
2021-06-03 19:47:50,121 | INFO: ///////////////////////////////////////////////
2021-06-03 19:47:50,197 | INFO: Proba Matrix for the model is
2021-06-03 19:47:50,197 | INFO: [0.999 0.    0.001]
2021-06-03 19:47:50,198 | INFO: arriving in fit
2021-06-03 19:47:50,500 | INFO: ///////////////////////////////////////////////
2021-06-03 19:47:50,500 | INFO:           0.5517241379310345
2021-06-03 19:47:50,500 | INFO: ///////////////////////////////////////////////
2021-06-03 19:47:50,580 | INFO: Proba Matrix for the model is
2021-06-03 19:47:50,580 | INFO: [1. 0. 0.]
2021-06-03 19:47:50,582 | INFO: arriving in fit
2021-06-03 19:47:50,918 | INFO: ///////////////////////////////////////////////
2021-06-03 19:47:50,918 | INFO:           0.5454545454545454
2021-06-03 19:47:50,918 | INFO: ///////////////////////////////////////////////
2021-06-03 19:47:51,002 | INFO: Proba Matrix for the model is
2021-06-03 19:47:51,003 | INFO: [0.996 0.004 0.   ]
2021-06-03 19:47:51,006 | INFO: arriving in fit
2021-06-03 19:47:51,413 | INFO: ///////////////////////////////////////////////
2021-06-03 19:47:51,413 | INFO:           0.20689655172413793
2021-06-03 19:47:51,413 | INFO: ///////////////////////////////////////////////
2021-06-03 19:47:51,491 | INFO: Proba Matrix for the model is
2021-06-03 19:47:51,491 | INFO: [1. 0. 0.]
2021-06-03 19:47:51,493 | INFO: arriving in fit
2021-06-03 19:47:51,840 | INFO: ///////////////////////////////////////////////
2021-06-03 19:47:51,840 | INFO:           0.4666666666666667
2021-06-03 19:47:51,840 | INFO: ///////////////////////////////////////////////
2021-06-03 19:47:51,919 | INFO: Proba Matrix for the model is
2021-06-03 19:47:51,919 | INFO: [0.001 0.999 0.   ]
2021-06-03 19:47:51,921 | INFO: arriving in fit
2021-06-03 19:47:52,281 | INFO: ///////////////////////////////////////////////
2021-06-03 19:47:52,281 | INFO:           0.47058823529411764
2021-06-03 19:47:52,281 | INFO: ///////////////////////////////////////////////
2021-06-03 19:47:52,359 | INFO: Proba Matrix for the model is
2021-06-03 19:47:52,359 | INFO: [0. 1. 0.]
2021-06-03 19:47:52,361 | INFO: arriving in fit
2021-06-03 19:47:52,709 | INFO: ///////////////////////////////////////////////
2021-06-03 19:47:52,709 | INFO:           0.5
2021-06-03 19:47:52,709 | INFO: ///////////////////////////////////////////////
2021-06-03 19:47:52,787 | INFO: Proba Matrix for the model is
2021-06-03 19:47:52,787 | INFO: [1. 0. 0.]
2021-06-03 19:47:52,789 | INFO: arriving in fit
2021-06-03 19:47:53,132 | INFO: ///////////////////////////////////////////////
2021-06-03 19:47:53,132 | INFO:           0.45454545454545453
2021-06-03 19:47:53,132 | INFO: ///////////////////////////////////////////////
2021-06-03 19:47:53,206 | INFO: Proba Matrix for the model is
2021-06-03 19:47:53,206 | INFO: [0.031 0.966 0.003]
2021-06-03 19:47:53,208 | INFO: arriving in fit
2021-06-03 19:47:53,544 | INFO: ///////////////////////////////////////////////
2021-06-03 19:47:53,556 | INFO:           0.45161290322580644
2021-06-03 19:47:53,556 | INFO: ///////////////////////////////////////////////
2021-06-03 19:47:53,630 | INFO: Proba Matrix for the model is
2021-06-03 19:47:53,630 | INFO: [0. 1. 0.]
2021-06-03 19:47:53,632 | INFO: arriving in fit
2021-06-03 19:47:53,969 | INFO: ///////////////////////////////////////////////
2021-06-03 19:47:53,969 | INFO:           0.6129032258064516
2021-06-03 19:47:53,969 | INFO: ///////////////////////////////////////////////
2021-06-03 19:47:54,043 | INFO: Proba Matrix for the model is
2021-06-03 19:47:54,043 | INFO: [0.063 0.006 0.931]
2021-06-03 19:47:54,045 | INFO: arriving in fit
2021-06-03 19:47:54,374 | INFO: ///////////////////////////////////////////////
2021-06-03 19:47:54,374 | INFO:           0.43478260869565216
2021-06-03 19:47:54,374 | INFO: ///////////////////////////////////////////////
2021-06-03 19:47:54,447 | INFO: Proba Matrix for the model is
2021-06-03 19:47:54,447 | INFO: [1. 0. 0.]
2021-06-03 19:47:54,449 | INFO: arriving in fit
2021-06-03 19:47:54,765 | INFO: ///////////////////////////////////////////////
2021-06-03 19:47:54,766 | INFO:           0.5666666666666667
2021-06-03 19:47:54,766 | INFO: ///////////////////////////////////////////////
2021-06-03 19:47:54,837 | INFO: Proba Matrix for the model is
2021-06-03 19:47:54,838 | INFO: [0. 1. 0.]
2021-06-03 19:47:54,839 | INFO: arriving in fit
2021-06-03 19:47:55,186 | INFO: ///////////////////////////////////////////////
2021-06-03 19:47:55,186 | INFO:           0.47058823529411764
2021-06-03 19:47:55,186 | INFO: ///////////////////////////////////////////////
2021-06-03 19:47:55,270 | INFO: Proba Matrix for the model is
2021-06-03 19:47:55,270 | INFO: [1. 0. 0.]
2021-06-03 19:47:55,272 | INFO: arriving in fit
2021-06-03 19:47:55,697 | INFO: ///////////////////////////////////////////////
2021-06-03 19:47:55,698 | INFO:           0.5517241379310345
2021-06-03 19:47:55,698 | INFO: ///////////////////////////////////////////////
2021-06-03 19:47:55,779 | INFO: Proba Matrix for the model is
2021-06-03 19:47:55,779 | INFO: [0. 0. 1.]
2021-06-03 19:47:55,781 | INFO: arriving in fit
2021-06-03 19:47:56,152 | INFO: ///////////////////////////////////////////////
2021-06-03 19:47:56,152 | INFO:           0.5294117647058824
2021-06-03 19:47:56,152 | INFO: ///////////////////////////////////////////////
2021-06-03 19:47:56,231 | INFO: Proba Matrix for the model is
2021-06-03 19:47:56,231 | INFO: [0. 0. 1.]
2021-06-03 19:47:56,233 | INFO: arriving in fit
2021-06-03 19:47:56,617 | INFO: ///////////////////////////////////////////////
2021-06-03 19:47:56,617 | INFO:           0.47058823529411764
2021-06-03 19:47:56,617 | INFO: ///////////////////////////////////////////////
2021-06-03 19:47:56,698 | INFO: Proba Matrix for the model is
2021-06-03 19:47:56,698 | INFO: [1. 0. 0.]
2021-06-03 19:47:56,700 | INFO: arriving in fit
2021-06-03 19:47:57,072 | INFO: ///////////////////////////////////////////////
2021-06-03 19:47:57,089 | INFO:           0.5
2021-06-03 19:47:57,090 | INFO: ///////////////////////////////////////////////
2021-06-03 19:47:57,172 | INFO: Proba Matrix for the model is
2021-06-03 19:47:57,172 | INFO: [0. 0. 1.]
2021-06-03 19:47:57,174 | INFO: arriving in fit
2021-06-03 19:47:57,497 | INFO: ///////////////////////////////////////////////
2021-06-03 19:47:57,497 | INFO:           0.7941176470588235
2021-06-03 19:47:57,497 | INFO: ///////////////////////////////////////////////
2021-06-03 19:47:57,582 | INFO: Proba Matrix for the model is
2021-06-03 19:47:57,582 | INFO: [0. 1. 0.]
2021-06-03 19:47:57,585 | INFO: arriving in fit
2021-06-03 19:47:57,929 | INFO: ///////////////////////////////////////////////
2021-06-03 19:47:57,929 | INFO:           0.47058823529411764
2021-06-03 19:47:57,929 | INFO: ///////////////////////////////////////////////
2021-06-03 19:47:58,009 | INFO: Proba Matrix for the model is
2021-06-03 19:47:58,009 | INFO: [0. 0. 1.]
2021-06-03 19:47:58,011 | INFO: arriving in fit
2021-06-03 19:47:58,328 | INFO: ///////////////////////////////////////////////
2021-06-03 19:47:58,328 | INFO:           0.59375
2021-06-03 19:47:58,328 | INFO: ///////////////////////////////////////////////
2021-06-03 19:47:58,409 | INFO: Proba Matrix for the model is
2021-06-03 19:47:58,409 | INFO: [0.222 0.    0.778]
2021-06-03 19:47:58,411 | INFO: arriving in fit
2021-06-03 19:47:58,735 | INFO: ///////////////////////////////////////////////
2021-06-03 19:47:58,735 | INFO:           0.4444444444444444
2021-06-03 19:47:58,735 | INFO: ///////////////////////////////////////////////
2021-06-03 19:47:58,816 | INFO: Proba Matrix for the model is
2021-06-03 19:47:58,816 | INFO: [0. 1. 0.]
2021-06-03 19:47:58,818 | INFO: arriving in fit
2021-06-03 19:47:59,176 | INFO: ///////////////////////////////////////////////
2021-06-03 19:47:59,176 | INFO:           0.5757575757575758
2021-06-03 19:47:59,176 | INFO: ///////////////////////////////////////////////
2021-06-03 19:47:59,253 | INFO: Proba Matrix for the model is
2021-06-03 19:47:59,254 | INFO: [1. 0. 0.]
2021-06-03 19:47:59,255 | INFO: arriving in fit
2021-06-03 19:47:59,587 | INFO: ///////////////////////////////////////////////
2021-06-03 19:47:59,587 | INFO:           0.375
2021-06-03 19:47:59,587 | INFO: ///////////////////////////////////////////////
2021-06-03 19:47:59,674 | INFO: Proba Matrix for the model is
2021-06-03 19:47:59,675 | INFO: [1. 0. 0.]
2021-06-03 19:47:59,677 | INFO: arriving in fit
2021-06-03 19:48:00,080 | INFO: ///////////////////////////////////////////////
2021-06-03 19:48:00,080 | INFO:           0.4838709677419355
2021-06-03 19:48:00,080 | INFO: ///////////////////////////////////////////////
2021-06-03 19:48:00,162 | INFO: Proba Matrix for the model is
2021-06-03 19:48:00,162 | INFO: [1. 0. 0.]
2021-06-03 19:48:00,164 | INFO: arriving in fit
2021-06-03 19:48:00,527 | INFO: ///////////////////////////////////////////////
2021-06-03 19:48:00,527 | INFO:           0.5625
2021-06-03 19:48:00,527 | INFO: ///////////////////////////////////////////////
2021-06-03 19:48:00,608 | INFO: Proba Matrix for the model is
2021-06-03 19:48:00,608 | INFO: [0. 0. 1.]
2021-06-03 19:48:00,610 | INFO: arriving in fit
2021-06-03 19:48:00,998 | INFO: ///////////////////////////////////////////////
2021-06-03 19:48:00,998 | INFO:           0.46875
2021-06-03 19:48:00,998 | INFO: ///////////////////////////////////////////////
2021-06-03 19:48:01,077 | INFO: Proba Matrix for the model is
2021-06-03 19:48:01,077 | INFO: [0.    0.893 0.107]
2021-06-03 19:48:01,079 | INFO: arriving in fit
2021-06-03 19:48:01,484 | INFO: ///////////////////////////////////////////////
2021-06-03 19:48:01,484 | INFO:           0.5588235294117647
2021-06-03 19:48:01,485 | INFO: ///////////////////////////////////////////////
2021-06-03 19:48:01,565 | INFO: Proba Matrix for the model is
2021-06-03 19:48:01,565 | INFO: [0. 1. 0.]
2021-06-03 19:48:01,567 | INFO: arriving in fit
2021-06-03 19:48:01,950 | INFO: ///////////////////////////////////////////////
2021-06-03 19:48:01,950 | INFO:           0.45454545454545453
2021-06-03 19:48:01,951 | INFO: ///////////////////////////////////////////////
2021-06-03 19:48:02,035 | INFO: Proba Matrix for the model is
2021-06-03 19:48:02,036 | INFO: [1. 0. 0.]
2021-06-03 19:48:02,038 | INFO: arriving in fit
2021-06-03 19:48:02,363 | INFO: ///////////////////////////////////////////////
2021-06-03 19:48:02,363 | INFO:           0.35294117647058826
2021-06-03 19:48:02,363 | INFO: ///////////////////////////////////////////////
2021-06-03 19:48:02,450 | INFO: Proba Matrix for the model is
2021-06-03 19:48:02,450 | INFO: [0.001 0.    0.999]
2021-06-03 19:48:02,452 | INFO: arriving in fit
2021-06-03 19:48:02,911 | INFO: ///////////////////////////////////////////////
2021-06-03 19:48:02,912 | INFO:           0.4666666666666667
2021-06-03 19:48:02,912 | INFO: ///////////////////////////////////////////////
2021-06-03 19:48:02,999 | INFO: Proba Matrix for the model is
2021-06-03 19:48:02,999 | INFO: [0. 1. 0.]
2021-06-03 19:48:03,001 | INFO: arriving in fit
2021-06-03 19:48:03,354 | INFO: ///////////////////////////////////////////////
2021-06-03 19:48:03,359 | INFO:           0.6
2021-06-03 19:48:03,359 | INFO: ///////////////////////////////////////////////
2021-06-03 19:48:03,441 | INFO: Proba Matrix for the model is
2021-06-03 19:48:03,441 | INFO: [0. 0. 1.]
2021-06-03 19:48:03,444 | INFO: arriving in fit
2021-06-03 19:48:03,781 | INFO: ///////////////////////////////////////////////
2021-06-03 19:48:03,782 | INFO:           0.41379310344827586
2021-06-03 19:48:03,782 | INFO: ///////////////////////////////////////////////
2021-06-03 19:48:03,867 | INFO: Proba Matrix for the model is
2021-06-03 19:48:03,867 | INFO: [1. 0. 0.]
2021-06-03 19:48:03,869 | INFO: arriving in fit
2021-06-03 19:48:04,239 | INFO: ///////////////////////////////////////////////
2021-06-03 19:48:04,239 | INFO:           0.45454545454545453
2021-06-03 19:48:04,239 | INFO: ///////////////////////////////////////////////
2021-06-03 19:48:04,327 | INFO: Proba Matrix for the model is
2021-06-03 19:48:04,327 | INFO: [1. 0. 0.]
2021-06-03 19:48:04,329 | INFO: arriving in fit
2021-06-03 19:48:04,651 | INFO: ///////////////////////////////////////////////
2021-06-03 19:48:04,651 | INFO:           0.5555555555555556
2021-06-03 19:48:04,651 | INFO: ///////////////////////////////////////////////
2021-06-03 19:48:04,738 | INFO: Proba Matrix for the model is
2021-06-03 19:48:04,738 | INFO: [0. 0. 1.]
2021-06-03 19:48:04,740 | INFO: arriving in fit
2021-06-03 19:48:05,120 | INFO: ///////////////////////////////////////////////
2021-06-03 19:48:05,120 | INFO:           0.5333333333333333
2021-06-03 19:48:05,120 | INFO: ///////////////////////////////////////////////
2021-06-03 19:48:05,221 | INFO: Proba Matrix for the model is
2021-06-03 19:48:05,222 | INFO: [0. 1. 0.]
2021-06-03 19:48:05,224 | INFO: arriving in fit
2021-06-03 19:48:05,684 | INFO: ///////////////////////////////////////////////
2021-06-03 19:48:05,684 | INFO:           0.4838709677419355
2021-06-03 19:48:05,684 | INFO: ///////////////////////////////////////////////
2021-06-03 19:48:05,767 | INFO: Proba Matrix for the model is
2021-06-03 19:48:05,767 | INFO: [0.019 0.981 0.   ]
2021-06-03 19:48:05,769 | INFO: arriving in fit
2021-06-03 19:48:06,137 | INFO: ///////////////////////////////////////////////
2021-06-03 19:48:06,137 | INFO:           0.4117647058823529
2021-06-03 19:48:06,137 | INFO: ///////////////////////////////////////////////
2021-06-03 19:48:06,223 | INFO: Proba Matrix for the model is
2021-06-03 19:48:06,223 | INFO: [0. 0. 1.]
2021-06-03 19:48:06,225 | INFO: arriving in fit
2021-06-03 19:48:06,593 | INFO: ///////////////////////////////////////////////
2021-06-03 19:48:06,593 | INFO:           0.5151515151515151
2021-06-03 19:48:06,593 | INFO: ///////////////////////////////////////////////
2021-06-03 19:48:06,683 | INFO: Proba Matrix for the model is
2021-06-03 19:48:06,683 | INFO: [1. 0. 0.]
2021-06-03 19:48:06,685 | INFO: arriving in fit
2021-06-03 19:48:07,029 | INFO: ///////////////////////////////////////////////
2021-06-03 19:48:07,029 | INFO:           0.696969696969697
2021-06-03 19:48:07,029 | INFO: ///////////////////////////////////////////////
2021-06-03 19:48:07,115 | INFO: Proba Matrix for the model is
2021-06-03 19:48:07,116 | INFO: [0. 0. 1.]
2021-06-03 19:48:07,118 | INFO: arriving in fit
2021-06-03 19:48:07,480 | INFO: ///////////////////////////////////////////////
2021-06-03 19:48:07,480 | INFO:           0.38235294117647056
2021-06-03 19:48:07,480 | INFO: ///////////////////////////////////////////////
2021-06-03 19:48:07,560 | INFO: Proba Matrix for the model is
2021-06-03 19:48:07,560 | INFO: [1. 0. 0.]
2021-06-03 19:48:07,562 | INFO: arriving in fit
2021-06-03 19:48:07,870 | INFO: ///////////////////////////////////////////////
2021-06-03 19:48:07,870 | INFO:           0.5384615384615384
2021-06-03 19:48:07,870 | INFO: ///////////////////////////////////////////////
2021-06-03 19:48:07,953 | INFO: Proba Matrix for the model is
2021-06-03 19:48:07,959 | INFO: [0. 0. 1.]
2021-06-03 19:48:07,961 | INFO: arriving in fit
2021-06-03 19:48:08,340 | INFO: ///////////////////////////////////////////////
2021-06-03 19:48:08,340 | INFO:           0.5625
2021-06-03 19:48:08,340 | INFO: ///////////////////////////////////////////////
2021-06-03 19:48:08,422 | INFO: Proba Matrix for the model is
2021-06-03 19:48:08,422 | INFO: [0. 1. 0.]
2021-06-03 19:48:08,425 | INFO: arriving in fit
2021-06-03 19:48:08,741 | INFO: ///////////////////////////////////////////////
2021-06-03 19:48:08,742 | INFO:           0.625
2021-06-03 19:48:08,742 | INFO: ///////////////////////////////////////////////
2021-06-03 19:48:08,821 | INFO: Proba Matrix for the model is
2021-06-03 19:48:08,821 | INFO: [0. 1. 0.]
2021-06-03 19:48:08,823 | INFO: arriving in fit
2021-06-03 19:48:09,156 | INFO: ///////////////////////////////////////////////
2021-06-03 19:48:09,157 | INFO:           0.5625
2021-06-03 19:48:09,157 | INFO: ///////////////////////////////////////////////
2021-06-03 19:48:09,236 | INFO: Proba Matrix for the model is
2021-06-03 19:48:09,236 | INFO: [1. 0. 0.]
2021-06-03 19:48:09,238 | INFO: arriving in fit
2021-06-03 19:48:09,593 | INFO: ///////////////////////////////////////////////
2021-06-03 19:48:09,609 | INFO:           0.41935483870967744
2021-06-03 19:48:09,609 | INFO: ///////////////////////////////////////////////
2021-06-03 19:48:09,689 | INFO: Proba Matrix for the model is
2021-06-03 19:48:09,689 | INFO: [0. 0. 1.]
2021-06-03 19:48:09,691 | INFO: arriving in fit
2021-06-03 19:48:10,007 | INFO: ///////////////////////////////////////////////
2021-06-03 19:48:10,007 | INFO:           0.6129032258064516
2021-06-03 19:48:10,007 | INFO: ///////////////////////////////////////////////
2021-06-03 19:48:10,087 | INFO: Proba Matrix for the model is
2021-06-03 19:48:10,087 | INFO: [0. 0. 1.]
2021-06-03 19:48:10,089 | INFO: arriving in fit
2021-06-03 19:48:10,422 | INFO: ///////////////////////////////////////////////
2021-06-03 19:48:10,422 | INFO:           0.4642857142857143
2021-06-03 19:48:10,422 | INFO: ///////////////////////////////////////////////
2021-06-03 19:48:10,506 | INFO: Proba Matrix for the model is
2021-06-03 19:48:10,506 | INFO: [0. 0. 1.]
2021-06-03 19:48:10,508 | INFO: arriving in fit
2021-06-03 19:48:10,851 | INFO: ///////////////////////////////////////////////
2021-06-03 19:48:10,851 | INFO:           0.3125
2021-06-03 19:48:10,852 | INFO: ///////////////////////////////////////////////
2021-06-03 19:48:10,931 | INFO: Proba Matrix for the model is
2021-06-03 19:48:10,931 | INFO: [0. 0. 1.]
2021-06-03 19:48:10,933 | INFO: arriving in fit
2021-06-03 19:48:11,253 | INFO: ///////////////////////////////////////////////
2021-06-03 19:48:11,253 | INFO:           0.45
2021-06-03 19:48:11,253 | INFO: ///////////////////////////////////////////////
2021-06-03 19:48:11,331 | INFO: Proba Matrix for the model is
2021-06-03 19:48:11,331 | INFO: [0.    0.023 0.977]
2021-06-03 19:48:11,333 | INFO: arriving in fit
2021-06-03 19:48:11,643 | INFO: ///////////////////////////////////////////////
2021-06-03 19:48:11,643 | INFO:           0.5238095238095238
2021-06-03 19:48:11,643 | INFO: ///////////////////////////////////////////////
2021-06-03 19:48:11,724 | INFO: Proba Matrix for the model is
2021-06-03 19:48:11,725 | INFO: [0.    0.002 0.998]
2021-06-03 19:48:11,726 | INFO: arriving in fit
2021-06-03 19:48:12,025 | INFO: ///////////////////////////////////////////////
2021-06-03 19:48:12,025 | INFO:           0.36363636363636365
2021-06-03 19:48:12,025 | INFO: ///////////////////////////////////////////////
2021-06-03 19:48:12,106 | INFO: Proba Matrix for the model is
2021-06-03 19:48:12,107 | INFO: [0.794 0.047 0.158]
2021-06-03 19:48:12,108 | INFO: arriving in fit
2021-06-03 19:48:12,447 | INFO: ///////////////////////////////////////////////
2021-06-03 19:48:12,447 | INFO:           0.5185185185185185
2021-06-03 19:48:12,447 | INFO: ///////////////////////////////////////////////
2021-06-03 19:48:12,533 | INFO: Proba Matrix for the model is
2021-06-03 19:48:12,533 | INFO: [0. 1. 0.]
2021-06-03 19:48:12,536 | INFO: arriving in fit
2021-06-03 19:48:12,874 | INFO: ///////////////////////////////////////////////
2021-06-03 19:48:12,874 | INFO:           0.6
2021-06-03 19:48:12,874 | INFO: ///////////////////////////////////////////////
2021-06-03 19:48:12,961 | INFO: Proba Matrix for the model is
2021-06-03 19:48:12,976 | INFO: [0. 1. 0.]
2021-06-03 19:48:12,978 | INFO: arriving in fit
2021-06-03 19:48:13,306 | INFO: ///////////////////////////////////////////////
2021-06-03 19:48:13,306 | INFO:           0.5416666666666666
2021-06-03 19:48:13,306 | INFO: ///////////////////////////////////////////////
2021-06-03 19:48:13,388 | INFO: Proba Matrix for the model is
2021-06-03 19:48:13,388 | INFO: [1. 0. 0.]
2021-06-03 19:48:13,390 | INFO: arriving in fit
2021-06-03 19:48:13,708 | INFO: ///////////////////////////////////////////////
2021-06-03 19:48:13,708 | INFO:           0.6153846153846154
2021-06-03 19:48:13,708 | INFO: ///////////////////////////////////////////////
2021-06-03 19:48:13,792 | INFO: Proba Matrix for the model is
2021-06-03 19:48:13,794 | INFO: [0.016 0.984 0.   ]
2021-06-03 19:48:13,796 | INFO: arriving in fit
2021-06-03 19:48:14,136 | INFO: ///////////////////////////////////////////////
2021-06-03 19:48:14,136 | INFO:           0.5
2021-06-03 19:48:14,136 | INFO: ///////////////////////////////////////////////
2021-06-03 19:48:14,224 | INFO: Proba Matrix for the model is
2021-06-03 19:48:14,224 | INFO: [0. 0. 1.]
2021-06-03 19:48:14,227 | INFO: arriving in fit
2021-06-03 19:48:14,565 | INFO: ///////////////////////////////////////////////
2021-06-03 19:48:14,577 | INFO:           0.4
2021-06-03 19:48:14,577 | INFO: ///////////////////////////////////////////////
2021-06-03 19:48:14,661 | INFO: Proba Matrix for the model is
2021-06-03 19:48:14,662 | INFO: [1. 0. 0.]
2021-06-03 19:48:14,664 | INFO: arriving in fit
2021-06-03 19:48:15,001 | INFO: ///////////////////////////////////////////////
2021-06-03 19:48:15,001 | INFO:           0.6956521739130435
2021-06-03 19:48:15,001 | INFO: ///////////////////////////////////////////////
2021-06-03 19:48:15,085 | INFO: Proba Matrix for the model is
2021-06-03 19:48:15,085 | INFO: [0. 1. 0.]
2021-06-03 19:48:15,087 | INFO: arriving in fit
2021-06-03 19:48:15,431 | INFO: ///////////////////////////////////////////////
2021-06-03 19:48:15,431 | INFO:           0.5
2021-06-03 19:48:15,431 | INFO: ///////////////////////////////////////////////
2021-06-03 19:48:15,517 | INFO: Proba Matrix for the model is
2021-06-03 19:48:15,517 | INFO: [0. 0. 1.]
2021-06-03 19:48:15,519 | INFO: arriving in fit
2021-06-03 19:48:15,850 | INFO: ///////////////////////////////////////////////
2021-06-03 19:48:15,850 | INFO:           0.7142857142857143
2021-06-03 19:48:15,851 | INFO: ///////////////////////////////////////////////
2021-06-03 19:48:15,934 | INFO: Proba Matrix for the model is
2021-06-03 19:48:15,934 | INFO: [1. 0. 0.]
2021-06-03 19:48:15,936 | INFO: arriving in fit
2021-06-03 19:48:16,264 | INFO: ///////////////////////////////////////////////
2021-06-03 19:48:16,264 | INFO:           0.3333333333333333
2021-06-03 19:48:16,264 | INFO: ///////////////////////////////////////////////
2021-06-03 19:48:16,349 | INFO: Proba Matrix for the model is
2021-06-03 19:48:16,349 | INFO: [0. 1. 0.]
2021-06-03 19:48:16,351 | INFO: arriving in fit
2021-06-03 19:48:16,673 | INFO: ///////////////////////////////////////////////
2021-06-03 19:48:16,673 | INFO:           0.5
2021-06-03 19:48:16,673 | INFO: ///////////////////////////////////////////////
2021-06-03 19:48:16,760 | INFO: Proba Matrix for the model is
2021-06-03 19:48:16,760 | INFO: [0.676 0.062 0.262]
2021-06-03 19:48:16,762 | INFO: arriving in fit
2021-06-03 19:48:17,084 | INFO: ///////////////////////////////////////////////
2021-06-03 19:48:17,085 | INFO:           0.42105263157894735
2021-06-03 19:48:17,085 | INFO: ///////////////////////////////////////////////
2021-06-03 19:48:17,168 | INFO: Proba Matrix for the model is
2021-06-03 19:48:17,168 | INFO: [0. 0. 1.]
2021-06-03 19:48:17,170 | INFO: arriving in fit
2021-06-03 19:48:17,475 | INFO: ///////////////////////////////////////////////
2021-06-03 19:48:17,475 | INFO:           0.75
2021-06-03 19:48:17,475 | INFO: ///////////////////////////////////////////////
2021-06-03 19:48:17,562 | INFO: Proba Matrix for the model is
2021-06-03 19:48:17,562 | INFO: [0. 0. 1.]
2021-06-03 19:48:17,564 | INFO: arriving in fit
2021-06-03 19:48:17,868 | INFO: ///////////////////////////////////////////////
2021-06-03 19:48:17,868 | INFO:           0.6363636363636364
2021-06-03 19:48:17,869 | INFO: ///////////////////////////////////////////////
2021-06-03 19:48:17,953 | INFO: Proba Matrix for the model is
2021-06-03 19:48:17,953 | INFO: [0.533 0.    0.467]
2021-06-03 19:48:17,954 | INFO: arriving in fit
2021-06-03 19:48:18,263 | INFO: ///////////////////////////////////////////////
2021-06-03 19:48:18,274 | INFO:           0.4
2021-06-03 19:48:18,274 | INFO: ///////////////////////////////////////////////
2021-06-03 19:48:18,356 | INFO: Proba Matrix for the model is
2021-06-03 19:48:18,356 | INFO: [0.    0.999 0.001]
2021-06-03 19:48:18,974 | INFO: ***********************************************************************************************
2021-06-03 19:48:18,974 | INFO: End of the Notebook in 0:00:37.209048  ! -- It is:  
2021-06-03 19:48:18,974 | INFO: 06/03/2021, 19:48:18
