2021-06-03 18:51:22,981 | INFO: 
2021-06-03 18:51:22,981 | INFO: ***************************************************************************************************
2021-06-03 18:51:22,981 | INFO: ***                                                                                             ***
2021-06-03 18:51:22,982 | INFO: ***   NEW RUN                                                                                   ***
2021-06-03 18:51:22,982 | INFO: ***                                                                                             ***
2021-06-03 18:51:22,982 | INFO: ***************************************************************************************************
2021-06-03 18:51:22,982 | INFO: I start to run your Notebook ! -- Good Luck :-) It is:  06/03/2021, 18:51:22
2021-06-03 18:51:24,848 | INFO: 8902 rows and 67 columns read in the CSV file
2021-06-03 18:51:24,862 | INFO: ------------------------------------------------------------------------------
2021-06-03 18:51:24,862 | INFO:      C U S T O M     T R A N S F O R M E R
2021-06-03 18:51:24,863 | INFO: 
2021-06-03 18:51:24,863 | INFO: [{'cols': ['NAV_VOL_SLOPE'], 'method': 'rolling', 'period': [2, 3, 4], 'original': False}, {'cols': ['NAV_PERF_SLOPE'], 'method': 'rolling', 'period': [2, 3, 4], 'original': False}, {'cols': ['BENCH_PERF_SLOPE'], 'method': 'rolling', 'period': [2, 3, 4], 'original': False}, {'cols': ['BENCH_VOL_SLOPE'], 'method': 'rolling', 'period': [2, 3, 4], 'original': False}, {'cols': ['AUM'], 'method': 'rolling', 'period': [2, 3, 4], 'original': False}, {'cols': ['NET_FLOWS'], 'method': 'rolling', 'period': [2, 3, 4], 'original': False}, {'cols': ['IN_FLOWS'], 'method': 'rolling', 'period': [2, 3, 4], 'original': False}, {'cols': ['OUT_FLOWS'], 'method': 'rolling', 'period': [2, 3, 4], 'original': False}, {'cols': ['POSITIVE_RFP'], 'method': 'shift', 'period': [1, 2, 3], 'original': False}, {'cols': ['BENCH_PERF_SLOPE_ERROR'], 'method': 'shift', 'period': [1, 2, 3], 'original': False}, {'cols': ['BENCH_VOL_SLOPE_ERROR'], 'method': 'shift', 'period': [1, 2, 3], 'original': False}, {'cols': ['NAV_PERF_SLOPE_ERROR'], 'method': 'shift', 'period': [1, 2, 3], 'original': False}, {'cols': ['NAV_VOL_SLOPE_ERROR'], 'method': 'shift', 'period': [1, 2, 3], 'original': False}, {'cols': ['EVENT_IMPACT'], 'method': 'ewm', 'period': [1, 3, 6], 'original': False}, {'cols': ['PSU_SCORE'], 'method': 'ewm', 'period': [1, 3, 6], 'original': False}, {'cols': ['DOWNLOADED_DOCUMENTS'], 'method': 'ewm', 'period': [1, 3, 6], 'original': False}]
2021-06-03 18:51:24,878 | INFO: NumExpr defaulting to 8 threads.
2021-06-03 18:51:24,904 | INFO: arriving in fit
2021-06-03 18:51:25,721 | INFO: ///////////////////////////////////////////////
2021-06-03 18:51:25,721 | INFO:           0.42424242424242425
2021-06-03 18:51:25,721 | INFO: ///////////////////////////////////////////////
2021-06-03 18:51:25,797 | INFO: Proba Matrix for the model is
2021-06-03 18:51:25,797 | INFO: [0.014 0.    0.986]
2021-06-03 18:51:25,799 | INFO: arriving in fit
2021-06-03 18:51:26,158 | INFO: ///////////////////////////////////////////////
2021-06-03 18:51:26,159 | INFO:           0.6666666666666666
2021-06-03 18:51:26,159 | INFO: ///////////////////////////////////////////////
2021-06-03 18:51:26,241 | INFO: Proba Matrix for the model is
2021-06-03 18:51:26,241 | INFO: [0. 0. 1.]
2021-06-03 18:51:26,244 | INFO: arriving in fit
2021-06-03 18:51:26,577 | INFO: ///////////////////////////////////////////////
2021-06-03 18:51:26,582 | INFO:           0.38461538461538464
2021-06-03 18:51:26,582 | INFO: ///////////////////////////////////////////////
2021-06-03 18:51:26,662 | INFO: Proba Matrix for the model is
2021-06-03 18:51:26,662 | INFO: [1. 0. 0.]
2021-06-03 18:51:26,664 | INFO: arriving in fit
2021-06-03 18:51:26,985 | INFO: ///////////////////////////////////////////////
2021-06-03 18:51:26,986 | INFO:           0.5454545454545454
2021-06-03 18:51:26,986 | INFO: ///////////////////////////////////////////////
2021-06-03 18:51:27,069 | INFO: Proba Matrix for the model is
2021-06-03 18:51:27,069 | INFO: [0.    0.078 0.922]
2021-06-03 18:51:27,071 | INFO: arriving in fit
2021-06-03 18:51:27,429 | INFO: ///////////////////////////////////////////////
2021-06-03 18:51:27,429 | INFO:           0.4
2021-06-03 18:51:27,429 | INFO: ///////////////////////////////////////////////
2021-06-03 18:51:27,510 | INFO: Proba Matrix for the model is
2021-06-03 18:51:27,510 | INFO: [0.    0.515 0.485]
2021-06-03 18:51:27,512 | INFO: arriving in fit
2021-06-03 18:51:27,842 | INFO: ///////////////////////////////////////////////
2021-06-03 18:51:27,842 | INFO:           0.375
2021-06-03 18:51:27,842 | INFO: ///////////////////////////////////////////////
2021-06-03 18:51:27,924 | INFO: Proba Matrix for the model is
2021-06-03 18:51:27,924 | INFO: [0. 1. 0.]
2021-06-03 18:51:27,926 | INFO: arriving in fit
2021-06-03 18:51:28,290 | INFO: ///////////////////////////////////////////////
2021-06-03 18:51:28,290 | INFO:           0.41379310344827586
2021-06-03 18:51:28,290 | INFO: ///////////////////////////////////////////////
2021-06-03 18:51:28,373 | INFO: Proba Matrix for the model is
2021-06-03 18:51:28,373 | INFO: [0.832 0.168 0.   ]
2021-06-03 18:51:28,375 | INFO: arriving in fit
2021-06-03 18:51:28,713 | INFO: ///////////////////////////////////////////////
2021-06-03 18:51:28,713 | INFO:           0.6333333333333333
2021-06-03 18:51:28,713 | INFO: ///////////////////////////////////////////////
2021-06-03 18:51:28,797 | INFO: Proba Matrix for the model is
2021-06-03 18:51:28,797 | INFO: [0. 1. 0.]
2021-06-03 18:51:28,799 | INFO: arriving in fit
2021-06-03 18:51:29,164 | INFO: ///////////////////////////////////////////////
2021-06-03 18:51:29,164 | INFO:           0.3448275862068966
2021-06-03 18:51:29,164 | INFO: ///////////////////////////////////////////////
2021-06-03 18:51:29,243 | INFO: Proba Matrix for the model is
2021-06-03 18:51:29,244 | INFO: [0.002 0.966 0.032]
2021-06-03 18:51:29,245 | INFO: arriving in fit
2021-06-03 18:51:29,628 | INFO: ///////////////////////////////////////////////
2021-06-03 18:51:29,628 | INFO:           0.6764705882352942
2021-06-03 18:51:29,629 | INFO: ///////////////////////////////////////////////
2021-06-03 18:51:29,709 | INFO: Proba Matrix for the model is
2021-06-03 18:51:29,709 | INFO: [0. 1. 0.]
2021-06-03 18:51:29,711 | INFO: arriving in fit
2021-06-03 18:51:30,029 | INFO: ///////////////////////////////////////////////
2021-06-03 18:51:30,029 | INFO:           0.7333333333333333
2021-06-03 18:51:30,029 | INFO: ///////////////////////////////////////////////
2021-06-03 18:51:30,111 | INFO: Proba Matrix for the model is
2021-06-03 18:51:30,111 | INFO: [0. 1. 0.]
2021-06-03 18:51:30,113 | INFO: arriving in fit
2021-06-03 18:51:30,466 | INFO: ///////////////////////////////////////////////
2021-06-03 18:51:30,466 | INFO:           0.5161290322580645
2021-06-03 18:51:30,466 | INFO: ///////////////////////////////////////////////
2021-06-03 18:51:30,541 | INFO: Proba Matrix for the model is
2021-06-03 18:51:30,542 | INFO: [1. 0. 0.]
2021-06-03 18:51:30,543 | INFO: arriving in fit
2021-06-03 18:51:30,890 | INFO: ///////////////////////////////////////////////
2021-06-03 18:51:30,890 | INFO:           0.46875
2021-06-03 18:51:30,891 | INFO: ///////////////////////////////////////////////
2021-06-03 18:51:30,965 | INFO: Proba Matrix for the model is
2021-06-03 18:51:30,965 | INFO: [0.943 0.057 0.   ]
2021-06-03 18:51:30,967 | INFO: arriving in fit
2021-06-03 18:51:31,256 | INFO: ///////////////////////////////////////////////
2021-06-03 18:51:31,265 | INFO:           0.4782608695652174
2021-06-03 18:51:31,265 | INFO: ///////////////////////////////////////////////
2021-06-03 18:51:31,339 | INFO: Proba Matrix for the model is
2021-06-03 18:51:31,339 | INFO: [0. 0. 1.]
2021-06-03 18:51:31,341 | INFO: arriving in fit
2021-06-03 18:51:31,644 | INFO: ///////////////////////////////////////////////
2021-06-03 18:51:31,644 | INFO:           0.5294117647058824
2021-06-03 18:51:31,644 | INFO: ///////////////////////////////////////////////
2021-06-03 18:51:31,721 | INFO: Proba Matrix for the model is
2021-06-03 18:51:31,721 | INFO: [0. 1. 0.]
2021-06-03 18:51:31,723 | INFO: arriving in fit
2021-06-03 18:51:32,018 | INFO: ///////////////////////////////////////////////
2021-06-03 18:51:32,018 | INFO:           0.5909090909090909
2021-06-03 18:51:32,018 | INFO: ///////////////////////////////////////////////
2021-06-03 18:51:32,094 | INFO: Proba Matrix for the model is
2021-06-03 18:51:32,094 | INFO: [0.999 0.    0.001]
2021-06-03 18:51:32,095 | INFO: arriving in fit
2021-06-03 18:51:32,389 | INFO: ///////////////////////////////////////////////
2021-06-03 18:51:32,389 | INFO:           0.5517241379310345
2021-06-03 18:51:32,389 | INFO: ///////////////////////////////////////////////
2021-06-03 18:51:32,464 | INFO: Proba Matrix for the model is
2021-06-03 18:51:32,464 | INFO: [1. 0. 0.]
2021-06-03 18:51:32,466 | INFO: arriving in fit
2021-06-03 18:51:32,779 | INFO: ///////////////////////////////////////////////
2021-06-03 18:51:32,779 | INFO:           0.5454545454545454
2021-06-03 18:51:32,779 | INFO: ///////////////////////////////////////////////
2021-06-03 18:51:32,856 | INFO: Proba Matrix for the model is
2021-06-03 18:51:32,856 | INFO: [0.996 0.004 0.   ]
2021-06-03 18:51:32,857 | INFO: arriving in fit
2021-06-03 18:51:33,245 | INFO: ///////////////////////////////////////////////
2021-06-03 18:51:33,245 | INFO:           0.20689655172413793
2021-06-03 18:51:33,245 | INFO: ///////////////////////////////////////////////
2021-06-03 18:51:33,325 | INFO: Proba Matrix for the model is
2021-06-03 18:51:33,325 | INFO: [1. 0. 0.]
2021-06-03 18:51:33,327 | INFO: arriving in fit
2021-06-03 18:51:33,674 | INFO: ///////////////////////////////////////////////
2021-06-03 18:51:33,674 | INFO:           0.4666666666666667
2021-06-03 18:51:33,674 | INFO: ///////////////////////////////////////////////
2021-06-03 18:51:33,749 | INFO: Proba Matrix for the model is
2021-06-03 18:51:33,750 | INFO: [0.001 0.999 0.   ]
2021-06-03 18:51:33,751 | INFO: arriving in fit
2021-06-03 18:51:34,112 | INFO: ///////////////////////////////////////////////
2021-06-03 18:51:34,112 | INFO:           0.47058823529411764
2021-06-03 18:51:34,112 | INFO: ///////////////////////////////////////////////
2021-06-03 18:51:34,189 | INFO: Proba Matrix for the model is
2021-06-03 18:51:34,189 | INFO: [0. 1. 0.]
2021-06-03 18:51:34,191 | INFO: arriving in fit
2021-06-03 18:51:34,521 | INFO: ///////////////////////////////////////////////
2021-06-03 18:51:34,521 | INFO:           0.5
2021-06-03 18:51:34,521 | INFO: ///////////////////////////////////////////////
2021-06-03 18:51:34,599 | INFO: Proba Matrix for the model is
2021-06-03 18:51:34,599 | INFO: [1. 0. 0.]
2021-06-03 18:51:34,601 | INFO: arriving in fit
2021-06-03 18:51:34,931 | INFO: ///////////////////////////////////////////////
2021-06-03 18:51:34,931 | INFO:           0.45454545454545453
2021-06-03 18:51:34,931 | INFO: ///////////////////////////////////////////////
2021-06-03 18:51:35,010 | INFO: Proba Matrix for the model is
2021-06-03 18:51:35,010 | INFO: [0.031 0.966 0.003]
2021-06-03 18:51:35,012 | INFO: arriving in fit
2021-06-03 18:51:35,362 | INFO: ///////////////////////////////////////////////
2021-06-03 18:51:35,362 | INFO:           0.45161290322580644
2021-06-03 18:51:35,362 | INFO: ///////////////////////////////////////////////
2021-06-03 18:51:35,438 | INFO: Proba Matrix for the model is
2021-06-03 18:51:35,438 | INFO: [0. 1. 0.]
2021-06-03 18:51:35,440 | INFO: arriving in fit
2021-06-03 18:51:35,791 | INFO: ///////////////////////////////////////////////
2021-06-03 18:51:35,791 | INFO:           0.6129032258064516
2021-06-03 18:51:35,791 | INFO: ///////////////////////////////////////////////
2021-06-03 18:51:35,869 | INFO: Proba Matrix for the model is
2021-06-03 18:51:35,870 | INFO: [0.063 0.006 0.931]
2021-06-03 18:51:35,871 | INFO: arriving in fit
2021-06-03 18:51:36,207 | INFO: ///////////////////////////////////////////////
2021-06-03 18:51:36,207 | INFO:           0.43478260869565216
2021-06-03 18:51:36,207 | INFO: ///////////////////////////////////////////////
2021-06-03 18:51:36,287 | INFO: Proba Matrix for the model is
2021-06-03 18:51:36,287 | INFO: [1. 0. 0.]
2021-06-03 18:51:36,289 | INFO: arriving in fit
2021-06-03 18:51:36,624 | INFO: ///////////////////////////////////////////////
2021-06-03 18:51:36,624 | INFO:           0.5666666666666667
2021-06-03 18:51:36,624 | INFO: ///////////////////////////////////////////////
2021-06-03 18:51:36,701 | INFO: Proba Matrix for the model is
2021-06-03 18:51:36,701 | INFO: [0. 1. 0.]
2021-06-03 18:51:36,704 | INFO: arriving in fit
2021-06-03 18:51:37,050 | INFO: ///////////////////////////////////////////////
2021-06-03 18:51:37,050 | INFO:           0.47058823529411764
2021-06-03 18:51:37,050 | INFO: ///////////////////////////////////////////////
2021-06-03 18:51:37,127 | INFO: Proba Matrix for the model is
2021-06-03 18:51:37,127 | INFO: [1. 0. 0.]
2021-06-03 18:51:37,129 | INFO: arriving in fit
2021-06-03 18:51:37,490 | INFO: ///////////////////////////////////////////////
2021-06-03 18:51:37,490 | INFO:           0.5517241379310345
2021-06-03 18:51:37,490 | INFO: ///////////////////////////////////////////////
2021-06-03 18:51:37,569 | INFO: Proba Matrix for the model is
2021-06-03 18:51:37,569 | INFO: [0. 0. 1.]
2021-06-03 18:51:37,571 | INFO: arriving in fit
2021-06-03 18:51:37,930 | INFO: ///////////////////////////////////////////////
2021-06-03 18:51:37,930 | INFO:           0.5294117647058824
2021-06-03 18:51:37,930 | INFO: ///////////////////////////////////////////////
2021-06-03 18:51:38,008 | INFO: Proba Matrix for the model is
2021-06-03 18:51:38,008 | INFO: [0. 0. 1.]
2021-06-03 18:51:38,009 | INFO: arriving in fit
2021-06-03 18:51:38,412 | INFO: ///////////////////////////////////////////////
2021-06-03 18:51:38,412 | INFO:           0.47058823529411764
2021-06-03 18:51:38,412 | INFO: ///////////////////////////////////////////////
2021-06-03 18:51:38,492 | INFO: Proba Matrix for the model is
2021-06-03 18:51:38,492 | INFO: [1. 0. 0.]
2021-06-03 18:51:38,494 | INFO: arriving in fit
2021-06-03 18:51:38,866 | INFO: ///////////////////////////////////////////////
2021-06-03 18:51:38,866 | INFO:           0.5
2021-06-03 18:51:38,866 | INFO: ///////////////////////////////////////////////
2021-06-03 18:51:38,947 | INFO: Proba Matrix for the model is
2021-06-03 18:51:38,947 | INFO: [0. 0. 1.]
2021-06-03 18:51:38,949 | INFO: arriving in fit
2021-06-03 18:51:39,270 | INFO: ///////////////////////////////////////////////
2021-06-03 18:51:39,270 | INFO:           0.7941176470588235
2021-06-03 18:51:39,270 | INFO: ///////////////////////////////////////////////
2021-06-03 18:51:39,352 | INFO: Proba Matrix for the model is
2021-06-03 18:51:39,352 | INFO: [0. 1. 0.]
2021-06-03 18:51:39,353 | INFO: arriving in fit
2021-06-03 18:51:39,708 | INFO: ///////////////////////////////////////////////
2021-06-03 18:51:39,724 | INFO:           0.47058823529411764
2021-06-03 18:51:39,725 | INFO: ///////////////////////////////////////////////
2021-06-03 18:51:39,851 | INFO: Proba Matrix for the model is
2021-06-03 18:51:39,851 | INFO: [0. 0. 1.]
2021-06-03 18:51:39,853 | INFO: arriving in fit
2021-06-03 18:51:40,178 | INFO: ///////////////////////////////////////////////
2021-06-03 18:51:40,182 | INFO:           0.59375
2021-06-03 18:51:40,182 | INFO: ///////////////////////////////////////////////
2021-06-03 18:51:40,261 | INFO: Proba Matrix for the model is
2021-06-03 18:51:40,261 | INFO: [0.222 0.    0.778]
2021-06-03 18:51:40,263 | INFO: arriving in fit
2021-06-03 18:51:40,589 | INFO: ///////////////////////////////////////////////
2021-06-03 18:51:40,589 | INFO:           0.4444444444444444
2021-06-03 18:51:40,589 | INFO: ///////////////////////////////////////////////
2021-06-03 18:51:40,670 | INFO: Proba Matrix for the model is
2021-06-03 18:51:40,671 | INFO: [0. 1. 0.]
2021-06-03 18:51:40,673 | INFO: arriving in fit
2021-06-03 18:51:41,041 | INFO: ///////////////////////////////////////////////
2021-06-03 18:51:41,041 | INFO:           0.5757575757575758
2021-06-03 18:51:41,041 | INFO: ///////////////////////////////////////////////
2021-06-03 18:51:41,122 | INFO: Proba Matrix for the model is
2021-06-03 18:51:41,122 | INFO: [1. 0. 0.]
2021-06-03 18:51:41,124 | INFO: arriving in fit
2021-06-03 18:51:41,461 | INFO: ///////////////////////////////////////////////
2021-06-03 18:51:41,461 | INFO:           0.375
2021-06-03 18:51:41,461 | INFO: ///////////////////////////////////////////////
2021-06-03 18:51:41,542 | INFO: Proba Matrix for the model is
2021-06-03 18:51:41,542 | INFO: [1. 0. 0.]
2021-06-03 18:51:41,544 | INFO: arriving in fit
2021-06-03 18:51:41,947 | INFO: ///////////////////////////////////////////////
2021-06-03 18:51:41,947 | INFO:           0.4838709677419355
2021-06-03 18:51:41,947 | INFO: ///////////////////////////////////////////////
2021-06-03 18:51:42,029 | INFO: Proba Matrix for the model is
2021-06-03 18:51:42,029 | INFO: [1. 0. 0.]
2021-06-03 18:51:42,031 | INFO: arriving in fit
2021-06-03 18:51:42,408 | INFO: ///////////////////////////////////////////////
2021-06-03 18:51:42,409 | INFO:           0.5625
2021-06-03 18:51:42,409 | INFO: ///////////////////////////////////////////////
2021-06-03 18:51:42,489 | INFO: Proba Matrix for the model is
2021-06-03 18:51:42,489 | INFO: [0. 0. 1.]
2021-06-03 18:51:42,491 | INFO: arriving in fit
2021-06-03 18:51:42,875 | INFO: ///////////////////////////////////////////////
2021-06-03 18:51:42,875 | INFO:           0.46875
2021-06-03 18:51:42,875 | INFO: ///////////////////////////////////////////////
2021-06-03 18:51:42,956 | INFO: Proba Matrix for the model is
2021-06-03 18:51:42,957 | INFO: [0.    0.893 0.107]
2021-06-03 18:51:42,959 | INFO: arriving in fit
2021-06-03 18:51:43,359 | INFO: ///////////////////////////////////////////////
2021-06-03 18:51:43,359 | INFO:           0.5588235294117647
2021-06-03 18:51:43,359 | INFO: ///////////////////////////////////////////////
2021-06-03 18:51:43,438 | INFO: Proba Matrix for the model is
2021-06-03 18:51:43,438 | INFO: [0. 1. 0.]
2021-06-03 18:51:43,439 | INFO: arriving in fit
2021-06-03 18:51:43,809 | INFO: ///////////////////////////////////////////////
2021-06-03 18:51:43,809 | INFO:           0.45454545454545453
2021-06-03 18:51:43,809 | INFO: ///////////////////////////////////////////////
2021-06-03 18:51:43,891 | INFO: Proba Matrix for the model is
2021-06-03 18:51:43,891 | INFO: [1. 0. 0.]
2021-06-03 18:51:43,893 | INFO: arriving in fit
2021-06-03 18:51:44,202 | INFO: ///////////////////////////////////////////////
2021-06-03 18:51:44,202 | INFO:           0.35294117647058826
2021-06-03 18:51:44,202 | INFO: ///////////////////////////////////////////////
2021-06-03 18:51:44,283 | INFO: Proba Matrix for the model is
2021-06-03 18:51:44,284 | INFO: [0.001 0.    0.999]
2021-06-03 18:51:44,286 | INFO: arriving in fit
2021-06-03 18:51:44,736 | INFO: ///////////////////////////////////////////////
2021-06-03 18:51:44,736 | INFO:           0.4666666666666667
2021-06-03 18:51:44,736 | INFO: ///////////////////////////////////////////////
2021-06-03 18:51:44,819 | INFO: Proba Matrix for the model is
2021-06-03 18:51:44,820 | INFO: [0. 1. 0.]
2021-06-03 18:51:44,821 | INFO: arriving in fit
2021-06-03 18:51:45,160 | INFO: ///////////////////////////////////////////////
2021-06-03 18:51:45,160 | INFO:           0.6
2021-06-03 18:51:45,160 | INFO: ///////////////////////////////////////////////
2021-06-03 18:51:45,242 | INFO: Proba Matrix for the model is
2021-06-03 18:51:45,242 | INFO: [0. 0. 1.]
2021-06-03 18:51:45,245 | INFO: arriving in fit
2021-06-03 18:51:45,561 | INFO: ///////////////////////////////////////////////
2021-06-03 18:51:45,561 | INFO:           0.41379310344827586
2021-06-03 18:51:45,561 | INFO: ///////////////////////////////////////////////
2021-06-03 18:51:45,639 | INFO: Proba Matrix for the model is
2021-06-03 18:51:45,639 | INFO: [1. 0. 0.]
2021-06-03 18:51:45,641 | INFO: arriving in fit
2021-06-03 18:51:45,998 | INFO: ///////////////////////////////////////////////
2021-06-03 18:51:45,999 | INFO:           0.45454545454545453
2021-06-03 18:51:45,999 | INFO: ///////////////////////////////////////////////
2021-06-03 18:51:46,078 | INFO: Proba Matrix for the model is
2021-06-03 18:51:46,079 | INFO: [1. 0. 0.]
2021-06-03 18:51:46,080 | INFO: arriving in fit
2021-06-03 18:51:46,386 | INFO: ///////////////////////////////////////////////
2021-06-03 18:51:46,387 | INFO:           0.5555555555555556
2021-06-03 18:51:46,387 | INFO: ///////////////////////////////////////////////
2021-06-03 18:51:46,467 | INFO: Proba Matrix for the model is
2021-06-03 18:51:46,467 | INFO: [0. 0. 1.]
2021-06-03 18:51:46,469 | INFO: arriving in fit
2021-06-03 18:51:46,821 | INFO: ///////////////////////////////////////////////
2021-06-03 18:51:46,822 | INFO:           0.5333333333333333
2021-06-03 18:51:46,822 | INFO: ///////////////////////////////////////////////
2021-06-03 18:51:46,904 | INFO: Proba Matrix for the model is
2021-06-03 18:51:46,904 | INFO: [0. 1. 0.]
2021-06-03 18:51:46,906 | INFO: arriving in fit
2021-06-03 18:51:47,335 | INFO: ///////////////////////////////////////////////
2021-06-03 18:51:47,336 | INFO:           0.4838709677419355
2021-06-03 18:51:47,336 | INFO: ///////////////////////////////////////////////
2021-06-03 18:51:47,418 | INFO: Proba Matrix for the model is
2021-06-03 18:51:47,418 | INFO: [0.019 0.981 0.   ]
2021-06-03 18:51:47,420 | INFO: arriving in fit
2021-06-03 18:51:47,778 | INFO: ///////////////////////////////////////////////
2021-06-03 18:51:47,778 | INFO:           0.4117647058823529
2021-06-03 18:51:47,778 | INFO: ///////////////////////////////////////////////
2021-06-03 18:51:47,857 | INFO: Proba Matrix for the model is
2021-06-03 18:51:47,857 | INFO: [0. 0. 1.]
2021-06-03 18:51:47,859 | INFO: arriving in fit
2021-06-03 18:51:48,208 | INFO: ///////////////////////////////////////////////
2021-06-03 18:51:48,209 | INFO:           0.5151515151515151
2021-06-03 18:51:48,209 | INFO: ///////////////////////////////////////////////
2021-06-03 18:51:48,287 | INFO: Proba Matrix for the model is
2021-06-03 18:51:48,287 | INFO: [1. 0. 0.]
2021-06-03 18:51:48,290 | INFO: arriving in fit
2021-06-03 18:51:48,610 | INFO: ///////////////////////////////////////////////
2021-06-03 18:51:48,610 | INFO:           0.696969696969697
2021-06-03 18:51:48,610 | INFO: ///////////////////////////////////////////////
2021-06-03 18:51:48,686 | INFO: Proba Matrix for the model is
2021-06-03 18:51:48,686 | INFO: [0. 0. 1.]
2021-06-03 18:51:48,688 | INFO: arriving in fit
2021-06-03 18:51:49,029 | INFO: ///////////////////////////////////////////////
2021-06-03 18:51:49,029 | INFO:           0.38235294117647056
2021-06-03 18:51:49,029 | INFO: ///////////////////////////////////////////////
2021-06-03 18:51:49,106 | INFO: Proba Matrix for the model is
2021-06-03 18:51:49,106 | INFO: [1. 0. 0.]
2021-06-03 18:51:49,108 | INFO: arriving in fit
2021-06-03 18:51:49,424 | INFO: ///////////////////////////////////////////////
2021-06-03 18:51:49,424 | INFO:           0.5384615384615384
2021-06-03 18:51:49,424 | INFO: ///////////////////////////////////////////////
2021-06-03 18:51:49,509 | INFO: Proba Matrix for the model is
2021-06-03 18:51:49,509 | INFO: [0. 0. 1.]
2021-06-03 18:51:49,511 | INFO: arriving in fit
2021-06-03 18:51:49,890 | INFO: ///////////////////////////////////////////////
2021-06-03 18:51:49,890 | INFO:           0.5625
2021-06-03 18:51:49,890 | INFO: ///////////////////////////////////////////////
2021-06-03 18:51:49,971 | INFO: Proba Matrix for the model is
2021-06-03 18:51:49,972 | INFO: [0. 1. 0.]
2021-06-03 18:51:49,973 | INFO: arriving in fit
2021-06-03 18:51:50,279 | INFO: ///////////////////////////////////////////////
2021-06-03 18:51:50,279 | INFO:           0.625
2021-06-03 18:51:50,279 | INFO: ///////////////////////////////////////////////
2021-06-03 18:51:50,357 | INFO: Proba Matrix for the model is
2021-06-03 18:51:50,357 | INFO: [0. 1. 0.]
2021-06-03 18:51:50,358 | INFO: arriving in fit
2021-06-03 18:51:50,686 | INFO: ///////////////////////////////////////////////
2021-06-03 18:51:50,686 | INFO:           0.5625
2021-06-03 18:51:50,686 | INFO: ///////////////////////////////////////////////
2021-06-03 18:51:50,762 | INFO: Proba Matrix for the model is
2021-06-03 18:51:50,763 | INFO: [1. 0. 0.]
2021-06-03 18:51:50,764 | INFO: arriving in fit
2021-06-03 18:51:51,123 | INFO: ///////////////////////////////////////////////
2021-06-03 18:51:51,123 | INFO:           0.41935483870967744
2021-06-03 18:51:51,123 | INFO: ///////////////////////////////////////////////
2021-06-03 18:51:51,198 | INFO: Proba Matrix for the model is
2021-06-03 18:51:51,198 | INFO: [0. 0. 1.]
2021-06-03 18:51:51,200 | INFO: arriving in fit
2021-06-03 18:51:51,516 | INFO: ///////////////////////////////////////////////
2021-06-03 18:51:51,517 | INFO:           0.6129032258064516
2021-06-03 18:51:51,517 | INFO: ///////////////////////////////////////////////
2021-06-03 18:51:51,595 | INFO: Proba Matrix for the model is
2021-06-03 18:51:51,595 | INFO: [0. 0. 1.]
2021-06-03 18:51:51,596 | INFO: arriving in fit
2021-06-03 18:51:51,927 | INFO: ///////////////////////////////////////////////
2021-06-03 18:51:51,927 | INFO:           0.4642857142857143
2021-06-03 18:51:51,927 | INFO: ///////////////////////////////////////////////
2021-06-03 18:51:52,008 | INFO: Proba Matrix for the model is
2021-06-03 18:51:52,008 | INFO: [0. 0. 1.]
2021-06-03 18:51:52,010 | INFO: arriving in fit
2021-06-03 18:51:52,359 | INFO: ///////////////////////////////////////////////
2021-06-03 18:51:52,359 | INFO:           0.3125
2021-06-03 18:51:52,359 | INFO: ///////////////////////////////////////////////
2021-06-03 18:51:52,440 | INFO: Proba Matrix for the model is
2021-06-03 18:51:52,441 | INFO: [0. 0. 1.]
2021-06-03 18:51:52,442 | INFO: arriving in fit
2021-06-03 18:51:52,770 | INFO: ///////////////////////////////////////////////
2021-06-03 18:51:52,770 | INFO:           0.45
2021-06-03 18:51:52,770 | INFO: ///////////////////////////////////////////////
2021-06-03 18:51:52,851 | INFO: Proba Matrix for the model is
2021-06-03 18:51:52,852 | INFO: [0.    0.023 0.977]
2021-06-03 18:51:52,854 | INFO: arriving in fit
2021-06-03 18:51:53,173 | INFO: ///////////////////////////////////////////////
2021-06-03 18:51:53,174 | INFO:           0.5238095238095238
2021-06-03 18:51:53,174 | INFO: ///////////////////////////////////////////////
2021-06-03 18:51:53,255 | INFO: Proba Matrix for the model is
2021-06-03 18:51:53,255 | INFO: [0.    0.002 0.998]
2021-06-03 18:51:53,257 | INFO: arriving in fit
2021-06-03 18:51:53,566 | INFO: ///////////////////////////////////////////////
2021-06-03 18:51:53,566 | INFO:           0.36363636363636365
2021-06-03 18:51:53,566 | INFO: ///////////////////////////////////////////////
2021-06-03 18:51:53,646 | INFO: Proba Matrix for the model is
2021-06-03 18:51:53,646 | INFO: [0.794 0.047 0.158]
2021-06-03 18:51:53,649 | INFO: arriving in fit
2021-06-03 18:51:53,975 | INFO: ///////////////////////////////////////////////
2021-06-03 18:51:53,975 | INFO:           0.5185185185185185
2021-06-03 18:51:53,975 | INFO: ///////////////////////////////////////////////
2021-06-03 18:51:54,057 | INFO: Proba Matrix for the model is
2021-06-03 18:51:54,058 | INFO: [0. 1. 0.]
2021-06-03 18:51:54,059 | INFO: arriving in fit
2021-06-03 18:51:54,379 | INFO: ///////////////////////////////////////////////
2021-06-03 18:51:54,380 | INFO:           0.6
2021-06-03 18:51:54,380 | INFO: ///////////////////////////////////////////////
2021-06-03 18:51:54,458 | INFO: Proba Matrix for the model is
2021-06-03 18:51:54,459 | INFO: [0. 1. 0.]
2021-06-03 18:51:54,461 | INFO: arriving in fit
2021-06-03 18:51:54,785 | INFO: ///////////////////////////////////////////////
2021-06-03 18:51:54,785 | INFO:           0.5416666666666666
2021-06-03 18:51:54,785 | INFO: ///////////////////////////////////////////////
2021-06-03 18:51:54,866 | INFO: Proba Matrix for the model is
2021-06-03 18:51:54,866 | INFO: [1. 0. 0.]
2021-06-03 18:51:54,869 | INFO: arriving in fit
2021-06-03 18:51:55,201 | INFO: ///////////////////////////////////////////////
2021-06-03 18:51:55,201 | INFO:           0.6153846153846154
2021-06-03 18:51:55,201 | INFO: ///////////////////////////////////////////////
2021-06-03 18:51:55,283 | INFO: Proba Matrix for the model is
2021-06-03 18:51:55,283 | INFO: [0.016 0.984 0.   ]
2021-06-03 18:51:55,285 | INFO: arriving in fit
2021-06-03 18:51:55,611 | INFO: ///////////////////////////////////////////////
2021-06-03 18:51:55,612 | INFO:           0.5
2021-06-03 18:51:55,612 | INFO: ///////////////////////////////////////////////
2021-06-03 18:51:55,692 | INFO: Proba Matrix for the model is
2021-06-03 18:51:55,692 | INFO: [0. 0. 1.]
2021-06-03 18:51:55,695 | INFO: arriving in fit
2021-06-03 18:51:56,026 | INFO: ///////////////////////////////////////////////
2021-06-03 18:51:56,027 | INFO:           0.4
2021-06-03 18:51:56,027 | INFO: ///////////////////////////////////////////////
2021-06-03 18:51:56,111 | INFO: Proba Matrix for the model is
2021-06-03 18:51:56,111 | INFO: [1. 0. 0.]
2021-06-03 18:51:56,113 | INFO: arriving in fit
2021-06-03 18:51:56,435 | INFO: ///////////////////////////////////////////////
2021-06-03 18:51:56,435 | INFO:           0.6956521739130435
2021-06-03 18:51:56,435 | INFO: ///////////////////////////////////////////////
2021-06-03 18:51:56,515 | INFO: Proba Matrix for the model is
2021-06-03 18:51:56,515 | INFO: [0. 1. 0.]
2021-06-03 18:51:56,517 | INFO: arriving in fit
2021-06-03 18:51:56,840 | INFO: ///////////////////////////////////////////////
2021-06-03 18:51:56,840 | INFO:           0.5
2021-06-03 18:51:56,840 | INFO: ///////////////////////////////////////////////
2021-06-03 18:51:56,916 | INFO: Proba Matrix for the model is
2021-06-03 18:51:56,916 | INFO: [0. 0. 1.]
2021-06-03 18:51:56,918 | INFO: arriving in fit
2021-06-03 18:51:57,227 | INFO: ///////////////////////////////////////////////
2021-06-03 18:51:57,228 | INFO:           0.7142857142857143
2021-06-03 18:51:57,228 | INFO: ///////////////////////////////////////////////
2021-06-03 18:51:57,308 | INFO: Proba Matrix for the model is
2021-06-03 18:51:57,308 | INFO: [1. 0. 0.]
2021-06-03 18:51:57,310 | INFO: arriving in fit
2021-06-03 18:51:57,614 | INFO: ///////////////////////////////////////////////
2021-06-03 18:51:57,614 | INFO:           0.3333333333333333
2021-06-03 18:51:57,614 | INFO: ///////////////////////////////////////////////
2021-06-03 18:51:57,692 | INFO: Proba Matrix for the model is
2021-06-03 18:51:57,692 | INFO: [0. 1. 0.]
2021-06-03 18:51:57,694 | INFO: arriving in fit
2021-06-03 18:51:58,005 | INFO: ///////////////////////////////////////////////
2021-06-03 18:51:58,005 | INFO:           0.5
2021-06-03 18:51:58,005 | INFO: ///////////////////////////////////////////////
2021-06-03 18:51:58,090 | INFO: Proba Matrix for the model is
2021-06-03 18:51:58,090 | INFO: [0.676 0.062 0.262]
2021-06-03 18:51:58,092 | INFO: arriving in fit
2021-06-03 18:51:58,414 | INFO: ///////////////////////////////////////////////
2021-06-03 18:51:58,414 | INFO:           0.42105263157894735
2021-06-03 18:51:58,414 | INFO: ///////////////////////////////////////////////
2021-06-03 18:51:58,497 | INFO: Proba Matrix for the model is
2021-06-03 18:51:58,497 | INFO: [0. 0. 1.]
2021-06-03 18:51:58,499 | INFO: arriving in fit
2021-06-03 18:51:58,807 | INFO: ///////////////////////////////////////////////
2021-06-03 18:51:58,808 | INFO:           0.75
2021-06-03 18:51:58,808 | INFO: ///////////////////////////////////////////////
2021-06-03 18:51:58,891 | INFO: Proba Matrix for the model is
2021-06-03 18:51:58,891 | INFO: [0. 0. 1.]
2021-06-03 18:51:58,893 | INFO: arriving in fit
2021-06-03 18:51:59,200 | INFO: ///////////////////////////////////////////////
2021-06-03 18:51:59,200 | INFO:           0.6363636363636364
2021-06-03 18:51:59,200 | INFO: ///////////////////////////////////////////////
2021-06-03 18:51:59,281 | INFO: Proba Matrix for the model is
2021-06-03 18:51:59,281 | INFO: [0.533 0.    0.467]
2021-06-03 18:51:59,282 | INFO: arriving in fit
2021-06-03 18:51:59,599 | INFO: ///////////////////////////////////////////////
2021-06-03 18:51:59,599 | INFO:           0.4
2021-06-03 18:51:59,599 | INFO: ///////////////////////////////////////////////
2021-06-03 18:51:59,679 | INFO: Proba Matrix for the model is
2021-06-03 18:51:59,679 | INFO: [0.    0.999 0.001]
2021-06-03 18:51:59,684 | INFO: ***********************************************************************************************
2021-06-03 18:51:59,685 | INFO: End of the Notebook in 0:00:36.704168  ! -- It is:  
2021-06-03 18:51:59,685 | INFO: 06/03/2021, 18:51:59
2021-06-03 18:55:21,123 | INFO: arriving in fit
2021-06-03 18:55:21,475 | INFO: ///////////////////////////////////////////////
2021-06-03 18:55:21,475 | INFO:           0.42424242424242425
2021-06-03 18:55:21,475 | INFO: ///////////////////////////////////////////////
2021-06-03 18:55:21,555 | INFO: Proba Matrix for the model is
2021-06-03 18:55:21,555 | INFO: [0.014 0.    0.986]
2021-06-03 18:55:21,557 | INFO: arriving in fit
2021-06-03 18:55:21,913 | INFO: ///////////////////////////////////////////////
2021-06-03 18:55:21,913 | INFO:           0.6666666666666666
2021-06-03 18:55:21,913 | INFO: ///////////////////////////////////////////////
2021-06-03 18:55:21,989 | INFO: Proba Matrix for the model is
2021-06-03 18:55:21,989 | INFO: [0. 0. 1.]
2021-06-03 18:55:21,991 | INFO: arriving in fit
2021-06-03 18:55:22,299 | INFO: ///////////////////////////////////////////////
2021-06-03 18:55:22,299 | INFO:           0.38461538461538464
2021-06-03 18:55:22,299 | INFO: ///////////////////////////////////////////////
2021-06-03 18:55:22,373 | INFO: Proba Matrix for the model is
2021-06-03 18:55:22,373 | INFO: [1. 0. 0.]
2021-06-03 18:55:22,375 | INFO: arriving in fit
2021-06-03 18:55:22,665 | INFO: ///////////////////////////////////////////////
2021-06-03 18:55:22,665 | INFO:           0.5454545454545454
2021-06-03 18:55:22,665 | INFO: ///////////////////////////////////////////////
2021-06-03 18:55:22,738 | INFO: Proba Matrix for the model is
2021-06-03 18:55:22,738 | INFO: [0.    0.078 0.922]
2021-06-03 18:55:22,740 | INFO: arriving in fit
2021-06-03 18:55:23,077 | INFO: ///////////////////////////////////////////////
2021-06-03 18:55:23,077 | INFO:           0.4
2021-06-03 18:55:23,077 | INFO: ///////////////////////////////////////////////
2021-06-03 18:55:23,150 | INFO: Proba Matrix for the model is
2021-06-03 18:55:23,150 | INFO: [0.    0.515 0.485]
2021-06-03 18:55:23,152 | INFO: arriving in fit
2021-06-03 18:55:23,461 | INFO: ///////////////////////////////////////////////
2021-06-03 18:55:23,461 | INFO:           0.375
2021-06-03 18:55:23,461 | INFO: ///////////////////////////////////////////////
2021-06-03 18:55:23,537 | INFO: Proba Matrix for the model is
2021-06-03 18:55:23,537 | INFO: [0. 1. 0.]
2021-06-03 18:55:23,539 | INFO: arriving in fit
2021-06-03 18:55:23,877 | INFO: ///////////////////////////////////////////////
2021-06-03 18:55:23,878 | INFO:           0.41379310344827586
2021-06-03 18:55:23,878 | INFO: ///////////////////////////////////////////////
2021-06-03 18:55:23,949 | INFO: Proba Matrix for the model is
2021-06-03 18:55:23,950 | INFO: [0.832 0.168 0.   ]
2021-06-03 18:55:23,951 | INFO: arriving in fit
2021-06-03 18:55:24,276 | INFO: ///////////////////////////////////////////////
2021-06-03 18:55:24,276 | INFO:           0.6333333333333333
2021-06-03 18:55:24,276 | INFO: ///////////////////////////////////////////////
2021-06-03 18:55:24,353 | INFO: Proba Matrix for the model is
2021-06-03 18:55:24,353 | INFO: [0. 1. 0.]
2021-06-03 18:55:24,355 | INFO: arriving in fit
2021-06-03 18:55:24,687 | INFO: ///////////////////////////////////////////////
2021-06-03 18:55:24,687 | INFO:           0.3448275862068966
2021-06-03 18:55:24,687 | INFO: ///////////////////////////////////////////////
2021-06-03 18:55:24,762 | INFO: Proba Matrix for the model is
2021-06-03 18:55:24,762 | INFO: [0.002 0.966 0.032]
2021-06-03 18:55:24,764 | INFO: arriving in fit
2021-06-03 18:55:25,117 | INFO: ///////////////////////////////////////////////
2021-06-03 18:55:25,118 | INFO:           0.6764705882352942
2021-06-03 18:55:25,118 | INFO: ///////////////////////////////////////////////
2021-06-03 18:55:25,192 | INFO: Proba Matrix for the model is
2021-06-03 18:55:25,192 | INFO: [0. 1. 0.]
2021-06-03 18:55:25,193 | INFO: arriving in fit
2021-06-03 18:55:25,493 | INFO: ///////////////////////////////////////////////
2021-06-03 18:55:25,494 | INFO:           0.7333333333333333
2021-06-03 18:55:25,494 | INFO: ///////////////////////////////////////////////
2021-06-03 18:55:25,565 | INFO: Proba Matrix for the model is
2021-06-03 18:55:25,565 | INFO: [0. 1. 0.]
2021-06-03 18:55:25,567 | INFO: arriving in fit
2021-06-03 18:55:25,912 | INFO: ///////////////////////////////////////////////
2021-06-03 18:55:25,912 | INFO:           0.5161290322580645
2021-06-03 18:55:25,912 | INFO: ///////////////////////////////////////////////
2021-06-03 18:55:25,984 | INFO: Proba Matrix for the model is
2021-06-03 18:55:25,984 | INFO: [1. 0. 0.]
2021-06-03 18:55:25,986 | INFO: arriving in fit
2021-06-03 18:55:26,329 | INFO: ///////////////////////////////////////////////
2021-06-03 18:55:26,329 | INFO:           0.46875
2021-06-03 18:55:26,329 | INFO: ///////////////////////////////////////////////
2021-06-03 18:55:26,403 | INFO: Proba Matrix for the model is
2021-06-03 18:55:26,403 | INFO: [0.943 0.057 0.   ]
2021-06-03 18:55:26,405 | INFO: arriving in fit
2021-06-03 18:55:26,689 | INFO: ///////////////////////////////////////////////
2021-06-03 18:55:26,689 | INFO:           0.4782608695652174
2021-06-03 18:55:26,689 | INFO: ///////////////////////////////////////////////
2021-06-03 18:55:26,766 | INFO: Proba Matrix for the model is
2021-06-03 18:55:26,766 | INFO: [0. 0. 1.]
2021-06-03 18:55:26,768 | INFO: arriving in fit
2021-06-03 18:55:27,082 | INFO: ///////////////////////////////////////////////
2021-06-03 18:55:27,082 | INFO:           0.5294117647058824
2021-06-03 18:55:27,082 | INFO: ///////////////////////////////////////////////
2021-06-03 18:55:27,160 | INFO: Proba Matrix for the model is
2021-06-03 18:55:27,160 | INFO: [0. 1. 0.]
2021-06-03 18:55:27,161 | INFO: arriving in fit
2021-06-03 18:55:27,469 | INFO: ///////////////////////////////////////////////
2021-06-03 18:55:27,470 | INFO:           0.5909090909090909
2021-06-03 18:55:27,470 | INFO: ///////////////////////////////////////////////
2021-06-03 18:55:27,547 | INFO: Proba Matrix for the model is
2021-06-03 18:55:27,547 | INFO: [0.999 0.    0.001]
2021-06-03 18:55:27,548 | INFO: arriving in fit
2021-06-03 18:55:27,843 | INFO: ///////////////////////////////////////////////
2021-06-03 18:55:27,843 | INFO:           0.5517241379310345
2021-06-03 18:55:27,843 | INFO: ///////////////////////////////////////////////
2021-06-03 18:55:27,921 | INFO: Proba Matrix for the model is
2021-06-03 18:55:27,921 | INFO: [1. 0. 0.]
2021-06-03 18:55:27,923 | INFO: arriving in fit
2021-06-03 18:55:28,235 | INFO: ///////////////////////////////////////////////
2021-06-03 18:55:28,235 | INFO:           0.5454545454545454
2021-06-03 18:55:28,235 | INFO: ///////////////////////////////////////////////
2021-06-03 18:55:28,309 | INFO: Proba Matrix for the model is
2021-06-03 18:55:28,309 | INFO: [0.996 0.004 0.   ]
2021-06-03 18:55:28,311 | INFO: arriving in fit
2021-06-03 18:55:28,714 | INFO: ///////////////////////////////////////////////
2021-06-03 18:55:28,714 | INFO:           0.20689655172413793
2021-06-03 18:55:28,714 | INFO: ///////////////////////////////////////////////
2021-06-03 18:55:28,791 | INFO: Proba Matrix for the model is
2021-06-03 18:55:28,792 | INFO: [1. 0. 0.]
2021-06-03 18:55:28,794 | INFO: arriving in fit
2021-06-03 18:55:29,128 | INFO: ///////////////////////////////////////////////
2021-06-03 18:55:29,129 | INFO:           0.4666666666666667
2021-06-03 18:55:29,129 | INFO: ///////////////////////////////////////////////
2021-06-03 18:55:29,204 | INFO: Proba Matrix for the model is
2021-06-03 18:55:29,204 | INFO: [0.001 0.999 0.   ]
2021-06-03 18:55:29,205 | INFO: arriving in fit
2021-06-03 18:55:29,564 | INFO: ///////////////////////////////////////////////
2021-06-03 18:55:29,564 | INFO:           0.47058823529411764
2021-06-03 18:55:29,564 | INFO: ///////////////////////////////////////////////
2021-06-03 18:55:29,641 | INFO: Proba Matrix for the model is
2021-06-03 18:55:29,641 | INFO: [0. 1. 0.]
2021-06-03 18:55:29,643 | INFO: arriving in fit
2021-06-03 18:55:29,989 | INFO: ///////////////////////////////////////////////
2021-06-03 18:55:29,989 | INFO:           0.5
2021-06-03 18:55:29,989 | INFO: ///////////////////////////////////////////////
2021-06-03 18:55:30,066 | INFO: Proba Matrix for the model is
2021-06-03 18:55:30,066 | INFO: [1. 0. 0.]
2021-06-03 18:55:30,068 | INFO: arriving in fit
2021-06-03 18:55:30,400 | INFO: ///////////////////////////////////////////////
2021-06-03 18:55:30,400 | INFO:           0.45454545454545453
2021-06-03 18:55:30,400 | INFO: ///////////////////////////////////////////////
2021-06-03 18:55:30,484 | INFO: Proba Matrix for the model is
2021-06-03 18:55:30,484 | INFO: [0.031 0.966 0.003]
2021-06-03 18:55:30,486 | INFO: arriving in fit
2021-06-03 18:55:30,847 | INFO: ///////////////////////////////////////////////
2021-06-03 18:55:30,847 | INFO:           0.45161290322580644
2021-06-03 18:55:30,847 | INFO: ///////////////////////////////////////////////
2021-06-03 18:55:30,927 | INFO: Proba Matrix for the model is
2021-06-03 18:55:30,928 | INFO: [0. 1. 0.]
2021-06-03 18:55:30,929 | INFO: arriving in fit
2021-06-03 18:55:31,294 | INFO: ///////////////////////////////////////////////
2021-06-03 18:55:31,295 | INFO:           0.6129032258064516
2021-06-03 18:55:31,295 | INFO: ///////////////////////////////////////////////
2021-06-03 18:55:31,375 | INFO: Proba Matrix for the model is
2021-06-03 18:55:31,376 | INFO: [0.063 0.006 0.931]
2021-06-03 18:55:31,377 | INFO: arriving in fit
2021-06-03 18:55:31,726 | INFO: ///////////////////////////////////////////////
2021-06-03 18:55:31,735 | INFO:           0.43478260869565216
2021-06-03 18:55:31,735 | INFO: ///////////////////////////////////////////////
2021-06-03 18:55:31,816 | INFO: Proba Matrix for the model is
2021-06-03 18:55:31,816 | INFO: [1. 0. 0.]
2021-06-03 18:55:31,818 | INFO: arriving in fit
2021-06-03 18:55:32,150 | INFO: ///////////////////////////////////////////////
2021-06-03 18:55:32,150 | INFO:           0.5666666666666667
2021-06-03 18:55:32,150 | INFO: ///////////////////////////////////////////////
2021-06-03 18:55:32,233 | INFO: Proba Matrix for the model is
2021-06-03 18:55:32,233 | INFO: [0. 1. 0.]
2021-06-03 18:55:32,235 | INFO: arriving in fit
2021-06-03 18:55:32,596 | INFO: ///////////////////////////////////////////////
2021-06-03 18:55:32,596 | INFO:           0.47058823529411764
2021-06-03 18:55:32,596 | INFO: ///////////////////////////////////////////////
2021-06-03 18:55:32,673 | INFO: Proba Matrix for the model is
2021-06-03 18:55:32,673 | INFO: [1. 0. 0.]
2021-06-03 18:55:32,675 | INFO: arriving in fit
2021-06-03 18:55:33,043 | INFO: ///////////////////////////////////////////////
2021-06-03 18:55:33,043 | INFO:           0.5517241379310345
2021-06-03 18:55:33,043 | INFO: ///////////////////////////////////////////////
2021-06-03 18:55:33,122 | INFO: Proba Matrix for the model is
2021-06-03 18:55:33,122 | INFO: [0. 0. 1.]
2021-06-03 18:55:33,124 | INFO: arriving in fit
2021-06-03 18:55:33,526 | INFO: ///////////////////////////////////////////////
2021-06-03 18:55:33,526 | INFO:           0.5294117647058824
2021-06-03 18:55:33,526 | INFO: ///////////////////////////////////////////////
2021-06-03 18:55:33,605 | INFO: Proba Matrix for the model is
2021-06-03 18:55:33,605 | INFO: [0. 0. 1.]
2021-06-03 18:55:33,606 | INFO: arriving in fit
2021-06-03 18:55:34,003 | INFO: ///////////////////////////////////////////////
2021-06-03 18:55:34,003 | INFO:           0.47058823529411764
2021-06-03 18:55:34,004 | INFO: ///////////////////////////////////////////////
2021-06-03 18:55:34,131 | INFO: Proba Matrix for the model is
2021-06-03 18:55:34,131 | INFO: [1. 0. 0.]
2021-06-03 18:55:34,134 | INFO: arriving in fit
2021-06-03 18:55:34,511 | INFO: ///////////////////////////////////////////////
2021-06-03 18:55:34,511 | INFO:           0.5
2021-06-03 18:55:34,511 | INFO: ///////////////////////////////////////////////
2021-06-03 18:55:34,590 | INFO: Proba Matrix for the model is
2021-06-03 18:55:34,590 | INFO: [0. 0. 1.]
2021-06-03 18:55:34,592 | INFO: arriving in fit
2021-06-03 18:55:34,917 | INFO: ///////////////////////////////////////////////
2021-06-03 18:55:34,917 | INFO:           0.7941176470588235
2021-06-03 18:55:34,917 | INFO: ///////////////////////////////////////////////
2021-06-03 18:55:34,998 | INFO: Proba Matrix for the model is
2021-06-03 18:55:34,998 | INFO: [0. 1. 0.]
2021-06-03 18:55:35,000 | INFO: arriving in fit
2021-06-03 18:55:35,346 | INFO: ///////////////////////////////////////////////
2021-06-03 18:55:35,346 | INFO:           0.47058823529411764
2021-06-03 18:55:35,347 | INFO: ///////////////////////////////////////////////
2021-06-03 18:55:35,425 | INFO: Proba Matrix for the model is
2021-06-03 18:55:35,425 | INFO: [0. 0. 1.]
2021-06-03 18:55:35,427 | INFO: arriving in fit
2021-06-03 18:55:35,741 | INFO: ///////////////////////////////////////////////
2021-06-03 18:55:35,741 | INFO:           0.59375
2021-06-03 18:55:35,741 | INFO: ///////////////////////////////////////////////
2021-06-03 18:55:35,822 | INFO: Proba Matrix for the model is
2021-06-03 18:55:35,822 | INFO: [0.222 0.    0.778]
2021-06-03 18:55:35,824 | INFO: arriving in fit
2021-06-03 18:55:36,151 | INFO: ///////////////////////////////////////////////
2021-06-03 18:55:36,151 | INFO:           0.4444444444444444
2021-06-03 18:55:36,151 | INFO: ///////////////////////////////////////////////
2021-06-03 18:55:36,233 | INFO: Proba Matrix for the model is
2021-06-03 18:55:36,233 | INFO: [0. 1. 0.]
2021-06-03 18:55:36,235 | INFO: arriving in fit
2021-06-03 18:55:36,603 | INFO: ///////////////////////////////////////////////
2021-06-03 18:55:36,603 | INFO:           0.5757575757575758
2021-06-03 18:55:36,603 | INFO: ///////////////////////////////////////////////
2021-06-03 18:55:36,683 | INFO: Proba Matrix for the model is
2021-06-03 18:55:36,683 | INFO: [1. 0. 0.]
2021-06-03 18:55:36,687 | INFO: arriving in fit
2021-06-03 18:55:37,019 | INFO: ///////////////////////////////////////////////
2021-06-03 18:55:37,019 | INFO:           0.375
2021-06-03 18:55:37,019 | INFO: ///////////////////////////////////////////////
2021-06-03 18:55:37,100 | INFO: Proba Matrix for the model is
2021-06-03 18:55:37,100 | INFO: [1. 0. 0.]
2021-06-03 18:55:37,102 | INFO: arriving in fit
2021-06-03 18:55:37,491 | INFO: ///////////////////////////////////////////////
2021-06-03 18:55:37,492 | INFO:           0.4838709677419355
2021-06-03 18:55:37,492 | INFO: ///////////////////////////////////////////////
2021-06-03 18:55:37,569 | INFO: Proba Matrix for the model is
2021-06-03 18:55:37,569 | INFO: [1. 0. 0.]
2021-06-03 18:55:37,571 | INFO: arriving in fit
2021-06-03 18:55:37,928 | INFO: ///////////////////////////////////////////////
2021-06-03 18:55:37,928 | INFO:           0.5625
2021-06-03 18:55:37,928 | INFO: ///////////////////////////////////////////////
2021-06-03 18:55:38,006 | INFO: Proba Matrix for the model is
2021-06-03 18:55:38,006 | INFO: [0. 0. 1.]
2021-06-03 18:55:38,008 | INFO: arriving in fit
2021-06-03 18:55:38,387 | INFO: ///////////////////////////////////////////////
2021-06-03 18:55:38,387 | INFO:           0.46875
2021-06-03 18:55:38,387 | INFO: ///////////////////////////////////////////////
2021-06-03 18:55:38,468 | INFO: Proba Matrix for the model is
2021-06-03 18:55:38,468 | INFO: [0.    0.893 0.107]
2021-06-03 18:55:38,470 | INFO: arriving in fit
2021-06-03 18:55:38,876 | INFO: ///////////////////////////////////////////////
2021-06-03 18:55:38,876 | INFO:           0.5588235294117647
2021-06-03 18:55:38,876 | INFO: ///////////////////////////////////////////////
2021-06-03 18:55:38,962 | INFO: Proba Matrix for the model is
2021-06-03 18:55:38,962 | INFO: [0. 1. 0.]
2021-06-03 18:55:38,964 | INFO: arriving in fit
2021-06-03 18:55:39,346 | INFO: ///////////////////////////////////////////////
2021-06-03 18:55:39,346 | INFO:           0.45454545454545453
2021-06-03 18:55:39,346 | INFO: ///////////////////////////////////////////////
2021-06-03 18:55:39,427 | INFO: Proba Matrix for the model is
2021-06-03 18:55:39,427 | INFO: [1. 0. 0.]
2021-06-03 18:55:39,428 | INFO: arriving in fit
2021-06-03 18:55:39,743 | INFO: ///////////////////////////////////////////////
2021-06-03 18:55:39,743 | INFO:           0.35294117647058826
2021-06-03 18:55:39,744 | INFO: ///////////////////////////////////////////////
2021-06-03 18:55:39,825 | INFO: Proba Matrix for the model is
2021-06-03 18:55:39,825 | INFO: [0.001 0.    0.999]
2021-06-03 18:55:39,827 | INFO: arriving in fit
2021-06-03 18:55:40,268 | INFO: ///////////////////////////////////////////////
2021-06-03 18:55:40,268 | INFO:           0.4666666666666667
2021-06-03 18:55:40,269 | INFO: ///////////////////////////////////////////////
2021-06-03 18:55:40,348 | INFO: Proba Matrix for the model is
2021-06-03 18:55:40,349 | INFO: [0. 1. 0.]
2021-06-03 18:55:40,351 | INFO: arriving in fit
2021-06-03 18:55:40,697 | INFO: ///////////////////////////////////////////////
2021-06-03 18:55:40,697 | INFO:           0.6
2021-06-03 18:55:40,697 | INFO: ///////////////////////////////////////////////
2021-06-03 18:55:40,781 | INFO: Proba Matrix for the model is
2021-06-03 18:55:40,781 | INFO: [0. 0. 1.]
2021-06-03 18:55:40,783 | INFO: arriving in fit
2021-06-03 18:55:41,107 | INFO: ///////////////////////////////////////////////
2021-06-03 18:55:41,108 | INFO:           0.41379310344827586
2021-06-03 18:55:41,108 | INFO: ///////////////////////////////////////////////
2021-06-03 18:55:41,190 | INFO: Proba Matrix for the model is
2021-06-03 18:55:41,190 | INFO: [1. 0. 0.]
2021-06-03 18:55:41,192 | INFO: arriving in fit
2021-06-03 18:55:41,546 | INFO: ///////////////////////////////////////////////
2021-06-03 18:55:41,546 | INFO:           0.45454545454545453
2021-06-03 18:55:41,546 | INFO: ///////////////////////////////////////////////
2021-06-03 18:55:41,627 | INFO: Proba Matrix for the model is
2021-06-03 18:55:41,627 | INFO: [1. 0. 0.]
2021-06-03 18:55:41,629 | INFO: arriving in fit
2021-06-03 18:55:41,926 | INFO: ///////////////////////////////////////////////
2021-06-03 18:55:41,926 | INFO:           0.5555555555555556
2021-06-03 18:55:41,926 | INFO: ///////////////////////////////////////////////
2021-06-03 18:55:42,005 | INFO: Proba Matrix for the model is
2021-06-03 18:55:42,005 | INFO: [0. 0. 1.]
2021-06-03 18:55:42,007 | INFO: arriving in fit
2021-06-03 18:55:42,350 | INFO: ///////////////////////////////////////////////
2021-06-03 18:55:42,350 | INFO:           0.5333333333333333
2021-06-03 18:55:42,350 | INFO: ///////////////////////////////////////////////
2021-06-03 18:55:42,434 | INFO: Proba Matrix for the model is
2021-06-03 18:55:42,434 | INFO: [0. 1. 0.]
2021-06-03 18:55:42,436 | INFO: arriving in fit
2021-06-03 18:55:42,858 | INFO: ///////////////////////////////////////////////
2021-06-03 18:55:42,859 | INFO:           0.4838709677419355
2021-06-03 18:55:42,859 | INFO: ///////////////////////////////////////////////
2021-06-03 18:55:42,940 | INFO: Proba Matrix for the model is
2021-06-03 18:55:42,940 | INFO: [0.019 0.981 0.   ]
2021-06-03 18:55:42,943 | INFO: arriving in fit
2021-06-03 18:55:43,300 | INFO: ///////////////////////////////////////////////
2021-06-03 18:55:43,300 | INFO:           0.4117647058823529
2021-06-03 18:55:43,300 | INFO: ///////////////////////////////////////////////
2021-06-03 18:55:43,376 | INFO: Proba Matrix for the model is
2021-06-03 18:55:43,376 | INFO: [0. 0. 1.]
2021-06-03 18:55:43,378 | INFO: arriving in fit
2021-06-03 18:55:43,732 | INFO: ///////////////////////////////////////////////
2021-06-03 18:55:43,732 | INFO:           0.5151515151515151
2021-06-03 18:55:43,732 | INFO: ///////////////////////////////////////////////
2021-06-03 18:55:43,813 | INFO: Proba Matrix for the model is
2021-06-03 18:55:43,813 | INFO: [1. 0. 0.]
2021-06-03 18:55:43,815 | INFO: arriving in fit
2021-06-03 18:55:44,136 | INFO: ///////////////////////////////////////////////
2021-06-03 18:55:44,136 | INFO:           0.696969696969697
2021-06-03 18:55:44,136 | INFO: ///////////////////////////////////////////////
2021-06-03 18:55:44,216 | INFO: Proba Matrix for the model is
2021-06-03 18:55:44,216 | INFO: [0. 0. 1.]
2021-06-03 18:55:44,218 | INFO: arriving in fit
2021-06-03 18:55:44,564 | INFO: ///////////////////////////////////////////////
2021-06-03 18:55:44,564 | INFO:           0.38235294117647056
2021-06-03 18:55:44,564 | INFO: ///////////////////////////////////////////////
2021-06-03 18:55:44,645 | INFO: Proba Matrix for the model is
2021-06-03 18:55:44,645 | INFO: [1. 0. 0.]
2021-06-03 18:55:44,647 | INFO: arriving in fit
2021-06-03 18:55:44,949 | INFO: ///////////////////////////////////////////////
2021-06-03 18:55:44,949 | INFO:           0.5384615384615384
2021-06-03 18:55:44,949 | INFO: ///////////////////////////////////////////////
2021-06-03 18:55:45,026 | INFO: Proba Matrix for the model is
2021-06-03 18:55:45,026 | INFO: [0. 0. 1.]
2021-06-03 18:55:45,028 | INFO: arriving in fit
2021-06-03 18:55:45,403 | INFO: ///////////////////////////////////////////////
2021-06-03 18:55:45,403 | INFO:           0.5625
2021-06-03 18:55:45,403 | INFO: ///////////////////////////////////////////////
2021-06-03 18:55:45,484 | INFO: Proba Matrix for the model is
2021-06-03 18:55:45,484 | INFO: [0. 1. 0.]
2021-06-03 18:55:45,486 | INFO: arriving in fit
2021-06-03 18:55:45,808 | INFO: ///////////////////////////////////////////////
2021-06-03 18:55:45,808 | INFO:           0.625
2021-06-03 18:55:45,808 | INFO: ///////////////////////////////////////////////
2021-06-03 18:55:45,890 | INFO: Proba Matrix for the model is
2021-06-03 18:55:45,891 | INFO: [0. 1. 0.]
2021-06-03 18:55:45,892 | INFO: arriving in fit
2021-06-03 18:55:46,242 | INFO: ///////////////////////////////////////////////
2021-06-03 18:55:46,242 | INFO:           0.5625
2021-06-03 18:55:46,243 | INFO: ///////////////////////////////////////////////
2021-06-03 18:55:46,326 | INFO: Proba Matrix for the model is
2021-06-03 18:55:46,326 | INFO: [1. 0. 0.]
2021-06-03 18:55:46,328 | INFO: arriving in fit
2021-06-03 18:55:46,694 | INFO: ///////////////////////////////////////////////
2021-06-03 18:55:46,694 | INFO:           0.41935483870967744
2021-06-03 18:55:46,694 | INFO: ///////////////////////////////////////////////
2021-06-03 18:55:46,776 | INFO: Proba Matrix for the model is
2021-06-03 18:55:46,776 | INFO: [0. 0. 1.]
2021-06-03 18:55:46,778 | INFO: arriving in fit
2021-06-03 18:55:47,109 | INFO: ///////////////////////////////////////////////
2021-06-03 18:55:47,109 | INFO:           0.6129032258064516
2021-06-03 18:55:47,109 | INFO: ///////////////////////////////////////////////
2021-06-03 18:55:47,190 | INFO: Proba Matrix for the model is
2021-06-03 18:55:47,190 | INFO: [0. 0. 1.]
2021-06-03 18:55:47,192 | INFO: arriving in fit
2021-06-03 18:55:47,538 | INFO: ///////////////////////////////////////////////
2021-06-03 18:55:47,538 | INFO:           0.4642857142857143
2021-06-03 18:55:47,539 | INFO: ///////////////////////////////////////////////
2021-06-03 18:55:47,624 | INFO: Proba Matrix for the model is
2021-06-03 18:55:47,624 | INFO: [0. 0. 1.]
2021-06-03 18:55:47,627 | INFO: arriving in fit
2021-06-03 18:55:47,973 | INFO: ///////////////////////////////////////////////
2021-06-03 18:55:47,974 | INFO:           0.3125
2021-06-03 18:55:47,974 | INFO: ///////////////////////////////////////////////
2021-06-03 18:55:48,056 | INFO: Proba Matrix for the model is
2021-06-03 18:55:48,056 | INFO: [0. 0. 1.]
2021-06-03 18:55:48,058 | INFO: arriving in fit
2021-06-03 18:55:48,387 | INFO: ///////////////////////////////////////////////
2021-06-03 18:55:48,387 | INFO:           0.45
2021-06-03 18:55:48,387 | INFO: ///////////////////////////////////////////////
2021-06-03 18:55:48,469 | INFO: Proba Matrix for the model is
2021-06-03 18:55:48,469 | INFO: [0.    0.023 0.977]
2021-06-03 18:55:48,471 | INFO: arriving in fit
2021-06-03 18:55:48,783 | INFO: ///////////////////////////////////////////////
2021-06-03 18:55:48,783 | INFO:           0.5238095238095238
2021-06-03 18:55:48,783 | INFO: ///////////////////////////////////////////////
2021-06-03 18:55:48,863 | INFO: Proba Matrix for the model is
2021-06-03 18:55:48,863 | INFO: [0.    0.002 0.998]
2021-06-03 18:55:48,865 | INFO: arriving in fit
2021-06-03 18:55:49,165 | INFO: ///////////////////////////////////////////////
2021-06-03 18:55:49,165 | INFO:           0.36363636363636365
2021-06-03 18:55:49,165 | INFO: ///////////////////////////////////////////////
2021-06-03 18:55:49,256 | INFO: Proba Matrix for the model is
2021-06-03 18:55:49,257 | INFO: [0.794 0.047 0.158]
2021-06-03 18:55:49,258 | INFO: arriving in fit
2021-06-03 18:55:49,608 | INFO: ///////////////////////////////////////////////
2021-06-03 18:55:49,621 | INFO:           0.5185185185185185
2021-06-03 18:55:49,621 | INFO: ///////////////////////////////////////////////
2021-06-03 18:55:49,702 | INFO: Proba Matrix for the model is
2021-06-03 18:55:49,702 | INFO: [0. 1. 0.]
2021-06-03 18:55:49,704 | INFO: arriving in fit
2021-06-03 18:55:50,015 | INFO: ///////////////////////////////////////////////
2021-06-03 18:55:50,015 | INFO:           0.6
2021-06-03 18:55:50,015 | INFO: ///////////////////////////////////////////////
2021-06-03 18:55:50,095 | INFO: Proba Matrix for the model is
2021-06-03 18:55:50,095 | INFO: [0. 1. 0.]
2021-06-03 18:55:50,098 | INFO: arriving in fit
2021-06-03 18:55:50,420 | INFO: ///////////////////////////////////////////////
2021-06-03 18:55:50,420 | INFO:           0.5416666666666666
2021-06-03 18:55:50,420 | INFO: ///////////////////////////////////////////////
2021-06-03 18:55:50,502 | INFO: Proba Matrix for the model is
2021-06-03 18:55:50,502 | INFO: [1. 0. 0.]
2021-06-03 18:55:50,504 | INFO: arriving in fit
2021-06-03 18:55:50,838 | INFO: ///////////////////////////////////////////////
2021-06-03 18:55:50,838 | INFO:           0.6153846153846154
2021-06-03 18:55:50,838 | INFO: ///////////////////////////////////////////////
2021-06-03 18:55:50,922 | INFO: Proba Matrix for the model is
2021-06-03 18:55:50,922 | INFO: [0.016 0.984 0.   ]
2021-06-03 18:55:50,925 | INFO: arriving in fit
2021-06-03 18:55:51,252 | INFO: ///////////////////////////////////////////////
2021-06-03 18:55:51,252 | INFO:           0.5
2021-06-03 18:55:51,252 | INFO: ///////////////////////////////////////////////
2021-06-03 18:55:51,332 | INFO: Proba Matrix for the model is
2021-06-03 18:55:51,332 | INFO: [0. 0. 1.]
2021-06-03 18:55:51,334 | INFO: arriving in fit
2021-06-03 18:55:51,657 | INFO: ///////////////////////////////////////////////
2021-06-03 18:55:51,658 | INFO:           0.4
2021-06-03 18:55:51,658 | INFO: ///////////////////////////////////////////////
2021-06-03 18:55:51,738 | INFO: Proba Matrix for the model is
2021-06-03 18:55:51,738 | INFO: [1. 0. 0.]
2021-06-03 18:55:51,740 | INFO: arriving in fit
2021-06-03 18:55:52,064 | INFO: ///////////////////////////////////////////////
2021-06-03 18:55:52,064 | INFO:           0.6956521739130435
2021-06-03 18:55:52,064 | INFO: ///////////////////////////////////////////////
2021-06-03 18:55:52,146 | INFO: Proba Matrix for the model is
2021-06-03 18:55:52,146 | INFO: [0. 1. 0.]
2021-06-03 18:55:52,148 | INFO: arriving in fit
2021-06-03 18:55:52,478 | INFO: ///////////////////////////////////////////////
2021-06-03 18:55:52,478 | INFO:           0.5
2021-06-03 18:55:52,478 | INFO: ///////////////////////////////////////////////
2021-06-03 18:55:52,560 | INFO: Proba Matrix for the model is
2021-06-03 18:55:52,560 | INFO: [0. 0. 1.]
2021-06-03 18:55:52,562 | INFO: arriving in fit
2021-06-03 18:55:52,880 | INFO: ///////////////////////////////////////////////
2021-06-03 18:55:52,880 | INFO:           0.7142857142857143
2021-06-03 18:55:52,880 | INFO: ///////////////////////////////////////////////
2021-06-03 18:55:52,960 | INFO: Proba Matrix for the model is
2021-06-03 18:55:52,960 | INFO: [1. 0. 0.]
2021-06-03 18:55:52,961 | INFO: arriving in fit
2021-06-03 18:55:53,271 | INFO: ///////////////////////////////////////////////
2021-06-03 18:55:53,271 | INFO:           0.3333333333333333
2021-06-03 18:55:53,271 | INFO: ///////////////////////////////////////////////
2021-06-03 18:55:53,350 | INFO: Proba Matrix for the model is
2021-06-03 18:55:53,350 | INFO: [0. 1. 0.]
2021-06-03 18:55:53,352 | INFO: arriving in fit
2021-06-03 18:55:53,654 | INFO: ///////////////////////////////////////////////
2021-06-03 18:55:53,654 | INFO:           0.5
2021-06-03 18:55:53,654 | INFO: ///////////////////////////////////////////////
2021-06-03 18:55:53,757 | INFO: Proba Matrix for the model is
2021-06-03 18:55:53,757 | INFO: [0.676 0.062 0.262]
2021-06-03 18:55:53,759 | INFO: arriving in fit
2021-06-03 18:55:54,061 | INFO: ///////////////////////////////////////////////
2021-06-03 18:55:54,061 | INFO:           0.42105263157894735
2021-06-03 18:55:54,061 | INFO: ///////////////////////////////////////////////
2021-06-03 18:55:54,140 | INFO: Proba Matrix for the model is
2021-06-03 18:55:54,140 | INFO: [0. 0. 1.]
2021-06-03 18:55:54,142 | INFO: arriving in fit
2021-06-03 18:55:54,432 | INFO: ///////////////////////////////////////////////
2021-06-03 18:55:54,432 | INFO:           0.75
2021-06-03 18:55:54,432 | INFO: ///////////////////////////////////////////////
2021-06-03 18:55:54,512 | INFO: Proba Matrix for the model is
2021-06-03 18:55:54,512 | INFO: [0. 0. 1.]
2021-06-03 18:55:54,514 | INFO: arriving in fit
2021-06-03 18:55:54,801 | INFO: ///////////////////////////////////////////////
2021-06-03 18:55:54,801 | INFO:           0.6363636363636364
2021-06-03 18:55:54,801 | INFO: ///////////////////////////////////////////////
2021-06-03 18:55:54,880 | INFO: Proba Matrix for the model is
2021-06-03 18:55:54,880 | INFO: [0.533 0.    0.467]
2021-06-03 18:55:54,882 | INFO: arriving in fit
2021-06-03 18:55:55,187 | INFO: ///////////////////////////////////////////////
2021-06-03 18:55:55,187 | INFO:           0.4
2021-06-03 18:55:55,187 | INFO: ///////////////////////////////////////////////
2021-06-03 18:55:55,264 | INFO: Proba Matrix for the model is
2021-06-03 18:55:55,264 | INFO: [0.    0.999 0.001]
2021-06-03 18:59:00,032 | INFO: arriving in fit
2021-06-03 18:59:00,379 | INFO: ///////////////////////////////////////////////
2021-06-03 18:59:00,380 | INFO:           0.42424242424242425
2021-06-03 18:59:00,380 | INFO: ///////////////////////////////////////////////
2021-06-03 18:59:00,457 | INFO: Proba Matrix for the model is
2021-06-03 18:59:00,457 | INFO: [0.014 0.    0.986]
2021-06-03 18:59:00,458 | INFO: arriving in fit
2021-06-03 18:59:00,803 | INFO: ///////////////////////////////////////////////
2021-06-03 18:59:00,803 | INFO:           0.6666666666666666
2021-06-03 18:59:00,803 | INFO: ///////////////////////////////////////////////
2021-06-03 18:59:00,877 | INFO: Proba Matrix for the model is
2021-06-03 18:59:00,877 | INFO: [0. 0. 1.]
2021-06-03 18:59:00,879 | INFO: arriving in fit
2021-06-03 18:59:01,192 | INFO: ///////////////////////////////////////////////
2021-06-03 18:59:01,192 | INFO:           0.38461538461538464
2021-06-03 18:59:01,192 | INFO: ///////////////////////////////////////////////
2021-06-03 18:59:01,278 | INFO: Proba Matrix for the model is
2021-06-03 18:59:01,278 | INFO: [1. 0. 0.]
2021-06-03 18:59:01,280 | INFO: arriving in fit
2021-06-03 18:59:01,597 | INFO: ///////////////////////////////////////////////
2021-06-03 18:59:01,597 | INFO:           0.5454545454545454
2021-06-03 18:59:01,597 | INFO: ///////////////////////////////////////////////
2021-06-03 18:59:01,672 | INFO: Proba Matrix for the model is
2021-06-03 18:59:01,672 | INFO: [0.    0.078 0.922]
2021-06-03 18:59:01,674 | INFO: arriving in fit
2021-06-03 18:59:02,012 | INFO: ///////////////////////////////////////////////
2021-06-03 18:59:02,012 | INFO:           0.4
2021-06-03 18:59:02,012 | INFO: ///////////////////////////////////////////////
2021-06-03 18:59:02,086 | INFO: Proba Matrix for the model is
2021-06-03 18:59:02,086 | INFO: [0.    0.515 0.485]
2021-06-03 18:59:02,087 | INFO: arriving in fit
2021-06-03 18:59:02,413 | INFO: ///////////////////////////////////////////////
2021-06-03 18:59:02,413 | INFO:           0.375
2021-06-03 18:59:02,413 | INFO: ///////////////////////////////////////////////
2021-06-03 18:59:02,495 | INFO: Proba Matrix for the model is
2021-06-03 18:59:02,495 | INFO: [0. 1. 0.]
2021-06-03 18:59:02,497 | INFO: arriving in fit
2021-06-03 18:59:02,854 | INFO: ///////////////////////////////////////////////
2021-06-03 18:59:02,855 | INFO:           0.41379310344827586
2021-06-03 18:59:02,855 | INFO: ///////////////////////////////////////////////
2021-06-03 18:59:02,934 | INFO: Proba Matrix for the model is
2021-06-03 18:59:02,934 | INFO: [0.832 0.168 0.   ]
2021-06-03 18:59:02,935 | INFO: arriving in fit
2021-06-03 18:59:03,262 | INFO: ///////////////////////////////////////////////
2021-06-03 18:59:03,262 | INFO:           0.6333333333333333
2021-06-03 18:59:03,262 | INFO: ///////////////////////////////////////////////
2021-06-03 18:59:03,338 | INFO: Proba Matrix for the model is
2021-06-03 18:59:03,338 | INFO: [0. 1. 0.]
2021-06-03 18:59:03,340 | INFO: arriving in fit
2021-06-03 18:59:03,672 | INFO: ///////////////////////////////////////////////
2021-06-03 18:59:03,672 | INFO:           0.3448275862068966
2021-06-03 18:59:03,672 | INFO: ///////////////////////////////////////////////
2021-06-03 18:59:03,746 | INFO: Proba Matrix for the model is
2021-06-03 18:59:03,746 | INFO: [0.002 0.966 0.032]
2021-06-03 18:59:03,748 | INFO: arriving in fit
2021-06-03 18:59:04,126 | INFO: ///////////////////////////////////////////////
2021-06-03 18:59:04,126 | INFO:           0.6764705882352942
2021-06-03 18:59:04,126 | INFO: ///////////////////////////////////////////////
2021-06-03 18:59:04,209 | INFO: Proba Matrix for the model is
2021-06-03 18:59:04,209 | INFO: [0. 1. 0.]
2021-06-03 18:59:04,211 | INFO: arriving in fit
2021-06-03 18:59:04,522 | INFO: ///////////////////////////////////////////////
2021-06-03 18:59:04,522 | INFO:           0.7333333333333333
2021-06-03 18:59:04,522 | INFO: ///////////////////////////////////////////////
2021-06-03 18:59:04,594 | INFO: Proba Matrix for the model is
2021-06-03 18:59:04,594 | INFO: [0. 1. 0.]
2021-06-03 18:59:04,596 | INFO: arriving in fit
2021-06-03 18:59:04,937 | INFO: ///////////////////////////////////////////////
2021-06-03 18:59:04,937 | INFO:           0.5161290322580645
2021-06-03 18:59:04,938 | INFO: ///////////////////////////////////////////////
2021-06-03 18:59:05,013 | INFO: Proba Matrix for the model is
2021-06-03 18:59:05,013 | INFO: [1. 0. 0.]
2021-06-03 18:59:05,014 | INFO: arriving in fit
2021-06-03 18:59:05,358 | INFO: ///////////////////////////////////////////////
2021-06-03 18:59:05,358 | INFO:           0.46875
2021-06-03 18:59:05,358 | INFO: ///////////////////////////////////////////////
2021-06-03 18:59:05,433 | INFO: Proba Matrix for the model is
2021-06-03 18:59:05,433 | INFO: [0.943 0.057 0.   ]
2021-06-03 18:59:05,435 | INFO: arriving in fit
2021-06-03 18:59:05,723 | INFO: ///////////////////////////////////////////////
2021-06-03 18:59:05,723 | INFO:           0.4782608695652174
2021-06-03 18:59:05,723 | INFO: ///////////////////////////////////////////////
2021-06-03 18:59:05,796 | INFO: Proba Matrix for the model is
2021-06-03 18:59:05,796 | INFO: [0. 0. 1.]
2021-06-03 18:59:05,798 | INFO: arriving in fit
2021-06-03 18:59:06,108 | INFO: ///////////////////////////////////////////////
2021-06-03 18:59:06,108 | INFO:           0.5294117647058824
2021-06-03 18:59:06,108 | INFO: ///////////////////////////////////////////////
2021-06-03 18:59:06,182 | INFO: Proba Matrix for the model is
2021-06-03 18:59:06,182 | INFO: [0. 1. 0.]
2021-06-03 18:59:06,184 | INFO: arriving in fit
2021-06-03 18:59:06,478 | INFO: ///////////////////////////////////////////////
2021-06-03 18:59:06,478 | INFO:           0.5909090909090909
2021-06-03 18:59:06,478 | INFO: ///////////////////////////////////////////////
2021-06-03 18:59:06,553 | INFO: Proba Matrix for the model is
2021-06-03 18:59:06,553 | INFO: [0.999 0.    0.001]
2021-06-03 18:59:06,555 | INFO: arriving in fit
2021-06-03 18:59:06,848 | INFO: ///////////////////////////////////////////////
2021-06-03 18:59:06,849 | INFO:           0.5517241379310345
2021-06-03 18:59:06,849 | INFO: ///////////////////////////////////////////////
2021-06-03 18:59:06,924 | INFO: Proba Matrix for the model is
2021-06-03 18:59:06,924 | INFO: [1. 0. 0.]
2021-06-03 18:59:06,926 | INFO: arriving in fit
2021-06-03 18:59:07,233 | INFO: ///////////////////////////////////////////////
2021-06-03 18:59:07,233 | INFO:           0.5454545454545454
2021-06-03 18:59:07,233 | INFO: ///////////////////////////////////////////////
2021-06-03 18:59:07,307 | INFO: Proba Matrix for the model is
2021-06-03 18:59:07,307 | INFO: [0.996 0.004 0.   ]
2021-06-03 18:59:07,308 | INFO: arriving in fit
2021-06-03 18:59:07,702 | INFO: ///////////////////////////////////////////////
2021-06-03 18:59:07,702 | INFO:           0.20689655172413793
2021-06-03 18:59:07,702 | INFO: ///////////////////////////////////////////////
2021-06-03 18:59:07,776 | INFO: Proba Matrix for the model is
2021-06-03 18:59:07,776 | INFO: [1. 0. 0.]
2021-06-03 18:59:07,778 | INFO: arriving in fit
2021-06-03 18:59:08,113 | INFO: ///////////////////////////////////////////////
2021-06-03 18:59:08,113 | INFO:           0.4666666666666667
2021-06-03 18:59:08,113 | INFO: ///////////////////////////////////////////////
2021-06-03 18:59:08,188 | INFO: Proba Matrix for the model is
2021-06-03 18:59:08,188 | INFO: [0.001 0.999 0.   ]
2021-06-03 18:59:08,190 | INFO: arriving in fit
2021-06-03 18:59:08,538 | INFO: ///////////////////////////////////////////////
2021-06-03 18:59:08,538 | INFO:           0.47058823529411764
2021-06-03 18:59:08,538 | INFO: ///////////////////////////////////////////////
2021-06-03 18:59:08,614 | INFO: Proba Matrix for the model is
2021-06-03 18:59:08,614 | INFO: [0. 1. 0.]
2021-06-03 18:59:08,615 | INFO: arriving in fit
2021-06-03 18:59:08,940 | INFO: ///////////////////////////////////////////////
2021-06-03 18:59:08,940 | INFO:           0.5
2021-06-03 18:59:08,940 | INFO: ///////////////////////////////////////////////
2021-06-03 18:59:09,015 | INFO: Proba Matrix for the model is
2021-06-03 18:59:09,015 | INFO: [1. 0. 0.]
2021-06-03 18:59:09,016 | INFO: arriving in fit
2021-06-03 18:59:09,333 | INFO: ///////////////////////////////////////////////
2021-06-03 18:59:09,333 | INFO:           0.45454545454545453
2021-06-03 18:59:09,333 | INFO: ///////////////////////////////////////////////
2021-06-03 18:59:09,407 | INFO: Proba Matrix for the model is
2021-06-03 18:59:09,407 | INFO: [0.031 0.966 0.003]
2021-06-03 18:59:09,409 | INFO: arriving in fit
2021-06-03 18:59:09,746 | INFO: ///////////////////////////////////////////////
2021-06-03 18:59:09,746 | INFO:           0.45161290322580644
2021-06-03 18:59:09,746 | INFO: ///////////////////////////////////////////////
2021-06-03 18:59:09,819 | INFO: Proba Matrix for the model is
2021-06-03 18:59:09,819 | INFO: [0. 1. 0.]
2021-06-03 18:59:09,821 | INFO: arriving in fit
2021-06-03 18:59:10,160 | INFO: ///////////////////////////////////////////////
2021-06-03 18:59:10,160 | INFO:           0.6129032258064516
2021-06-03 18:59:10,160 | INFO: ///////////////////////////////////////////////
2021-06-03 18:59:10,234 | INFO: Proba Matrix for the model is
2021-06-03 18:59:10,235 | INFO: [0.063 0.006 0.931]
2021-06-03 18:59:10,236 | INFO: arriving in fit
2021-06-03 18:59:10,563 | INFO: ///////////////////////////////////////////////
2021-06-03 18:59:10,563 | INFO:           0.43478260869565216
2021-06-03 18:59:10,564 | INFO: ///////////////////////////////////////////////
2021-06-03 18:59:10,640 | INFO: Proba Matrix for the model is
2021-06-03 18:59:10,640 | INFO: [1. 0. 0.]
2021-06-03 18:59:10,642 | INFO: arriving in fit
2021-06-03 18:59:10,956 | INFO: ///////////////////////////////////////////////
2021-06-03 18:59:10,957 | INFO:           0.5666666666666667
2021-06-03 18:59:10,957 | INFO: ///////////////////////////////////////////////
2021-06-03 18:59:11,031 | INFO: Proba Matrix for the model is
2021-06-03 18:59:11,031 | INFO: [0. 1. 0.]
2021-06-03 18:59:11,032 | INFO: arriving in fit
2021-06-03 18:59:11,421 | INFO: ///////////////////////////////////////////////
2021-06-03 18:59:11,421 | INFO:           0.47058823529411764
2021-06-03 18:59:11,421 | INFO: ///////////////////////////////////////////////
2021-06-03 18:59:11,496 | INFO: Proba Matrix for the model is
2021-06-03 18:59:11,496 | INFO: [1. 0. 0.]
2021-06-03 18:59:11,498 | INFO: arriving in fit
2021-06-03 18:59:11,854 | INFO: ///////////////////////////////////////////////
2021-06-03 18:59:11,854 | INFO:           0.5517241379310345
2021-06-03 18:59:11,854 | INFO: ///////////////////////////////////////////////
2021-06-03 18:59:11,930 | INFO: Proba Matrix for the model is
2021-06-03 18:59:11,930 | INFO: [0. 0. 1.]
2021-06-03 18:59:11,932 | INFO: arriving in fit
2021-06-03 18:59:12,290 | INFO: ///////////////////////////////////////////////
2021-06-03 18:59:12,290 | INFO:           0.5294117647058824
2021-06-03 18:59:12,290 | INFO: ///////////////////////////////////////////////
2021-06-03 18:59:12,367 | INFO: Proba Matrix for the model is
2021-06-03 18:59:12,367 | INFO: [0. 0. 1.]
2021-06-03 18:59:12,368 | INFO: arriving in fit
2021-06-03 18:59:12,750 | INFO: ///////////////////////////////////////////////
2021-06-03 18:59:12,751 | INFO:           0.47058823529411764
2021-06-03 18:59:12,751 | INFO: ///////////////////////////////////////////////
2021-06-03 18:59:12,826 | INFO: Proba Matrix for the model is
2021-06-03 18:59:12,826 | INFO: [1. 0. 0.]
2021-06-03 18:59:12,828 | INFO: arriving in fit
2021-06-03 18:59:13,185 | INFO: ///////////////////////////////////////////////
2021-06-03 18:59:13,186 | INFO:           0.5
2021-06-03 18:59:13,186 | INFO: ///////////////////////////////////////////////
2021-06-03 18:59:13,261 | INFO: Proba Matrix for the model is
2021-06-03 18:59:13,261 | INFO: [0. 0. 1.]
2021-06-03 18:59:13,262 | INFO: arriving in fit
2021-06-03 18:59:13,563 | INFO: ///////////////////////////////////////////////
2021-06-03 18:59:13,563 | INFO:           0.7941176470588235
2021-06-03 18:59:13,563 | INFO: ///////////////////////////////////////////////
2021-06-03 18:59:13,640 | INFO: Proba Matrix for the model is
2021-06-03 18:59:13,640 | INFO: [0. 1. 0.]
2021-06-03 18:59:13,641 | INFO: arriving in fit
2021-06-03 18:59:13,977 | INFO: ///////////////////////////////////////////////
2021-06-03 18:59:13,977 | INFO:           0.47058823529411764
2021-06-03 18:59:13,977 | INFO: ///////////////////////////////////////////////
2021-06-03 18:59:14,053 | INFO: Proba Matrix for the model is
2021-06-03 18:59:14,053 | INFO: [0. 0. 1.]
2021-06-03 18:59:14,054 | INFO: arriving in fit
2021-06-03 18:59:14,358 | INFO: ///////////////////////////////////////////////
2021-06-03 18:59:14,358 | INFO:           0.59375
2021-06-03 18:59:14,358 | INFO: ///////////////////////////////////////////////
2021-06-03 18:59:14,436 | INFO: Proba Matrix for the model is
2021-06-03 18:59:14,436 | INFO: [0.222 0.    0.778]
2021-06-03 18:59:14,438 | INFO: arriving in fit
2021-06-03 18:59:14,755 | INFO: ///////////////////////////////////////////////
2021-06-03 18:59:14,755 | INFO:           0.4444444444444444
2021-06-03 18:59:14,755 | INFO: ///////////////////////////////////////////////
2021-06-03 18:59:14,832 | INFO: Proba Matrix for the model is
2021-06-03 18:59:14,832 | INFO: [0. 1. 0.]
2021-06-03 18:59:14,834 | INFO: arriving in fit
2021-06-03 18:59:15,192 | INFO: ///////////////////////////////////////////////
2021-06-03 18:59:15,192 | INFO:           0.5757575757575758
2021-06-03 18:59:15,192 | INFO: ///////////////////////////////////////////////
2021-06-03 18:59:15,274 | INFO: Proba Matrix for the model is
2021-06-03 18:59:15,274 | INFO: [1. 0. 0.]
2021-06-03 18:59:15,276 | INFO: arriving in fit
2021-06-03 18:59:15,614 | INFO: ///////////////////////////////////////////////
2021-06-03 18:59:15,614 | INFO:           0.375
2021-06-03 18:59:15,614 | INFO: ///////////////////////////////////////////////
2021-06-03 18:59:15,694 | INFO: Proba Matrix for the model is
2021-06-03 18:59:15,695 | INFO: [1. 0. 0.]
2021-06-03 18:59:15,696 | INFO: arriving in fit
2021-06-03 18:59:16,108 | INFO: ///////////////////////////////////////////////
2021-06-03 18:59:16,108 | INFO:           0.4838709677419355
2021-06-03 18:59:16,108 | INFO: ///////////////////////////////////////////////
2021-06-03 18:59:16,196 | INFO: Proba Matrix for the model is
2021-06-03 18:59:16,196 | INFO: [1. 0. 0.]
2021-06-03 18:59:16,199 | INFO: arriving in fit
2021-06-03 18:59:16,583 | INFO: ///////////////////////////////////////////////
2021-06-03 18:59:16,583 | INFO:           0.5625
2021-06-03 18:59:16,583 | INFO: ///////////////////////////////////////////////
2021-06-03 18:59:16,666 | INFO: Proba Matrix for the model is
2021-06-03 18:59:16,666 | INFO: [0. 0. 1.]
2021-06-03 18:59:16,668 | INFO: arriving in fit
2021-06-03 18:59:17,058 | INFO: ///////////////////////////////////////////////
2021-06-03 18:59:17,058 | INFO:           0.46875
2021-06-03 18:59:17,058 | INFO: ///////////////////////////////////////////////
2021-06-03 18:59:17,140 | INFO: Proba Matrix for the model is
2021-06-03 18:59:17,141 | INFO: [0.    0.893 0.107]
2021-06-03 18:59:17,144 | INFO: arriving in fit
2021-06-03 18:59:17,573 | INFO: ///////////////////////////////////////////////
2021-06-03 18:59:17,573 | INFO:           0.5588235294117647
2021-06-03 18:59:17,573 | INFO: ///////////////////////////////////////////////
2021-06-03 18:59:17,655 | INFO: Proba Matrix for the model is
2021-06-03 18:59:17,655 | INFO: [0. 1. 0.]
2021-06-03 18:59:17,657 | INFO: arriving in fit
2021-06-03 18:59:18,035 | INFO: ///////////////////////////////////////////////
2021-06-03 18:59:18,036 | INFO:           0.45454545454545453
2021-06-03 18:59:18,036 | INFO: ///////////////////////////////////////////////
2021-06-03 18:59:18,118 | INFO: Proba Matrix for the model is
2021-06-03 18:59:18,118 | INFO: [1. 0. 0.]
2021-06-03 18:59:18,121 | INFO: arriving in fit
2021-06-03 18:59:18,433 | INFO: ///////////////////////////////////////////////
2021-06-03 18:59:18,433 | INFO:           0.35294117647058826
2021-06-03 18:59:18,433 | INFO: ///////////////////////////////////////////////
2021-06-03 18:59:18,513 | INFO: Proba Matrix for the model is
2021-06-03 18:59:18,513 | INFO: [0.001 0.    0.999]
2021-06-03 18:59:18,515 | INFO: arriving in fit
2021-06-03 18:59:18,964 | INFO: ///////////////////////////////////////////////
2021-06-03 18:59:18,964 | INFO:           0.4666666666666667
2021-06-03 18:59:18,964 | INFO: ///////////////////////////////////////////////
2021-06-03 18:59:19,043 | INFO: Proba Matrix for the model is
2021-06-03 18:59:19,043 | INFO: [0. 1. 0.]
2021-06-03 18:59:19,045 | INFO: arriving in fit
2021-06-03 18:59:19,387 | INFO: ///////////////////////////////////////////////
2021-06-03 18:59:19,387 | INFO:           0.6
2021-06-03 18:59:19,387 | INFO: ///////////////////////////////////////////////
2021-06-03 18:59:19,466 | INFO: Proba Matrix for the model is
2021-06-03 18:59:19,467 | INFO: [0. 0. 1.]
2021-06-03 18:59:19,469 | INFO: arriving in fit
2021-06-03 18:59:19,795 | INFO: ///////////////////////////////////////////////
2021-06-03 18:59:19,795 | INFO:           0.41379310344827586
2021-06-03 18:59:19,795 | INFO: ///////////////////////////////////////////////
2021-06-03 18:59:19,878 | INFO: Proba Matrix for the model is
2021-06-03 18:59:19,878 | INFO: [1. 0. 0.]
2021-06-03 18:59:19,880 | INFO: arriving in fit
2021-06-03 18:59:20,236 | INFO: ///////////////////////////////////////////////
2021-06-03 18:59:20,236 | INFO:           0.45454545454545453
2021-06-03 18:59:20,236 | INFO: ///////////////////////////////////////////////
2021-06-03 18:59:20,317 | INFO: Proba Matrix for the model is
2021-06-03 18:59:20,317 | INFO: [1. 0. 0.]
2021-06-03 18:59:20,319 | INFO: arriving in fit
2021-06-03 18:59:20,621 | INFO: ///////////////////////////////////////////////
2021-06-03 18:59:20,621 | INFO:           0.5555555555555556
2021-06-03 18:59:20,622 | INFO: ///////////////////////////////////////////////
2021-06-03 18:59:20,704 | INFO: Proba Matrix for the model is
2021-06-03 18:59:20,704 | INFO: [0. 0. 1.]
2021-06-03 18:59:20,705 | INFO: arriving in fit
2021-06-03 18:59:21,057 | INFO: ///////////////////////////////////////////////
2021-06-03 18:59:21,057 | INFO:           0.5333333333333333
2021-06-03 18:59:21,057 | INFO: ///////////////////////////////////////////////
2021-06-03 18:59:21,138 | INFO: Proba Matrix for the model is
2021-06-03 18:59:21,138 | INFO: [0. 1. 0.]
2021-06-03 18:59:21,140 | INFO: arriving in fit
2021-06-03 18:59:21,555 | INFO: ///////////////////////////////////////////////
2021-06-03 18:59:21,555 | INFO:           0.4838709677419355
2021-06-03 18:59:21,555 | INFO: ///////////////////////////////////////////////
2021-06-03 18:59:21,635 | INFO: Proba Matrix for the model is
2021-06-03 18:59:21,635 | INFO: [0.019 0.981 0.   ]
2021-06-03 18:59:21,637 | INFO: arriving in fit
2021-06-03 18:59:21,999 | INFO: ///////////////////////////////////////////////
2021-06-03 18:59:21,999 | INFO:           0.4117647058823529
2021-06-03 18:59:22,000 | INFO: ///////////////////////////////////////////////
2021-06-03 18:59:22,078 | INFO: Proba Matrix for the model is
2021-06-03 18:59:22,078 | INFO: [0. 0. 1.]
2021-06-03 18:59:22,080 | INFO: arriving in fit
2021-06-03 18:59:22,439 | INFO: ///////////////////////////////////////////////
2021-06-03 18:59:22,439 | INFO:           0.5151515151515151
2021-06-03 18:59:22,439 | INFO: ///////////////////////////////////////////////
2021-06-03 18:59:22,520 | INFO: Proba Matrix for the model is
2021-06-03 18:59:22,520 | INFO: [1. 0. 0.]
2021-06-03 18:59:22,522 | INFO: arriving in fit
2021-06-03 18:59:22,857 | INFO: ///////////////////////////////////////////////
2021-06-03 18:59:22,857 | INFO:           0.696969696969697
2021-06-03 18:59:22,857 | INFO: ///////////////////////////////////////////////
2021-06-03 18:59:22,942 | INFO: Proba Matrix for the model is
2021-06-03 18:59:22,942 | INFO: [0. 0. 1.]
2021-06-03 18:59:22,944 | INFO: arriving in fit
2021-06-03 18:59:23,305 | INFO: ///////////////////////////////////////////////
2021-06-03 18:59:23,305 | INFO:           0.38235294117647056
2021-06-03 18:59:23,305 | INFO: ///////////////////////////////////////////////
2021-06-03 18:59:23,385 | INFO: Proba Matrix for the model is
2021-06-03 18:59:23,385 | INFO: [1. 0. 0.]
2021-06-03 18:59:23,387 | INFO: arriving in fit
2021-06-03 18:59:23,701 | INFO: ///////////////////////////////////////////////
2021-06-03 18:59:23,701 | INFO:           0.5384615384615384
2021-06-03 18:59:23,701 | INFO: ///////////////////////////////////////////////
2021-06-03 18:59:23,782 | INFO: Proba Matrix for the model is
2021-06-03 18:59:23,782 | INFO: [0. 0. 1.]
2021-06-03 18:59:23,785 | INFO: arriving in fit
2021-06-03 18:59:24,179 | INFO: ///////////////////////////////////////////////
2021-06-03 18:59:24,180 | INFO:           0.5625
2021-06-03 18:59:24,180 | INFO: ///////////////////////////////////////////////
2021-06-03 18:59:24,262 | INFO: Proba Matrix for the model is
2021-06-03 18:59:24,262 | INFO: [0. 1. 0.]
2021-06-03 18:59:24,264 | INFO: arriving in fit
2021-06-03 18:59:24,587 | INFO: ///////////////////////////////////////////////
2021-06-03 18:59:24,587 | INFO:           0.625
2021-06-03 18:59:24,587 | INFO: ///////////////////////////////////////////////
2021-06-03 18:59:24,671 | INFO: Proba Matrix for the model is
2021-06-03 18:59:24,671 | INFO: [0. 1. 0.]
2021-06-03 18:59:24,673 | INFO: arriving in fit
2021-06-03 18:59:25,012 | INFO: ///////////////////////////////////////////////
2021-06-03 18:59:25,012 | INFO:           0.5625
2021-06-03 18:59:25,012 | INFO: ///////////////////////////////////////////////
2021-06-03 18:59:25,094 | INFO: Proba Matrix for the model is
2021-06-03 18:59:25,094 | INFO: [1. 0. 0.]
2021-06-03 18:59:25,096 | INFO: arriving in fit
2021-06-03 18:59:25,460 | INFO: ///////////////////////////////////////////////
2021-06-03 18:59:25,460 | INFO:           0.41935483870967744
2021-06-03 18:59:25,460 | INFO: ///////////////////////////////////////////////
2021-06-03 18:59:25,541 | INFO: Proba Matrix for the model is
2021-06-03 18:59:25,541 | INFO: [0. 0. 1.]
2021-06-03 18:59:25,542 | INFO: arriving in fit
2021-06-03 18:59:25,870 | INFO: ///////////////////////////////////////////////
2021-06-03 18:59:25,870 | INFO:           0.6129032258064516
2021-06-03 18:59:25,870 | INFO: ///////////////////////////////////////////////
2021-06-03 18:59:25,948 | INFO: Proba Matrix for the model is
2021-06-03 18:59:25,948 | INFO: [0. 0. 1.]
2021-06-03 18:59:25,950 | INFO: arriving in fit
2021-06-03 18:59:26,284 | INFO: ///////////////////////////////////////////////
2021-06-03 18:59:26,284 | INFO:           0.4642857142857143
2021-06-03 18:59:26,284 | INFO: ///////////////////////////////////////////////
2021-06-03 18:59:26,360 | INFO: Proba Matrix for the model is
2021-06-03 18:59:26,360 | INFO: [0. 0. 1.]
2021-06-03 18:59:26,362 | INFO: arriving in fit
2021-06-03 18:59:26,706 | INFO: ///////////////////////////////////////////////
2021-06-03 18:59:26,706 | INFO:           0.3125
2021-06-03 18:59:26,706 | INFO: ///////////////////////////////////////////////
2021-06-03 18:59:26,786 | INFO: Proba Matrix for the model is
2021-06-03 18:59:26,786 | INFO: [0. 0. 1.]
2021-06-03 18:59:26,788 | INFO: arriving in fit
2021-06-03 18:59:27,098 | INFO: ///////////////////////////////////////////////
2021-06-03 18:59:27,098 | INFO:           0.45
2021-06-03 18:59:27,098 | INFO: ///////////////////////////////////////////////
2021-06-03 18:59:27,174 | INFO: Proba Matrix for the model is
2021-06-03 18:59:27,174 | INFO: [0.    0.023 0.977]
2021-06-03 18:59:27,176 | INFO: arriving in fit
2021-06-03 18:59:27,480 | INFO: ///////////////////////////////////////////////
2021-06-03 18:59:27,480 | INFO:           0.5238095238095238
2021-06-03 18:59:27,480 | INFO: ///////////////////////////////////////////////
2021-06-03 18:59:27,561 | INFO: Proba Matrix for the model is
2021-06-03 18:59:27,561 | INFO: [0.    0.002 0.998]
2021-06-03 18:59:27,563 | INFO: arriving in fit
2021-06-03 18:59:27,870 | INFO: ///////////////////////////////////////////////
2021-06-03 18:59:27,870 | INFO:           0.36363636363636365
2021-06-03 18:59:27,871 | INFO: ///////////////////////////////////////////////
2021-06-03 18:59:27,952 | INFO: Proba Matrix for the model is
2021-06-03 18:59:27,952 | INFO: [0.794 0.047 0.158]
2021-06-03 18:59:27,954 | INFO: arriving in fit
2021-06-03 18:59:28,285 | INFO: ///////////////////////////////////////////////
2021-06-03 18:59:28,286 | INFO:           0.5185185185185185
2021-06-03 18:59:28,286 | INFO: ///////////////////////////////////////////////
2021-06-03 18:59:28,368 | INFO: Proba Matrix for the model is
2021-06-03 18:59:28,368 | INFO: [0. 1. 0.]
2021-06-03 18:59:28,370 | INFO: arriving in fit
2021-06-03 18:59:28,674 | INFO: ///////////////////////////////////////////////
2021-06-03 18:59:28,675 | INFO:           0.6
2021-06-03 18:59:28,675 | INFO: ///////////////////////////////////////////////
2021-06-03 18:59:28,755 | INFO: Proba Matrix for the model is
2021-06-03 18:59:28,756 | INFO: [0. 1. 0.]
2021-06-03 18:59:28,758 | INFO: arriving in fit
2021-06-03 18:59:29,073 | INFO: ///////////////////////////////////////////////
2021-06-03 18:59:29,073 | INFO:           0.5416666666666666
2021-06-03 18:59:29,073 | INFO: ///////////////////////////////////////////////
2021-06-03 18:59:29,157 | INFO: Proba Matrix for the model is
2021-06-03 18:59:29,157 | INFO: [1. 0. 0.]
2021-06-03 18:59:29,159 | INFO: arriving in fit
2021-06-03 18:59:29,477 | INFO: ///////////////////////////////////////////////
2021-06-03 18:59:29,478 | INFO:           0.6153846153846154
2021-06-03 18:59:29,478 | INFO: ///////////////////////////////////////////////
2021-06-03 18:59:29,554 | INFO: Proba Matrix for the model is
2021-06-03 18:59:29,554 | INFO: [0.016 0.984 0.   ]
2021-06-03 18:59:29,556 | INFO: arriving in fit
2021-06-03 18:59:29,881 | INFO: ///////////////////////////////////////////////
2021-06-03 18:59:29,881 | INFO:           0.5
2021-06-03 18:59:29,881 | INFO: ///////////////////////////////////////////////
2021-06-03 18:59:29,960 | INFO: Proba Matrix for the model is
2021-06-03 18:59:29,960 | INFO: [0. 0. 1.]
2021-06-03 18:59:29,962 | INFO: arriving in fit
2021-06-03 18:59:30,274 | INFO: ///////////////////////////////////////////////
2021-06-03 18:59:30,274 | INFO:           0.4
2021-06-03 18:59:30,274 | INFO: ///////////////////////////////////////////////
2021-06-03 18:59:30,354 | INFO: Proba Matrix for the model is
2021-06-03 18:59:30,354 | INFO: [1. 0. 0.]
2021-06-03 18:59:30,356 | INFO: arriving in fit
2021-06-03 18:59:30,671 | INFO: ///////////////////////////////////////////////
2021-06-03 18:59:30,671 | INFO:           0.6956521739130435
2021-06-03 18:59:30,671 | INFO: ///////////////////////////////////////////////
2021-06-03 18:59:30,751 | INFO: Proba Matrix for the model is
2021-06-03 18:59:30,751 | INFO: [0. 1. 0.]
2021-06-03 18:59:30,753 | INFO: arriving in fit
2021-06-03 18:59:31,067 | INFO: ///////////////////////////////////////////////
2021-06-03 18:59:31,068 | INFO:           0.5
2021-06-03 18:59:31,068 | INFO: ///////////////////////////////////////////////
2021-06-03 18:59:31,145 | INFO: Proba Matrix for the model is
2021-06-03 18:59:31,145 | INFO: [0. 0. 1.]
2021-06-03 18:59:31,147 | INFO: arriving in fit
2021-06-03 18:59:31,456 | INFO: ///////////////////////////////////////////////
2021-06-03 18:59:31,456 | INFO:           0.7142857142857143
2021-06-03 18:59:31,456 | INFO: ///////////////////////////////////////////////
2021-06-03 18:59:31,538 | INFO: Proba Matrix for the model is
2021-06-03 18:59:31,538 | INFO: [1. 0. 0.]
2021-06-03 18:59:31,540 | INFO: arriving in fit
2021-06-03 18:59:31,862 | INFO: ///////////////////////////////////////////////
2021-06-03 18:59:31,862 | INFO:           0.3333333333333333
2021-06-03 18:59:31,862 | INFO: ///////////////////////////////////////////////
2021-06-03 18:59:31,945 | INFO: Proba Matrix for the model is
2021-06-03 18:59:31,945 | INFO: [0. 1. 0.]
2021-06-03 18:59:31,947 | INFO: arriving in fit
2021-06-03 18:59:32,256 | INFO: ///////////////////////////////////////////////
2021-06-03 18:59:32,256 | INFO:           0.5
2021-06-03 18:59:32,256 | INFO: ///////////////////////////////////////////////
2021-06-03 18:59:32,337 | INFO: Proba Matrix for the model is
2021-06-03 18:59:32,337 | INFO: [0.676 0.062 0.262]
2021-06-03 18:59:32,339 | INFO: arriving in fit
2021-06-03 18:59:32,661 | INFO: ///////////////////////////////////////////////
2021-06-03 18:59:32,661 | INFO:           0.42105263157894735
2021-06-03 18:59:32,661 | INFO: ///////////////////////////////////////////////
2021-06-03 18:59:32,740 | INFO: Proba Matrix for the model is
2021-06-03 18:59:32,740 | INFO: [0. 0. 1.]
2021-06-03 18:59:32,743 | INFO: arriving in fit
2021-06-03 18:59:33,051 | INFO: ///////////////////////////////////////////////
2021-06-03 18:59:33,052 | INFO:           0.75
2021-06-03 18:59:33,052 | INFO: ///////////////////////////////////////////////
2021-06-03 18:59:33,131 | INFO: Proba Matrix for the model is
2021-06-03 18:59:33,131 | INFO: [0. 0. 1.]
2021-06-03 18:59:33,133 | INFO: arriving in fit
2021-06-03 18:59:33,478 | INFO: ///////////////////////////////////////////////
2021-06-03 18:59:33,479 | INFO:           0.6363636363636364
2021-06-03 18:59:33,479 | INFO: ///////////////////////////////////////////////
2021-06-03 18:59:33,563 | INFO: Proba Matrix for the model is
2021-06-03 18:59:33,563 | INFO: [0.533 0.    0.467]
2021-06-03 18:59:33,565 | INFO: arriving in fit
2021-06-03 18:59:33,920 | INFO: ///////////////////////////////////////////////
2021-06-03 18:59:33,920 | INFO:           0.4
2021-06-03 18:59:33,920 | INFO: ///////////////////////////////////////////////
2021-06-03 18:59:33,999 | INFO: Proba Matrix for the model is
2021-06-03 18:59:34,000 | INFO: [0.    0.999 0.001]
