2021-06-03 19:49:03,525 | INFO: 
2021-06-03 19:49:03,525 | INFO: ***************************************************************************************************
2021-06-03 19:49:03,525 | INFO: ***                                                                                             ***
2021-06-03 19:49:03,525 | INFO: ***   NEW RUN                                                                                   ***
2021-06-03 19:49:03,525 | INFO: ***                                                                                             ***
2021-06-03 19:49:03,525 | INFO: ***************************************************************************************************
2021-06-03 19:49:03,525 | INFO: I start to run your Notebook ! -- Good Luck :-) It is:  06/03/2021, 19:49:03
2021-06-03 19:49:04,526 | INFO: 8902 rows and 67 columns read in the CSV file
2021-06-03 19:49:04,542 | INFO: ------------------------------------------------------------------------------
2021-06-03 19:49:04,542 | INFO:      C U S T O M     T R A N S F O R M E R
2021-06-03 19:49:04,542 | INFO: 
2021-06-03 19:49:04,542 | INFO: [{'cols': ['EVENT_IMPACT'], 'method': 'rolling', 'period': [1, 2, 3, 4], 'original': False}, {'cols': ['NAV_VOL_SLOPE'], 'method': 'rolling', 'period': [1, 2, 3, 4], 'original': False}, {'cols': ['NAV_PERF_SLOPE'], 'method': 'rolling', 'period': [1, 2, 3, 4], 'original': False}, {'cols': ['BENCH_PERF_SLOPE'], 'method': 'rolling', 'period': [1, 2, 3, 4], 'original': False}, {'cols': ['BENCH_VOL_SLOPE'], 'method': 'rolling', 'period': [1, 2, 3, 4], 'original': False}, {'cols': ['AUM'], 'method': 'rolling', 'period': [1, 2, 3, 4], 'original': False}, {'cols': ['NET_FLOWS'], 'method': 'rolling', 'period': [1, 2, 3, 4], 'original': False}, {'cols': ['IN_FLOWS'], 'method': 'rolling', 'period': [1, 2, 3, 4], 'original': False}, {'cols': ['OUT_FLOWS'], 'method': 'rolling', 'period': [1, 2, 3, 4], 'original': False}, {'cols': ['POSITIVE_RFP'], 'method': 'shift', 'period': [1, 2, 3], 'original': False}, {'cols': ['BENCH_PERF_SLOPE_ERROR'], 'method': 'shift', 'period': [1, 2, 3], 'original': False}, {'cols': ['BENCH_VOL_SLOPE_ERROR'], 'method': 'shift', 'period': [1, 2, 3], 'original': False}, {'cols': ['NAV_PERF_SLOPE_ERROR'], 'method': 'shift', 'period': [1, 2, 3], 'original': False}, {'cols': ['NAV_VOL_SLOPE_ERROR'], 'method': 'shift', 'period': [1, 2, 3], 'original': False}, {'cols': ['PSU_SCORE'], 'method': 'ewm', 'period': [1, 3, 6], 'original': False}, {'cols': ['DOWNLOADED_DOCUMENTS'], 'method': 'ewm', 'period': [1, 3, 6], 'original': False}]
2021-06-03 19:49:04,551 | INFO: NumExpr defaulting to 8 threads.
2021-06-03 19:49:04,577 | INFO: arriving in fit
2021-06-03 19:49:05,231 | INFO: ///////////////////////////////////////////////
2021-06-03 19:49:05,231 | INFO:           0.42424242424242425
2021-06-03 19:49:05,231 | INFO: ///////////////////////////////////////////////
2021-06-03 19:49:05,311 | INFO: Proba Matrix for the model is
2021-06-03 19:49:05,312 | INFO: [0.014 0.    0.986]
2021-06-03 19:49:05,313 | INFO: arriving in fit
2021-06-03 19:49:05,664 | INFO: ///////////////////////////////////////////////
2021-06-03 19:49:05,664 | INFO:           0.6666666666666666
2021-06-03 19:49:05,664 | INFO: ///////////////////////////////////////////////
2021-06-03 19:49:05,741 | INFO: Proba Matrix for the model is
2021-06-03 19:49:05,741 | INFO: [0. 0. 1.]
2021-06-03 19:49:05,743 | INFO: arriving in fit
2021-06-03 19:49:06,053 | INFO: ///////////////////////////////////////////////
2021-06-03 19:49:06,053 | INFO:           0.38461538461538464
2021-06-03 19:49:06,053 | INFO: ///////////////////////////////////////////////
2021-06-03 19:49:06,130 | INFO: Proba Matrix for the model is
2021-06-03 19:49:06,130 | INFO: [1. 0. 0.]
2021-06-03 19:49:06,132 | INFO: arriving in fit
2021-06-03 19:49:06,440 | INFO: ///////////////////////////////////////////////
2021-06-03 19:49:06,440 | INFO:           0.5454545454545454
2021-06-03 19:49:06,440 | INFO: ///////////////////////////////////////////////
2021-06-03 19:49:06,532 | INFO: Proba Matrix for the model is
2021-06-03 19:49:06,532 | INFO: [0.    0.078 0.922]
2021-06-03 19:49:06,534 | INFO: arriving in fit
2021-06-03 19:49:06,933 | INFO: ///////////////////////////////////////////////
2021-06-03 19:49:06,933 | INFO:           0.4
2021-06-03 19:49:06,933 | INFO: ///////////////////////////////////////////////
2021-06-03 19:49:07,026 | INFO: Proba Matrix for the model is
2021-06-03 19:49:07,026 | INFO: [0.    0.515 0.485]
2021-06-03 19:49:07,028 | INFO: arriving in fit
2021-06-03 19:49:07,350 | INFO: ///////////////////////////////////////////////
2021-06-03 19:49:07,350 | INFO:           0.375
2021-06-03 19:49:07,350 | INFO: ///////////////////////////////////////////////
2021-06-03 19:49:07,444 | INFO: Proba Matrix for the model is
2021-06-03 19:49:07,444 | INFO: [0. 1. 0.]
2021-06-03 19:49:07,447 | INFO: arriving in fit
2021-06-03 19:49:07,845 | INFO: ///////////////////////////////////////////////
2021-06-03 19:49:07,845 | INFO:           0.41379310344827586
2021-06-03 19:49:07,845 | INFO: ///////////////////////////////////////////////
2021-06-03 19:49:07,934 | INFO: Proba Matrix for the model is
2021-06-03 19:49:07,934 | INFO: [0.832 0.168 0.   ]
2021-06-03 19:49:07,936 | INFO: arriving in fit
2021-06-03 19:49:08,315 | INFO: ///////////////////////////////////////////////
2021-06-03 19:49:08,315 | INFO:           0.6333333333333333
2021-06-03 19:49:08,315 | INFO: ///////////////////////////////////////////////
2021-06-03 19:49:08,407 | INFO: Proba Matrix for the model is
2021-06-03 19:49:08,407 | INFO: [0. 1. 0.]
2021-06-03 19:49:08,410 | INFO: arriving in fit
2021-06-03 19:49:08,762 | INFO: ///////////////////////////////////////////////
2021-06-03 19:49:08,762 | INFO:           0.3448275862068966
2021-06-03 19:49:08,762 | INFO: ///////////////////////////////////////////////
2021-06-03 19:49:08,841 | INFO: Proba Matrix for the model is
2021-06-03 19:49:08,841 | INFO: [0.002 0.966 0.032]
2021-06-03 19:49:08,843 | INFO: arriving in fit
2021-06-03 19:49:09,227 | INFO: ///////////////////////////////////////////////
2021-06-03 19:49:09,227 | INFO:           0.6764705882352942
2021-06-03 19:49:09,227 | INFO: ///////////////////////////////////////////////
2021-06-03 19:49:09,317 | INFO: Proba Matrix for the model is
2021-06-03 19:49:09,317 | INFO: [0. 1. 0.]
2021-06-03 19:49:09,319 | INFO: arriving in fit
2021-06-03 19:49:09,644 | INFO: ///////////////////////////////////////////////
2021-06-03 19:49:09,644 | INFO:           0.7333333333333333
2021-06-03 19:49:09,644 | INFO: ///////////////////////////////////////////////
2021-06-03 19:49:09,724 | INFO: Proba Matrix for the model is
2021-06-03 19:49:09,724 | INFO: [0. 1. 0.]
2021-06-03 19:49:09,726 | INFO: arriving in fit
2021-06-03 19:49:10,077 | INFO: ///////////////////////////////////////////////
2021-06-03 19:49:10,078 | INFO:           0.5161290322580645
2021-06-03 19:49:10,078 | INFO: ///////////////////////////////////////////////
2021-06-03 19:49:10,156 | INFO: Proba Matrix for the model is
2021-06-03 19:49:10,156 | INFO: [1. 0. 0.]
2021-06-03 19:49:10,157 | INFO: arriving in fit
2021-06-03 19:49:10,512 | INFO: ///////////////////////////////////////////////
2021-06-03 19:49:10,512 | INFO:           0.46875
2021-06-03 19:49:10,512 | INFO: ///////////////////////////////////////////////
2021-06-03 19:49:10,590 | INFO: Proba Matrix for the model is
2021-06-03 19:49:10,590 | INFO: [0.943 0.057 0.   ]
2021-06-03 19:49:10,591 | INFO: arriving in fit
2021-06-03 19:49:10,896 | INFO: ///////////////////////////////////////////////
2021-06-03 19:49:10,896 | INFO:           0.4782608695652174
2021-06-03 19:49:10,896 | INFO: ///////////////////////////////////////////////
2021-06-03 19:49:10,978 | INFO: Proba Matrix for the model is
2021-06-03 19:49:10,978 | INFO: [0. 0. 1.]
2021-06-03 19:49:10,980 | INFO: arriving in fit
2021-06-03 19:49:11,310 | INFO: ///////////////////////////////////////////////
2021-06-03 19:49:11,311 | INFO:           0.5294117647058824
2021-06-03 19:49:11,311 | INFO: ///////////////////////////////////////////////
2021-06-03 19:49:11,397 | INFO: Proba Matrix for the model is
2021-06-03 19:49:11,397 | INFO: [0. 1. 0.]
2021-06-03 19:49:11,399 | INFO: arriving in fit
2021-06-03 19:49:11,720 | INFO: ///////////////////////////////////////////////
2021-06-03 19:49:11,720 | INFO:           0.5909090909090909
2021-06-03 19:49:11,720 | INFO: ///////////////////////////////////////////////
2021-06-03 19:49:11,803 | INFO: Proba Matrix for the model is
2021-06-03 19:49:11,803 | INFO: [0.999 0.    0.001]
2021-06-03 19:49:11,805 | INFO: arriving in fit
2021-06-03 19:49:12,122 | INFO: ///////////////////////////////////////////////
2021-06-03 19:49:12,122 | INFO:           0.5517241379310345
2021-06-03 19:49:12,122 | INFO: ///////////////////////////////////////////////
2021-06-03 19:49:12,205 | INFO: Proba Matrix for the model is
2021-06-03 19:49:12,205 | INFO: [1. 0. 0.]
2021-06-03 19:49:12,207 | INFO: arriving in fit
2021-06-03 19:49:12,547 | INFO: ///////////////////////////////////////////////
2021-06-03 19:49:12,547 | INFO:           0.5454545454545454
2021-06-03 19:49:12,547 | INFO: ///////////////////////////////////////////////
2021-06-03 19:49:12,630 | INFO: Proba Matrix for the model is
2021-06-03 19:49:12,630 | INFO: [0.996 0.004 0.   ]
2021-06-03 19:49:12,632 | INFO: arriving in fit
2021-06-03 19:49:13,047 | INFO: ///////////////////////////////////////////////
2021-06-03 19:49:13,047 | INFO:           0.20689655172413793
2021-06-03 19:49:13,047 | INFO: ///////////////////////////////////////////////
2021-06-03 19:49:13,128 | INFO: Proba Matrix for the model is
2021-06-03 19:49:13,128 | INFO: [1. 0. 0.]
2021-06-03 19:49:13,130 | INFO: arriving in fit
2021-06-03 19:49:13,488 | INFO: ///////////////////////////////////////////////
2021-06-03 19:49:13,488 | INFO:           0.4666666666666667
2021-06-03 19:49:13,488 | INFO: ///////////////////////////////////////////////
2021-06-03 19:49:13,572 | INFO: Proba Matrix for the model is
2021-06-03 19:49:13,572 | INFO: [0.001 0.999 0.   ]
2021-06-03 19:49:13,574 | INFO: arriving in fit
2021-06-03 19:49:13,955 | INFO: ///////////////////////////////////////////////
2021-06-03 19:49:13,955 | INFO:           0.47058823529411764
2021-06-03 19:49:13,955 | INFO: ///////////////////////////////////////////////
2021-06-03 19:49:14,035 | INFO: Proba Matrix for the model is
2021-06-03 19:49:14,036 | INFO: [0. 1. 0.]
2021-06-03 19:49:14,037 | INFO: arriving in fit
2021-06-03 19:49:14,392 | INFO: ///////////////////////////////////////////////
2021-06-03 19:49:14,392 | INFO:           0.5
2021-06-03 19:49:14,392 | INFO: ///////////////////////////////////////////////
2021-06-03 19:49:14,470 | INFO: Proba Matrix for the model is
2021-06-03 19:49:14,470 | INFO: [1. 0. 0.]
2021-06-03 19:49:14,472 | INFO: arriving in fit
2021-06-03 19:49:14,801 | INFO: ///////////////////////////////////////////////
2021-06-03 19:49:14,801 | INFO:           0.45454545454545453
2021-06-03 19:49:14,801 | INFO: ///////////////////////////////////////////////
2021-06-03 19:49:14,880 | INFO: Proba Matrix for the model is
2021-06-03 19:49:14,880 | INFO: [0.031 0.966 0.003]
2021-06-03 19:49:14,882 | INFO: arriving in fit
2021-06-03 19:49:15,260 | INFO: ///////////////////////////////////////////////
2021-06-03 19:49:15,260 | INFO:           0.45161290322580644
2021-06-03 19:49:15,260 | INFO: ///////////////////////////////////////////////
2021-06-03 19:49:15,345 | INFO: Proba Matrix for the model is
2021-06-03 19:49:15,345 | INFO: [0. 1. 0.]
2021-06-03 19:49:15,346 | INFO: arriving in fit
2021-06-03 19:49:15,719 | INFO: ///////////////////////////////////////////////
2021-06-03 19:49:15,719 | INFO:           0.6129032258064516
2021-06-03 19:49:15,719 | INFO: ///////////////////////////////////////////////
2021-06-03 19:49:15,800 | INFO: Proba Matrix for the model is
2021-06-03 19:49:15,800 | INFO: [0.063 0.006 0.931]
2021-06-03 19:49:15,802 | INFO: arriving in fit
2021-06-03 19:49:16,144 | INFO: ///////////////////////////////////////////////
2021-06-03 19:49:16,144 | INFO:           0.43478260869565216
2021-06-03 19:49:16,144 | INFO: ///////////////////////////////////////////////
2021-06-03 19:49:16,224 | INFO: Proba Matrix for the model is
2021-06-03 19:49:16,225 | INFO: [1. 0. 0.]
2021-06-03 19:49:16,226 | INFO: arriving in fit
2021-06-03 19:49:16,559 | INFO: ///////////////////////////////////////////////
2021-06-03 19:49:16,560 | INFO:           0.5666666666666667
2021-06-03 19:49:16,560 | INFO: ///////////////////////////////////////////////
2021-06-03 19:49:16,644 | INFO: Proba Matrix for the model is
2021-06-03 19:49:16,644 | INFO: [0. 1. 0.]
2021-06-03 19:49:16,646 | INFO: arriving in fit
2021-06-03 19:49:16,999 | INFO: ///////////////////////////////////////////////
2021-06-03 19:49:16,999 | INFO:           0.47058823529411764
2021-06-03 19:49:16,999 | INFO: ///////////////////////////////////////////////
2021-06-03 19:49:17,078 | INFO: Proba Matrix for the model is
2021-06-03 19:49:17,078 | INFO: [1. 0. 0.]
2021-06-03 19:49:17,080 | INFO: arriving in fit
2021-06-03 19:49:17,491 | INFO: ///////////////////////////////////////////////
2021-06-03 19:49:17,491 | INFO:           0.5517241379310345
2021-06-03 19:49:17,491 | INFO: ///////////////////////////////////////////////
2021-06-03 19:49:17,567 | INFO: Proba Matrix for the model is
2021-06-03 19:49:17,568 | INFO: [0. 0. 1.]
2021-06-03 19:49:17,569 | INFO: arriving in fit
2021-06-03 19:49:17,933 | INFO: ///////////////////////////////////////////////
2021-06-03 19:49:17,933 | INFO:           0.5294117647058824
2021-06-03 19:49:17,933 | INFO: ///////////////////////////////////////////////
2021-06-03 19:49:18,014 | INFO: Proba Matrix for the model is
2021-06-03 19:49:18,014 | INFO: [0. 0. 1.]
2021-06-03 19:49:18,016 | INFO: arriving in fit
2021-06-03 19:49:18,406 | INFO: ///////////////////////////////////////////////
2021-06-03 19:49:18,407 | INFO:           0.47058823529411764
2021-06-03 19:49:18,407 | INFO: ///////////////////////////////////////////////
2021-06-03 19:49:18,482 | INFO: Proba Matrix for the model is
2021-06-03 19:49:18,482 | INFO: [1. 0. 0.]
2021-06-03 19:49:18,484 | INFO: arriving in fit
2021-06-03 19:49:18,853 | INFO: ///////////////////////////////////////////////
2021-06-03 19:49:18,853 | INFO:           0.5
2021-06-03 19:49:18,853 | INFO: ///////////////////////////////////////////////
2021-06-03 19:49:18,933 | INFO: Proba Matrix for the model is
2021-06-03 19:49:18,933 | INFO: [0. 0. 1.]
2021-06-03 19:49:18,935 | INFO: arriving in fit
2021-06-03 19:49:19,254 | INFO: ///////////////////////////////////////////////
2021-06-03 19:49:19,254 | INFO:           0.7941176470588235
2021-06-03 19:49:19,254 | INFO: ///////////////////////////////////////////////
2021-06-03 19:49:19,339 | INFO: Proba Matrix for the model is
2021-06-03 19:49:19,339 | INFO: [0. 1. 0.]
2021-06-03 19:49:19,341 | INFO: arriving in fit
2021-06-03 19:49:19,688 | INFO: ///////////////////////////////////////////////
2021-06-03 19:49:19,688 | INFO:           0.47058823529411764
2021-06-03 19:49:19,688 | INFO: ///////////////////////////////////////////////
2021-06-03 19:49:19,768 | INFO: Proba Matrix for the model is
2021-06-03 19:49:19,768 | INFO: [0. 0. 1.]
2021-06-03 19:49:19,770 | INFO: arriving in fit
2021-06-03 19:49:20,084 | INFO: ///////////////////////////////////////////////
2021-06-03 19:49:20,084 | INFO:           0.59375
2021-06-03 19:49:20,084 | INFO: ///////////////////////////////////////////////
2021-06-03 19:49:20,165 | INFO: Proba Matrix for the model is
2021-06-03 19:49:20,165 | INFO: [0.222 0.    0.778]
2021-06-03 19:49:20,168 | INFO: arriving in fit
2021-06-03 19:49:20,485 | INFO: ///////////////////////////////////////////////
2021-06-03 19:49:20,485 | INFO:           0.4444444444444444
2021-06-03 19:49:20,485 | INFO: ///////////////////////////////////////////////
2021-06-03 19:49:20,568 | INFO: Proba Matrix for the model is
2021-06-03 19:49:20,568 | INFO: [0. 1. 0.]
2021-06-03 19:49:20,569 | INFO: arriving in fit
2021-06-03 19:49:20,926 | INFO: ///////////////////////////////////////////////
2021-06-03 19:49:20,926 | INFO:           0.5757575757575758
2021-06-03 19:49:20,926 | INFO: ///////////////////////////////////////////////
2021-06-03 19:49:21,005 | INFO: Proba Matrix for the model is
2021-06-03 19:49:21,005 | INFO: [1. 0. 0.]
2021-06-03 19:49:21,007 | INFO: arriving in fit
2021-06-03 19:49:21,333 | INFO: ///////////////////////////////////////////////
2021-06-03 19:49:21,333 | INFO:           0.375
2021-06-03 19:49:21,333 | INFO: ///////////////////////////////////////////////
2021-06-03 19:49:21,411 | INFO: Proba Matrix for the model is
2021-06-03 19:49:21,411 | INFO: [1. 0. 0.]
2021-06-03 19:49:21,412 | INFO: arriving in fit
2021-06-03 19:49:21,810 | INFO: ///////////////////////////////////////////////
2021-06-03 19:49:21,810 | INFO:           0.4838709677419355
2021-06-03 19:49:21,810 | INFO: ///////////////////////////////////////////////
2021-06-03 19:49:21,887 | INFO: Proba Matrix for the model is
2021-06-03 19:49:21,887 | INFO: [1. 0. 0.]
2021-06-03 19:49:21,889 | INFO: arriving in fit
2021-06-03 19:49:22,254 | INFO: ///////////////////////////////////////////////
2021-06-03 19:49:22,254 | INFO:           0.5625
2021-06-03 19:49:22,254 | INFO: ///////////////////////////////////////////////
2021-06-03 19:49:22,334 | INFO: Proba Matrix for the model is
2021-06-03 19:49:22,334 | INFO: [0. 0. 1.]
2021-06-03 19:49:22,336 | INFO: arriving in fit
2021-06-03 19:49:22,717 | INFO: ///////////////////////////////////////////////
2021-06-03 19:49:22,717 | INFO:           0.46875
2021-06-03 19:49:22,717 | INFO: ///////////////////////////////////////////////
2021-06-03 19:49:22,798 | INFO: Proba Matrix for the model is
2021-06-03 19:49:22,798 | INFO: [0.    0.893 0.107]
2021-06-03 19:49:22,801 | INFO: arriving in fit
2021-06-03 19:49:23,182 | INFO: ///////////////////////////////////////////////
2021-06-03 19:49:23,183 | INFO:           0.5588235294117647
2021-06-03 19:49:23,183 | INFO: ///////////////////////////////////////////////
2021-06-03 19:49:23,263 | INFO: Proba Matrix for the model is
2021-06-03 19:49:23,263 | INFO: [0. 1. 0.]
2021-06-03 19:49:23,265 | INFO: arriving in fit
2021-06-03 19:49:23,635 | INFO: ///////////////////////////////////////////////
2021-06-03 19:49:23,635 | INFO:           0.45454545454545453
2021-06-03 19:49:23,635 | INFO: ///////////////////////////////////////////////
2021-06-03 19:49:23,717 | INFO: Proba Matrix for the model is
2021-06-03 19:49:23,717 | INFO: [1. 0. 0.]
2021-06-03 19:49:23,719 | INFO: arriving in fit
2021-06-03 19:49:24,024 | INFO: ///////////////////////////////////////////////
2021-06-03 19:49:24,024 | INFO:           0.35294117647058826
2021-06-03 19:49:24,024 | INFO: ///////////////////////////////////////////////
2021-06-03 19:49:24,104 | INFO: Proba Matrix for the model is
2021-06-03 19:49:24,104 | INFO: [0.001 0.    0.999]
2021-06-03 19:49:24,106 | INFO: arriving in fit
2021-06-03 19:49:24,540 | INFO: ///////////////////////////////////////////////
2021-06-03 19:49:24,540 | INFO:           0.4666666666666667
2021-06-03 19:49:24,540 | INFO: ///////////////////////////////////////////////
2021-06-03 19:49:24,621 | INFO: Proba Matrix for the model is
2021-06-03 19:49:24,621 | INFO: [0. 1. 0.]
2021-06-03 19:49:24,623 | INFO: arriving in fit
2021-06-03 19:49:24,955 | INFO: ///////////////////////////////////////////////
2021-06-03 19:49:24,955 | INFO:           0.6
2021-06-03 19:49:24,955 | INFO: ///////////////////////////////////////////////
2021-06-03 19:49:25,039 | INFO: Proba Matrix for the model is
2021-06-03 19:49:25,040 | INFO: [0. 0. 1.]
2021-06-03 19:49:25,042 | INFO: arriving in fit
2021-06-03 19:49:25,395 | INFO: ///////////////////////////////////////////////
2021-06-03 19:49:25,395 | INFO:           0.41379310344827586
2021-06-03 19:49:25,395 | INFO: ///////////////////////////////////////////////
2021-06-03 19:49:25,479 | INFO: Proba Matrix for the model is
2021-06-03 19:49:25,479 | INFO: [1. 0. 0.]
2021-06-03 19:49:25,481 | INFO: arriving in fit
2021-06-03 19:49:25,821 | INFO: ///////////////////////////////////////////////
2021-06-03 19:49:25,821 | INFO:           0.45454545454545453
2021-06-03 19:49:25,821 | INFO: ///////////////////////////////////////////////
2021-06-03 19:49:25,901 | INFO: Proba Matrix for the model is
2021-06-03 19:49:25,902 | INFO: [1. 0. 0.]
2021-06-03 19:49:25,903 | INFO: arriving in fit
2021-06-03 19:49:26,204 | INFO: ///////////////////////////////////////////////
2021-06-03 19:49:26,204 | INFO:           0.5555555555555556
2021-06-03 19:49:26,204 | INFO: ///////////////////////////////////////////////
2021-06-03 19:49:26,285 | INFO: Proba Matrix for the model is
2021-06-03 19:49:26,285 | INFO: [0. 0. 1.]
2021-06-03 19:49:26,287 | INFO: arriving in fit
2021-06-03 19:49:26,629 | INFO: ///////////////////////////////////////////////
2021-06-03 19:49:26,629 | INFO:           0.5333333333333333
2021-06-03 19:49:26,629 | INFO: ///////////////////////////////////////////////
2021-06-03 19:49:26,711 | INFO: Proba Matrix for the model is
2021-06-03 19:49:26,711 | INFO: [0. 1. 0.]
2021-06-03 19:49:26,712 | INFO: arriving in fit
2021-06-03 19:49:27,119 | INFO: ///////////////////////////////////////////////
2021-06-03 19:49:27,119 | INFO:           0.4838709677419355
2021-06-03 19:49:27,119 | INFO: ///////////////////////////////////////////////
2021-06-03 19:49:27,205 | INFO: Proba Matrix for the model is
2021-06-03 19:49:27,205 | INFO: [0.019 0.981 0.   ]
2021-06-03 19:49:27,207 | INFO: arriving in fit
2021-06-03 19:49:27,560 | INFO: ///////////////////////////////////////////////
2021-06-03 19:49:27,560 | INFO:           0.4117647058823529
2021-06-03 19:49:27,560 | INFO: ///////////////////////////////////////////////
2021-06-03 19:49:27,643 | INFO: Proba Matrix for the model is
2021-06-03 19:49:27,643 | INFO: [0. 0. 1.]
2021-06-03 19:49:27,645 | INFO: arriving in fit
2021-06-03 19:49:27,989 | INFO: ///////////////////////////////////////////////
2021-06-03 19:49:27,989 | INFO:           0.5151515151515151
2021-06-03 19:49:27,989 | INFO: ///////////////////////////////////////////////
2021-06-03 19:49:28,072 | INFO: Proba Matrix for the model is
2021-06-03 19:49:28,072 | INFO: [1. 0. 0.]
2021-06-03 19:49:28,074 | INFO: arriving in fit
2021-06-03 19:49:28,393 | INFO: ///////////////////////////////////////////////
2021-06-03 19:49:28,393 | INFO:           0.696969696969697
2021-06-03 19:49:28,393 | INFO: ///////////////////////////////////////////////
2021-06-03 19:49:28,477 | INFO: Proba Matrix for the model is
2021-06-03 19:49:28,477 | INFO: [0. 0. 1.]
2021-06-03 19:49:28,479 | INFO: arriving in fit
2021-06-03 19:49:28,832 | INFO: ///////////////////////////////////////////////
2021-06-03 19:49:28,833 | INFO:           0.38235294117647056
2021-06-03 19:49:28,833 | INFO: ///////////////////////////////////////////////
2021-06-03 19:49:28,912 | INFO: Proba Matrix for the model is
2021-06-03 19:49:28,912 | INFO: [1. 0. 0.]
2021-06-03 19:49:28,914 | INFO: arriving in fit
2021-06-03 19:49:29,219 | INFO: ///////////////////////////////////////////////
2021-06-03 19:49:29,219 | INFO:           0.5384615384615384
2021-06-03 19:49:29,219 | INFO: ///////////////////////////////////////////////
2021-06-03 19:49:29,301 | INFO: Proba Matrix for the model is
2021-06-03 19:49:29,301 | INFO: [0. 0. 1.]
2021-06-03 19:49:29,303 | INFO: arriving in fit
2021-06-03 19:49:29,690 | INFO: ///////////////////////////////////////////////
2021-06-03 19:49:29,690 | INFO:           0.5625
2021-06-03 19:49:29,690 | INFO: ///////////////////////////////////////////////
2021-06-03 19:49:29,772 | INFO: Proba Matrix for the model is
2021-06-03 19:49:29,772 | INFO: [0. 1. 0.]
2021-06-03 19:49:29,774 | INFO: arriving in fit
2021-06-03 19:49:30,085 | INFO: ///////////////////////////////////////////////
2021-06-03 19:49:30,085 | INFO:           0.625
2021-06-03 19:49:30,085 | INFO: ///////////////////////////////////////////////
2021-06-03 19:49:30,166 | INFO: Proba Matrix for the model is
2021-06-03 19:49:30,166 | INFO: [0. 1. 0.]
2021-06-03 19:49:30,168 | INFO: arriving in fit
2021-06-03 19:49:30,498 | INFO: ///////////////////////////////////////////////
2021-06-03 19:49:30,498 | INFO:           0.5625
2021-06-03 19:49:30,498 | INFO: ///////////////////////////////////////////////
2021-06-03 19:49:30,579 | INFO: Proba Matrix for the model is
2021-06-03 19:49:30,579 | INFO: [1. 0. 0.]
2021-06-03 19:49:30,580 | INFO: arriving in fit
2021-06-03 19:49:30,932 | INFO: ///////////////////////////////////////////////
2021-06-03 19:49:30,932 | INFO:           0.41935483870967744
2021-06-03 19:49:30,932 | INFO: ///////////////////////////////////////////////
2021-06-03 19:49:31,012 | INFO: Proba Matrix for the model is
2021-06-03 19:49:31,012 | INFO: [0. 0. 1.]
2021-06-03 19:49:31,013 | INFO: arriving in fit
2021-06-03 19:49:31,336 | INFO: ///////////////////////////////////////////////
2021-06-03 19:49:31,336 | INFO:           0.6129032258064516
2021-06-03 19:49:31,336 | INFO: ///////////////////////////////////////////////
2021-06-03 19:49:31,415 | INFO: Proba Matrix for the model is
2021-06-03 19:49:31,415 | INFO: [0. 0. 1.]
2021-06-03 19:49:31,416 | INFO: arriving in fit
2021-06-03 19:49:31,748 | INFO: ///////////////////////////////////////////////
2021-06-03 19:49:31,748 | INFO:           0.4642857142857143
2021-06-03 19:49:31,748 | INFO: ///////////////////////////////////////////////
2021-06-03 19:49:31,830 | INFO: Proba Matrix for the model is
2021-06-03 19:49:31,831 | INFO: [0. 0. 1.]
2021-06-03 19:49:31,832 | INFO: arriving in fit
2021-06-03 19:49:32,177 | INFO: ///////////////////////////////////////////////
2021-06-03 19:49:32,178 | INFO:           0.3125
2021-06-03 19:49:32,178 | INFO: ///////////////////////////////////////////////
2021-06-03 19:49:32,258 | INFO: Proba Matrix for the model is
2021-06-03 19:49:32,258 | INFO: [0. 0. 1.]
2021-06-03 19:49:32,260 | INFO: arriving in fit
2021-06-03 19:49:32,578 | INFO: ///////////////////////////////////////////////
2021-06-03 19:49:32,578 | INFO:           0.45
2021-06-03 19:49:32,578 | INFO: ///////////////////////////////////////////////
2021-06-03 19:49:32,666 | INFO: Proba Matrix for the model is
2021-06-03 19:49:32,667 | INFO: [0.    0.023 0.977]
2021-06-03 19:49:32,668 | INFO: arriving in fit
2021-06-03 19:49:32,981 | INFO: ///////////////////////////////////////////////
2021-06-03 19:49:32,981 | INFO:           0.5238095238095238
2021-06-03 19:49:32,981 | INFO: ///////////////////////////////////////////////
2021-06-03 19:49:33,060 | INFO: Proba Matrix for the model is
2021-06-03 19:49:33,060 | INFO: [0.    0.002 0.998]
2021-06-03 19:49:33,062 | INFO: arriving in fit
2021-06-03 19:49:33,366 | INFO: ///////////////////////////////////////////////
2021-06-03 19:49:33,366 | INFO:           0.36363636363636365
2021-06-03 19:49:33,366 | INFO: ///////////////////////////////////////////////
2021-06-03 19:49:33,444 | INFO: Proba Matrix for the model is
2021-06-03 19:49:33,444 | INFO: [0.794 0.047 0.158]
2021-06-03 19:49:33,446 | INFO: arriving in fit
2021-06-03 19:49:33,769 | INFO: ///////////////////////////////////////////////
2021-06-03 19:49:33,770 | INFO:           0.5185185185185185
2021-06-03 19:49:33,770 | INFO: ///////////////////////////////////////////////
2021-06-03 19:49:33,850 | INFO: Proba Matrix for the model is
2021-06-03 19:49:33,851 | INFO: [0. 1. 0.]
2021-06-03 19:49:33,853 | INFO: arriving in fit
2021-06-03 19:49:34,161 | INFO: ///////////////////////////////////////////////
2021-06-03 19:49:34,162 | INFO:           0.6
2021-06-03 19:49:34,162 | INFO: ///////////////////////////////////////////////
2021-06-03 19:49:34,240 | INFO: Proba Matrix for the model is
2021-06-03 19:49:34,240 | INFO: [0. 1. 0.]
2021-06-03 19:49:34,242 | INFO: arriving in fit
2021-06-03 19:49:34,562 | INFO: ///////////////////////////////////////////////
2021-06-03 19:49:34,562 | INFO:           0.5416666666666666
2021-06-03 19:49:34,562 | INFO: ///////////////////////////////////////////////
2021-06-03 19:49:34,641 | INFO: Proba Matrix for the model is
2021-06-03 19:49:34,641 | INFO: [1. 0. 0.]
2021-06-03 19:49:34,642 | INFO: arriving in fit
2021-06-03 19:49:34,962 | INFO: ///////////////////////////////////////////////
2021-06-03 19:49:34,962 | INFO:           0.6153846153846154
2021-06-03 19:49:34,962 | INFO: ///////////////////////////////////////////////
2021-06-03 19:49:35,043 | INFO: Proba Matrix for the model is
2021-06-03 19:49:35,043 | INFO: [0.016 0.984 0.   ]
2021-06-03 19:49:35,045 | INFO: arriving in fit
2021-06-03 19:49:35,375 | INFO: ///////////////////////////////////////////////
2021-06-03 19:49:35,375 | INFO:           0.5
2021-06-03 19:49:35,375 | INFO: ///////////////////////////////////////////////
2021-06-03 19:49:35,457 | INFO: Proba Matrix for the model is
2021-06-03 19:49:35,457 | INFO: [0. 0. 1.]
2021-06-03 19:49:35,459 | INFO: arriving in fit
2021-06-03 19:49:35,781 | INFO: ///////////////////////////////////////////////
2021-06-03 19:49:35,782 | INFO:           0.4
2021-06-03 19:49:35,782 | INFO: ///////////////////////////////////////////////
2021-06-03 19:49:35,862 | INFO: Proba Matrix for the model is
2021-06-03 19:49:35,862 | INFO: [1. 0. 0.]
2021-06-03 19:49:35,864 | INFO: arriving in fit
2021-06-03 19:49:36,189 | INFO: ///////////////////////////////////////////////
2021-06-03 19:49:36,189 | INFO:           0.6956521739130435
2021-06-03 19:49:36,189 | INFO: ///////////////////////////////////////////////
2021-06-03 19:49:36,272 | INFO: Proba Matrix for the model is
2021-06-03 19:49:36,272 | INFO: [0. 1. 0.]
2021-06-03 19:49:36,274 | INFO: arriving in fit
2021-06-03 19:49:36,601 | INFO: ///////////////////////////////////////////////
2021-06-03 19:49:36,601 | INFO:           0.5
2021-06-03 19:49:36,601 | INFO: ///////////////////////////////////////////////
2021-06-03 19:49:36,682 | INFO: Proba Matrix for the model is
2021-06-03 19:49:36,682 | INFO: [0. 0. 1.]
2021-06-03 19:49:36,684 | INFO: arriving in fit
2021-06-03 19:49:36,999 | INFO: ///////////////////////////////////////////////
2021-06-03 19:49:37,000 | INFO:           0.7142857142857143
2021-06-03 19:49:37,000 | INFO: ///////////////////////////////////////////////
2021-06-03 19:49:37,082 | INFO: Proba Matrix for the model is
2021-06-03 19:49:37,083 | INFO: [1. 0. 0.]
2021-06-03 19:49:37,084 | INFO: arriving in fit
2021-06-03 19:49:37,404 | INFO: ///////////////////////////////////////////////
2021-06-03 19:49:37,404 | INFO:           0.3333333333333333
2021-06-03 19:49:37,404 | INFO: ///////////////////////////////////////////////
2021-06-03 19:49:37,488 | INFO: Proba Matrix for the model is
2021-06-03 19:49:37,488 | INFO: [0. 1. 0.]
2021-06-03 19:49:37,490 | INFO: arriving in fit
2021-06-03 19:49:37,800 | INFO: ///////////////////////////////////////////////
2021-06-03 19:49:37,800 | INFO:           0.5
2021-06-03 19:49:37,801 | INFO: ///////////////////////////////////////////////
2021-06-03 19:49:37,880 | INFO: Proba Matrix for the model is
2021-06-03 19:49:37,881 | INFO: [0.676 0.062 0.262]
2021-06-03 19:49:37,883 | INFO: arriving in fit
2021-06-03 19:49:38,204 | INFO: ///////////////////////////////////////////////
2021-06-03 19:49:38,204 | INFO:           0.42105263157894735
2021-06-03 19:49:38,204 | INFO: ///////////////////////////////////////////////
2021-06-03 19:49:38,287 | INFO: Proba Matrix for the model is
2021-06-03 19:49:38,287 | INFO: [0. 0. 1.]
2021-06-03 19:49:38,289 | INFO: arriving in fit
2021-06-03 19:49:38,594 | INFO: ///////////////////////////////////////////////
2021-06-03 19:49:38,594 | INFO:           0.75
2021-06-03 19:49:38,594 | INFO: ///////////////////////////////////////////////
2021-06-03 19:49:38,676 | INFO: Proba Matrix for the model is
2021-06-03 19:49:38,676 | INFO: [0. 0. 1.]
2021-06-03 19:49:38,679 | INFO: arriving in fit
2021-06-03 19:49:38,983 | INFO: ///////////////////////////////////////////////
2021-06-03 19:49:38,984 | INFO:           0.6363636363636364
2021-06-03 19:49:38,984 | INFO: ///////////////////////////////////////////////
2021-06-03 19:49:39,067 | INFO: Proba Matrix for the model is
2021-06-03 19:49:39,067 | INFO: [0.533 0.    0.467]
2021-06-03 19:49:39,069 | INFO: arriving in fit
2021-06-03 19:49:39,379 | INFO: ///////////////////////////////////////////////
2021-06-03 19:49:39,379 | INFO:           0.4
2021-06-03 19:49:39,379 | INFO: ///////////////////////////////////////////////
2021-06-03 19:49:39,463 | INFO: Proba Matrix for the model is
2021-06-03 19:49:39,463 | INFO: [0.    0.999 0.001]
2021-06-03 19:49:40,102 | INFO: ***********************************************************************************************
2021-06-03 19:49:40,102 | INFO: End of the Notebook in 0:00:36.578036  ! -- It is:  
2021-06-03 19:49:40,102 | INFO: 06/03/2021, 19:49:40
