2021-06-03 19:25:22,766 | INFO: 
2021-06-03 19:25:22,766 | INFO: ***************************************************************************************************
2021-06-03 19:25:22,767 | INFO: ***                                                                                             ***
2021-06-03 19:25:22,767 | INFO: ***   NEW RUN                                                                                   ***
2021-06-03 19:25:22,767 | INFO: ***                                                                                             ***
2021-06-03 19:25:22,767 | INFO: ***************************************************************************************************
2021-06-03 19:25:22,767 | INFO: I start to run your Notebook ! -- Good Luck :-) It is:  06/03/2021, 19:25:22
2021-06-03 19:25:23,856 | INFO: 8902 rows and 67 columns read in the CSV file
2021-06-03 19:25:23,874 | INFO: ------------------------------------------------------------------------------
2021-06-03 19:25:23,874 | INFO:      C U S T O M     T R A N S F O R M E R
2021-06-03 19:25:23,874 | INFO: 
2021-06-03 19:25:23,874 | INFO: [{'cols': ['NAV_VOL_SLOPE'], 'method': 'rolling', 'period': [2, 3, 4], 'original': False}, {'cols': ['NAV_PERF_SLOPE'], 'method': 'rolling', 'period': [2, 3, 4], 'original': False}, {'cols': ['BENCH_PERF_SLOPE'], 'method': 'rolling', 'period': [2, 3, 4], 'original': False}, {'cols': ['BENCH_VOL_SLOPE'], 'method': 'rolling', 'period': [2, 3, 4], 'original': False}, {'cols': ['AUM'], 'method': 'rolling', 'period': [2, 3, 4], 'original': False}, {'cols': ['NET_FLOWS'], 'method': 'rolling', 'period': [2, 3, 4], 'original': False}, {'cols': ['IN_FLOWS'], 'method': 'rolling', 'period': [2, 3, 4], 'original': False}, {'cols': ['OUT_FLOWS'], 'method': 'rolling', 'period': [2, 3, 4], 'original': False}, {'cols': ['POSITIVE_RFP'], 'method': 'shift', 'period': [1, 2, 3], 'original': False}, {'cols': ['BENCH_PERF_SLOPE_ERROR'], 'method': 'shift', 'period': [1, 2, 3], 'original': False}, {'cols': ['BENCH_VOL_SLOPE_ERROR'], 'method': 'shift', 'period': [1, 2, 3], 'original': False}, {'cols': ['NAV_PERF_SLOPE_ERROR'], 'method': 'shift', 'period': [1, 2, 3], 'original': False}, {'cols': ['NAV_VOL_SLOPE_ERROR'], 'method': 'shift', 'period': [1, 2, 3], 'original': False}, {'cols': ['EVENT_IMPACT'], 'method': 'ewm', 'period': [1, 3, 6], 'original': False}, {'cols': ['PSU_SCORE'], 'method': 'ewm', 'period': [1, 3, 6], 'original': False}, {'cols': ['DOWNLOADED_DOCUMENTS'], 'method': 'ewm', 'period': [1, 3, 6], 'original': False}]
2021-06-03 19:25:23,883 | INFO: NumExpr defaulting to 8 threads.
2021-06-03 19:25:23,912 | INFO: arriving in fit
2021-06-03 19:25:24,623 | INFO: ///////////////////////////////////////////////
2021-06-03 19:25:24,623 | INFO:           0.42424242424242425
2021-06-03 19:25:24,623 | INFO: ///////////////////////////////////////////////
2021-06-03 19:25:24,704 | INFO: Proba Matrix for the model is
2021-06-03 19:25:24,704 | INFO: [0.014 0.    0.986]
2021-06-03 19:25:24,706 | INFO: arriving in fit
2021-06-03 19:25:25,064 | INFO: ///////////////////////////////////////////////
2021-06-03 19:25:25,064 | INFO:           0.6666666666666666
2021-06-03 19:25:25,064 | INFO: ///////////////////////////////////////////////
2021-06-03 19:25:25,146 | INFO: Proba Matrix for the model is
2021-06-03 19:25:25,146 | INFO: [0. 0. 1.]
2021-06-03 19:25:25,147 | INFO: arriving in fit
2021-06-03 19:25:25,479 | INFO: ///////////////////////////////////////////////
2021-06-03 19:25:25,479 | INFO:           0.38461538461538464
2021-06-03 19:25:25,479 | INFO: ///////////////////////////////////////////////
2021-06-03 19:25:25,562 | INFO: Proba Matrix for the model is
2021-06-03 19:25:25,562 | INFO: [1. 0. 0.]
2021-06-03 19:25:25,564 | INFO: arriving in fit
2021-06-03 19:25:25,888 | INFO: ///////////////////////////////////////////////
2021-06-03 19:25:25,888 | INFO:           0.5454545454545454
2021-06-03 19:25:25,888 | INFO: ///////////////////////////////////////////////
2021-06-03 19:25:25,970 | INFO: Proba Matrix for the model is
2021-06-03 19:25:25,970 | INFO: [0.    0.078 0.922]
2021-06-03 19:25:25,971 | INFO: arriving in fit
2021-06-03 19:25:26,346 | INFO: ///////////////////////////////////////////////
2021-06-03 19:25:26,346 | INFO:           0.4
2021-06-03 19:25:26,346 | INFO: ///////////////////////////////////////////////
2021-06-03 19:25:26,433 | INFO: Proba Matrix for the model is
2021-06-03 19:25:26,433 | INFO: [0.    0.515 0.485]
2021-06-03 19:25:26,435 | INFO: arriving in fit
2021-06-03 19:25:26,778 | INFO: ///////////////////////////////////////////////
2021-06-03 19:25:26,778 | INFO:           0.375
2021-06-03 19:25:26,778 | INFO: ///////////////////////////////////////////////
2021-06-03 19:25:26,857 | INFO: Proba Matrix for the model is
2021-06-03 19:25:26,857 | INFO: [0. 1. 0.]
2021-06-03 19:25:26,858 | INFO: arriving in fit
2021-06-03 19:25:27,237 | INFO: ///////////////////////////////////////////////
2021-06-03 19:25:27,238 | INFO:           0.41379310344827586
2021-06-03 19:25:27,238 | INFO: ///////////////////////////////////////////////
2021-06-03 19:25:27,323 | INFO: Proba Matrix for the model is
2021-06-03 19:25:27,323 | INFO: [0.832 0.168 0.   ]
2021-06-03 19:25:27,325 | INFO: arriving in fit
2021-06-03 19:25:27,682 | INFO: ///////////////////////////////////////////////
2021-06-03 19:25:27,682 | INFO:           0.6333333333333333
2021-06-03 19:25:27,682 | INFO: ///////////////////////////////////////////////
2021-06-03 19:25:27,763 | INFO: Proba Matrix for the model is
2021-06-03 19:25:27,763 | INFO: [0. 1. 0.]
2021-06-03 19:25:27,765 | INFO: arriving in fit
2021-06-03 19:25:28,105 | INFO: ///////////////////////////////////////////////
2021-06-03 19:25:28,105 | INFO:           0.3448275862068966
2021-06-03 19:25:28,105 | INFO: ///////////////////////////////////////////////
2021-06-03 19:25:28,184 | INFO: Proba Matrix for the model is
2021-06-03 19:25:28,184 | INFO: [0.002 0.966 0.032]
2021-06-03 19:25:28,186 | INFO: arriving in fit
2021-06-03 19:25:28,546 | INFO: ///////////////////////////////////////////////
2021-06-03 19:25:28,546 | INFO:           0.6764705882352942
2021-06-03 19:25:28,546 | INFO: ///////////////////////////////////////////////
2021-06-03 19:25:28,624 | INFO: Proba Matrix for the model is
2021-06-03 19:25:28,624 | INFO: [0. 1. 0.]
2021-06-03 19:25:28,626 | INFO: arriving in fit
2021-06-03 19:25:28,931 | INFO: ///////////////////////////////////////////////
2021-06-03 19:25:28,931 | INFO:           0.7333333333333333
2021-06-03 19:25:28,931 | INFO: ///////////////////////////////////////////////
2021-06-03 19:25:29,008 | INFO: Proba Matrix for the model is
2021-06-03 19:25:29,008 | INFO: [0. 1. 0.]
2021-06-03 19:25:29,010 | INFO: arriving in fit
2021-06-03 19:25:29,357 | INFO: ///////////////////////////////////////////////
2021-06-03 19:25:29,357 | INFO:           0.5161290322580645
2021-06-03 19:25:29,357 | INFO: ///////////////////////////////////////////////
2021-06-03 19:25:29,433 | INFO: Proba Matrix for the model is
2021-06-03 19:25:29,433 | INFO: [1. 0. 0.]
2021-06-03 19:25:29,435 | INFO: arriving in fit
2021-06-03 19:25:29,791 | INFO: ///////////////////////////////////////////////
2021-06-03 19:25:29,791 | INFO:           0.46875
2021-06-03 19:25:29,791 | INFO: ///////////////////////////////////////////////
2021-06-03 19:25:29,871 | INFO: Proba Matrix for the model is
2021-06-03 19:25:29,871 | INFO: [0.943 0.057 0.   ]
2021-06-03 19:25:29,873 | INFO: arriving in fit
2021-06-03 19:25:30,168 | INFO: ///////////////////////////////////////////////
2021-06-03 19:25:30,168 | INFO:           0.4782608695652174
2021-06-03 19:25:30,168 | INFO: ///////////////////////////////////////////////
2021-06-03 19:25:30,242 | INFO: Proba Matrix for the model is
2021-06-03 19:25:30,242 | INFO: [0. 0. 1.]
2021-06-03 19:25:30,244 | INFO: arriving in fit
2021-06-03 19:25:30,563 | INFO: ///////////////////////////////////////////////
2021-06-03 19:25:30,563 | INFO:           0.5294117647058824
2021-06-03 19:25:30,563 | INFO: ///////////////////////////////////////////////
2021-06-03 19:25:30,640 | INFO: Proba Matrix for the model is
2021-06-03 19:25:30,640 | INFO: [0. 1. 0.]
2021-06-03 19:25:30,641 | INFO: arriving in fit
2021-06-03 19:25:30,950 | INFO: ///////////////////////////////////////////////
2021-06-03 19:25:30,950 | INFO:           0.5909090909090909
2021-06-03 19:25:30,950 | INFO: ///////////////////////////////////////////////
2021-06-03 19:25:31,029 | INFO: Proba Matrix for the model is
2021-06-03 19:25:31,030 | INFO: [0.999 0.    0.001]
2021-06-03 19:25:31,031 | INFO: arriving in fit
2021-06-03 19:25:31,336 | INFO: ///////////////////////////////////////////////
2021-06-03 19:25:31,336 | INFO:           0.5517241379310345
2021-06-03 19:25:31,336 | INFO: ///////////////////////////////////////////////
2021-06-03 19:25:31,415 | INFO: Proba Matrix for the model is
2021-06-03 19:25:31,415 | INFO: [1. 0. 0.]
2021-06-03 19:25:31,417 | INFO: arriving in fit
2021-06-03 19:25:31,735 | INFO: ///////////////////////////////////////////////
2021-06-03 19:25:31,735 | INFO:           0.5454545454545454
2021-06-03 19:25:31,735 | INFO: ///////////////////////////////////////////////
2021-06-03 19:25:31,815 | INFO: Proba Matrix for the model is
2021-06-03 19:25:31,815 | INFO: [0.996 0.004 0.   ]
2021-06-03 19:25:31,816 | INFO: arriving in fit
2021-06-03 19:25:32,216 | INFO: ///////////////////////////////////////////////
2021-06-03 19:25:32,216 | INFO:           0.20689655172413793
2021-06-03 19:25:32,216 | INFO: ///////////////////////////////////////////////
2021-06-03 19:25:32,296 | INFO: Proba Matrix for the model is
2021-06-03 19:25:32,296 | INFO: [1. 0. 0.]
2021-06-03 19:25:32,297 | INFO: arriving in fit
2021-06-03 19:25:32,642 | INFO: ///////////////////////////////////////////////
2021-06-03 19:25:32,642 | INFO:           0.4666666666666667
2021-06-03 19:25:32,643 | INFO: ///////////////////////////////////////////////
2021-06-03 19:25:32,722 | INFO: Proba Matrix for the model is
2021-06-03 19:25:32,722 | INFO: [0.001 0.999 0.   ]
2021-06-03 19:25:32,724 | INFO: arriving in fit
2021-06-03 19:25:33,086 | INFO: ///////////////////////////////////////////////
2021-06-03 19:25:33,086 | INFO:           0.47058823529411764
2021-06-03 19:25:33,086 | INFO: ///////////////////////////////////////////////
2021-06-03 19:25:33,165 | INFO: Proba Matrix for the model is
2021-06-03 19:25:33,165 | INFO: [0. 1. 0.]
2021-06-03 19:25:33,167 | INFO: arriving in fit
2021-06-03 19:25:33,504 | INFO: ///////////////////////////////////////////////
2021-06-03 19:25:33,504 | INFO:           0.5
2021-06-03 19:25:33,504 | INFO: ///////////////////////////////////////////////
2021-06-03 19:25:33,581 | INFO: Proba Matrix for the model is
2021-06-03 19:25:33,581 | INFO: [1. 0. 0.]
2021-06-03 19:25:33,583 | INFO: arriving in fit
2021-06-03 19:25:33,909 | INFO: ///////////////////////////////////////////////
2021-06-03 19:25:33,909 | INFO:           0.45454545454545453
2021-06-03 19:25:33,909 | INFO: ///////////////////////////////////////////////
2021-06-03 19:25:33,985 | INFO: Proba Matrix for the model is
2021-06-03 19:25:33,985 | INFO: [0.031 0.966 0.003]
2021-06-03 19:25:33,987 | INFO: arriving in fit
2021-06-03 19:25:34,337 | INFO: ///////////////////////////////////////////////
2021-06-03 19:25:34,337 | INFO:           0.45161290322580644
2021-06-03 19:25:34,337 | INFO: ///////////////////////////////////////////////
2021-06-03 19:25:34,412 | INFO: Proba Matrix for the model is
2021-06-03 19:25:34,412 | INFO: [0. 1. 0.]
2021-06-03 19:25:34,414 | INFO: arriving in fit
2021-06-03 19:25:34,768 | INFO: ///////////////////////////////////////////////
2021-06-03 19:25:34,768 | INFO:           0.6129032258064516
2021-06-03 19:25:34,768 | INFO: ///////////////////////////////////////////////
2021-06-03 19:25:34,846 | INFO: Proba Matrix for the model is
2021-06-03 19:25:34,846 | INFO: [0.063 0.006 0.931]
2021-06-03 19:25:34,848 | INFO: arriving in fit
2021-06-03 19:25:35,182 | INFO: ///////////////////////////////////////////////
2021-06-03 19:25:35,182 | INFO:           0.43478260869565216
2021-06-03 19:25:35,182 | INFO: ///////////////////////////////////////////////
2021-06-03 19:25:35,259 | INFO: Proba Matrix for the model is
2021-06-03 19:25:35,259 | INFO: [1. 0. 0.]
2021-06-03 19:25:35,261 | INFO: arriving in fit
2021-06-03 19:25:35,586 | INFO: ///////////////////////////////////////////////
2021-06-03 19:25:35,586 | INFO:           0.5666666666666667
2021-06-03 19:25:35,586 | INFO: ///////////////////////////////////////////////
2021-06-03 19:25:35,663 | INFO: Proba Matrix for the model is
2021-06-03 19:25:35,663 | INFO: [0. 1. 0.]
2021-06-03 19:25:35,665 | INFO: arriving in fit
2021-06-03 19:25:36,022 | INFO: ///////////////////////////////////////////////
2021-06-03 19:25:36,022 | INFO:           0.47058823529411764
2021-06-03 19:25:36,022 | INFO: ///////////////////////////////////////////////
2021-06-03 19:25:36,098 | INFO: Proba Matrix for the model is
2021-06-03 19:25:36,098 | INFO: [1. 0. 0.]
2021-06-03 19:25:36,100 | INFO: arriving in fit
2021-06-03 19:25:36,472 | INFO: ///////////////////////////////////////////////
2021-06-03 19:25:36,472 | INFO:           0.5517241379310345
2021-06-03 19:25:36,472 | INFO: ///////////////////////////////////////////////
2021-06-03 19:25:36,550 | INFO: Proba Matrix for the model is
2021-06-03 19:25:36,550 | INFO: [0. 0. 1.]
2021-06-03 19:25:36,551 | INFO: arriving in fit
2021-06-03 19:25:36,911 | INFO: ///////////////////////////////////////////////
2021-06-03 19:25:36,912 | INFO:           0.5294117647058824
2021-06-03 19:25:36,912 | INFO: ///////////////////////////////////////////////
2021-06-03 19:25:37,006 | INFO: Proba Matrix for the model is
2021-06-03 19:25:37,006 | INFO: [0. 0. 1.]
2021-06-03 19:25:37,008 | INFO: arriving in fit
2021-06-03 19:25:37,403 | INFO: ///////////////////////////////////////////////
2021-06-03 19:25:37,403 | INFO:           0.47058823529411764
2021-06-03 19:25:37,403 | INFO: ///////////////////////////////////////////////
2021-06-03 19:25:37,482 | INFO: Proba Matrix for the model is
2021-06-03 19:25:37,482 | INFO: [1. 0. 0.]
2021-06-03 19:25:37,484 | INFO: arriving in fit
2021-06-03 19:25:37,855 | INFO: ///////////////////////////////////////////////
2021-06-03 19:25:37,855 | INFO:           0.5
2021-06-03 19:25:37,855 | INFO: ///////////////////////////////////////////////
2021-06-03 19:25:37,937 | INFO: Proba Matrix for the model is
2021-06-03 19:25:37,937 | INFO: [0. 0. 1.]
2021-06-03 19:25:37,939 | INFO: arriving in fit
2021-06-03 19:25:38,257 | INFO: ///////////////////////////////////////////////
2021-06-03 19:25:38,257 | INFO:           0.7941176470588235
2021-06-03 19:25:38,257 | INFO: ///////////////////////////////////////////////
2021-06-03 19:25:38,336 | INFO: Proba Matrix for the model is
2021-06-03 19:25:38,336 | INFO: [0. 1. 0.]
2021-06-03 19:25:38,338 | INFO: arriving in fit
2021-06-03 19:25:38,689 | INFO: ///////////////////////////////////////////////
2021-06-03 19:25:38,689 | INFO:           0.47058823529411764
2021-06-03 19:25:38,689 | INFO: ///////////////////////////////////////////////
2021-06-03 19:25:38,769 | INFO: Proba Matrix for the model is
2021-06-03 19:25:38,769 | INFO: [0. 0. 1.]
2021-06-03 19:25:38,770 | INFO: arriving in fit
2021-06-03 19:25:39,131 | INFO: ///////////////////////////////////////////////
2021-06-03 19:25:39,131 | INFO:           0.59375
2021-06-03 19:25:39,131 | INFO: ///////////////////////////////////////////////
2021-06-03 19:25:39,208 | INFO: Proba Matrix for the model is
2021-06-03 19:25:39,208 | INFO: [0.222 0.    0.778]
2021-06-03 19:25:39,209 | INFO: arriving in fit
2021-06-03 19:25:39,530 | INFO: ///////////////////////////////////////////////
2021-06-03 19:25:39,531 | INFO:           0.4444444444444444
2021-06-03 19:25:39,531 | INFO: ///////////////////////////////////////////////
2021-06-03 19:25:39,607 | INFO: Proba Matrix for the model is
2021-06-03 19:25:39,607 | INFO: [0. 1. 0.]
2021-06-03 19:25:39,609 | INFO: arriving in fit
2021-06-03 19:25:39,964 | INFO: ///////////////////////////////////////////////
2021-06-03 19:25:39,964 | INFO:           0.5757575757575758
2021-06-03 19:25:39,965 | INFO: ///////////////////////////////////////////////
2021-06-03 19:25:40,042 | INFO: Proba Matrix for the model is
2021-06-03 19:25:40,042 | INFO: [1. 0. 0.]
2021-06-03 19:25:40,045 | INFO: arriving in fit
2021-06-03 19:25:40,370 | INFO: ///////////////////////////////////////////////
2021-06-03 19:25:40,371 | INFO:           0.375
2021-06-03 19:25:40,371 | INFO: ///////////////////////////////////////////////
2021-06-03 19:25:40,450 | INFO: Proba Matrix for the model is
2021-06-03 19:25:40,450 | INFO: [1. 0. 0.]
2021-06-03 19:25:40,452 | INFO: arriving in fit
2021-06-03 19:25:40,853 | INFO: ///////////////////////////////////////////////
2021-06-03 19:25:40,853 | INFO:           0.4838709677419355
2021-06-03 19:25:40,853 | INFO: ///////////////////////////////////////////////
2021-06-03 19:25:40,933 | INFO: Proba Matrix for the model is
2021-06-03 19:25:40,933 | INFO: [1. 0. 0.]
2021-06-03 19:25:40,935 | INFO: arriving in fit
2021-06-03 19:25:41,322 | INFO: ///////////////////////////////////////////////
2021-06-03 19:25:41,322 | INFO:           0.5625
2021-06-03 19:25:41,322 | INFO: ///////////////////////////////////////////////
2021-06-03 19:25:41,403 | INFO: Proba Matrix for the model is
2021-06-03 19:25:41,404 | INFO: [0. 0. 1.]
2021-06-03 19:25:41,405 | INFO: arriving in fit
2021-06-03 19:25:41,778 | INFO: ///////////////////////////////////////////////
2021-06-03 19:25:41,779 | INFO:           0.46875
2021-06-03 19:25:41,779 | INFO: ///////////////////////////////////////////////
2021-06-03 19:25:41,858 | INFO: Proba Matrix for the model is
2021-06-03 19:25:41,859 | INFO: [0.    0.893 0.107]
2021-06-03 19:25:41,861 | INFO: arriving in fit
2021-06-03 19:25:42,254 | INFO: ///////////////////////////////////////////////
2021-06-03 19:25:42,255 | INFO:           0.5588235294117647
2021-06-03 19:25:42,255 | INFO: ///////////////////////////////////////////////
2021-06-03 19:25:42,332 | INFO: Proba Matrix for the model is
2021-06-03 19:25:42,332 | INFO: [0. 1. 0.]
2021-06-03 19:25:42,334 | INFO: arriving in fit
2021-06-03 19:25:42,698 | INFO: ///////////////////////////////////////////////
2021-06-03 19:25:42,698 | INFO:           0.45454545454545453
2021-06-03 19:25:42,698 | INFO: ///////////////////////////////////////////////
2021-06-03 19:25:42,779 | INFO: Proba Matrix for the model is
2021-06-03 19:25:42,779 | INFO: [1. 0. 0.]
2021-06-03 19:25:42,781 | INFO: arriving in fit
2021-06-03 19:25:43,092 | INFO: ///////////////////////////////////////////////
2021-06-03 19:25:43,092 | INFO:           0.35294117647058826
2021-06-03 19:25:43,093 | INFO: ///////////////////////////////////////////////
2021-06-03 19:25:43,173 | INFO: Proba Matrix for the model is
2021-06-03 19:25:43,173 | INFO: [0.001 0.    0.999]
2021-06-03 19:25:43,175 | INFO: arriving in fit
2021-06-03 19:25:43,616 | INFO: ///////////////////////////////////////////////
2021-06-03 19:25:43,616 | INFO:           0.4666666666666667
2021-06-03 19:25:43,616 | INFO: ///////////////////////////////////////////////
2021-06-03 19:25:43,696 | INFO: Proba Matrix for the model is
2021-06-03 19:25:43,696 | INFO: [0. 1. 0.]
2021-06-03 19:25:43,698 | INFO: arriving in fit
2021-06-03 19:25:44,036 | INFO: ///////////////////////////////////////////////
2021-06-03 19:25:44,036 | INFO:           0.6
2021-06-03 19:25:44,036 | INFO: ///////////////////////////////////////////////
2021-06-03 19:25:44,121 | INFO: Proba Matrix for the model is
2021-06-03 19:25:44,121 | INFO: [0. 0. 1.]
2021-06-03 19:25:44,123 | INFO: arriving in fit
2021-06-03 19:25:44,455 | INFO: ///////////////////////////////////////////////
2021-06-03 19:25:44,455 | INFO:           0.41379310344827586
2021-06-03 19:25:44,455 | INFO: ///////////////////////////////////////////////
2021-06-03 19:25:44,543 | INFO: Proba Matrix for the model is
2021-06-03 19:25:44,543 | INFO: [1. 0. 0.]
2021-06-03 19:25:44,546 | INFO: arriving in fit
2021-06-03 19:25:44,910 | INFO: ///////////////////////////////////////////////
2021-06-03 19:25:44,910 | INFO:           0.45454545454545453
2021-06-03 19:25:44,910 | INFO: ///////////////////////////////////////////////
2021-06-03 19:25:44,997 | INFO: Proba Matrix for the model is
2021-06-03 19:25:44,998 | INFO: [1. 0. 0.]
2021-06-03 19:25:45,000 | INFO: arriving in fit
2021-06-03 19:25:45,319 | INFO: ///////////////////////////////////////////////
2021-06-03 19:25:45,319 | INFO:           0.5555555555555556
2021-06-03 19:25:45,319 | INFO: ///////////////////////////////////////////////
2021-06-03 19:25:45,404 | INFO: Proba Matrix for the model is
2021-06-03 19:25:45,404 | INFO: [0. 0. 1.]
2021-06-03 19:25:45,406 | INFO: arriving in fit
2021-06-03 19:25:45,771 | INFO: ///////////////////////////////////////////////
2021-06-03 19:25:45,771 | INFO:           0.5333333333333333
2021-06-03 19:25:45,771 | INFO: ///////////////////////////////////////////////
2021-06-03 19:25:45,856 | INFO: Proba Matrix for the model is
2021-06-03 19:25:45,856 | INFO: [0. 1. 0.]
2021-06-03 19:25:45,858 | INFO: arriving in fit
2021-06-03 19:25:46,300 | INFO: ///////////////////////////////////////////////
2021-06-03 19:25:46,300 | INFO:           0.4838709677419355
2021-06-03 19:25:46,300 | INFO: ///////////////////////////////////////////////
2021-06-03 19:25:46,388 | INFO: Proba Matrix for the model is
2021-06-03 19:25:46,388 | INFO: [0.019 0.981 0.   ]
2021-06-03 19:25:46,390 | INFO: arriving in fit
2021-06-03 19:25:46,761 | INFO: ///////////////////////////////////////////////
2021-06-03 19:25:46,761 | INFO:           0.4117647058823529
2021-06-03 19:25:46,761 | INFO: ///////////////////////////////////////////////
2021-06-03 19:25:46,849 | INFO: Proba Matrix for the model is
2021-06-03 19:25:46,849 | INFO: [0. 0. 1.]
2021-06-03 19:25:46,852 | INFO: arriving in fit
2021-06-03 19:25:47,216 | INFO: ///////////////////////////////////////////////
2021-06-03 19:25:47,216 | INFO:           0.5151515151515151
2021-06-03 19:25:47,216 | INFO: ///////////////////////////////////////////////
2021-06-03 19:25:47,305 | INFO: Proba Matrix for the model is
2021-06-03 19:25:47,305 | INFO: [1. 0. 0.]
2021-06-03 19:25:47,308 | INFO: arriving in fit
2021-06-03 19:25:47,649 | INFO: ///////////////////////////////////////////////
2021-06-03 19:25:47,649 | INFO:           0.696969696969697
2021-06-03 19:25:47,649 | INFO: ///////////////////////////////////////////////
2021-06-03 19:25:47,732 | INFO: Proba Matrix for the model is
2021-06-03 19:25:47,732 | INFO: [0. 0. 1.]
2021-06-03 19:25:47,734 | INFO: arriving in fit
2021-06-03 19:25:48,101 | INFO: ///////////////////////////////////////////////
2021-06-03 19:25:48,101 | INFO:           0.38235294117647056
2021-06-03 19:25:48,101 | INFO: ///////////////////////////////////////////////
2021-06-03 19:25:48,188 | INFO: Proba Matrix for the model is
2021-06-03 19:25:48,188 | INFO: [1. 0. 0.]
2021-06-03 19:25:48,191 | INFO: arriving in fit
2021-06-03 19:25:48,513 | INFO: ///////////////////////////////////////////////
2021-06-03 19:25:48,513 | INFO:           0.5384615384615384
2021-06-03 19:25:48,513 | INFO: ///////////////////////////////////////////////
2021-06-03 19:25:48,600 | INFO: Proba Matrix for the model is
2021-06-03 19:25:48,601 | INFO: [0. 0. 1.]
2021-06-03 19:25:48,604 | INFO: arriving in fit
2021-06-03 19:25:49,004 | INFO: ///////////////////////////////////////////////
2021-06-03 19:25:49,004 | INFO:           0.5625
2021-06-03 19:25:49,004 | INFO: ///////////////////////////////////////////////
2021-06-03 19:25:49,089 | INFO: Proba Matrix for the model is
2021-06-03 19:25:49,090 | INFO: [0. 1. 0.]
2021-06-03 19:25:49,091 | INFO: arriving in fit
2021-06-03 19:25:49,417 | INFO: ///////////////////////////////////////////////
2021-06-03 19:25:49,417 | INFO:           0.625
2021-06-03 19:25:49,417 | INFO: ///////////////////////////////////////////////
2021-06-03 19:25:49,498 | INFO: Proba Matrix for the model is
2021-06-03 19:25:49,498 | INFO: [0. 1. 0.]
2021-06-03 19:25:49,500 | INFO: arriving in fit
2021-06-03 19:25:49,834 | INFO: ///////////////////////////////////////////////
2021-06-03 19:25:49,834 | INFO:           0.5625
2021-06-03 19:25:49,834 | INFO: ///////////////////////////////////////////////
2021-06-03 19:25:49,920 | INFO: Proba Matrix for the model is
2021-06-03 19:25:49,920 | INFO: [1. 0. 0.]
2021-06-03 19:25:49,922 | INFO: arriving in fit
2021-06-03 19:25:50,300 | INFO: ///////////////////////////////////////////////
2021-06-03 19:25:50,300 | INFO:           0.41935483870967744
2021-06-03 19:25:50,300 | INFO: ///////////////////////////////////////////////
2021-06-03 19:25:50,385 | INFO: Proba Matrix for the model is
2021-06-03 19:25:50,385 | INFO: [0. 0. 1.]
2021-06-03 19:25:50,387 | INFO: arriving in fit
2021-06-03 19:25:50,726 | INFO: ///////////////////////////////////////////////
2021-06-03 19:25:50,726 | INFO:           0.6129032258064516
2021-06-03 19:25:50,726 | INFO: ///////////////////////////////////////////////
2021-06-03 19:25:50,813 | INFO: Proba Matrix for the model is
2021-06-03 19:25:50,813 | INFO: [0. 0. 1.]
2021-06-03 19:25:50,815 | INFO: arriving in fit
2021-06-03 19:25:51,154 | INFO: ///////////////////////////////////////////////
2021-06-03 19:25:51,154 | INFO:           0.4642857142857143
2021-06-03 19:25:51,154 | INFO: ///////////////////////////////////////////////
2021-06-03 19:25:51,237 | INFO: Proba Matrix for the model is
2021-06-03 19:25:51,237 | INFO: [0. 0. 1.]
2021-06-03 19:25:51,239 | INFO: arriving in fit
2021-06-03 19:25:51,591 | INFO: ///////////////////////////////////////////////
2021-06-03 19:25:51,591 | INFO:           0.3125
2021-06-03 19:25:51,591 | INFO: ///////////////////////////////////////////////
2021-06-03 19:25:51,675 | INFO: Proba Matrix for the model is
2021-06-03 19:25:51,675 | INFO: [0. 0. 1.]
2021-06-03 19:25:51,676 | INFO: arriving in fit
2021-06-03 19:25:52,001 | INFO: ///////////////////////////////////////////////
2021-06-03 19:25:52,001 | INFO:           0.45
2021-06-03 19:25:52,001 | INFO: ///////////////////////////////////////////////
2021-06-03 19:25:52,081 | INFO: Proba Matrix for the model is
2021-06-03 19:25:52,081 | INFO: [0.    0.023 0.977]
2021-06-03 19:25:52,082 | INFO: arriving in fit
2021-06-03 19:25:52,395 | INFO: ///////////////////////////////////////////////
2021-06-03 19:25:52,395 | INFO:           0.5238095238095238
2021-06-03 19:25:52,395 | INFO: ///////////////////////////////////////////////
2021-06-03 19:25:52,478 | INFO: Proba Matrix for the model is
2021-06-03 19:25:52,478 | INFO: [0.    0.002 0.998]
2021-06-03 19:25:52,480 | INFO: arriving in fit
2021-06-03 19:25:52,785 | INFO: ///////////////////////////////////////////////
2021-06-03 19:25:52,785 | INFO:           0.36363636363636365
2021-06-03 19:25:52,785 | INFO: ///////////////////////////////////////////////
2021-06-03 19:25:52,871 | INFO: Proba Matrix for the model is
2021-06-03 19:25:52,871 | INFO: [0.794 0.047 0.158]
2021-06-03 19:25:52,873 | INFO: arriving in fit
2021-06-03 19:25:53,194 | INFO: ///////////////////////////////////////////////
2021-06-03 19:25:53,194 | INFO:           0.5185185185185185
2021-06-03 19:25:53,194 | INFO: ///////////////////////////////////////////////
2021-06-03 19:25:53,276 | INFO: Proba Matrix for the model is
2021-06-03 19:25:53,277 | INFO: [0. 1. 0.]
2021-06-03 19:25:53,278 | INFO: arriving in fit
2021-06-03 19:25:53,592 | INFO: ///////////////////////////////////////////////
2021-06-03 19:25:53,592 | INFO:           0.6
2021-06-03 19:25:53,592 | INFO: ///////////////////////////////////////////////
2021-06-03 19:25:53,678 | INFO: Proba Matrix for the model is
2021-06-03 19:25:53,678 | INFO: [0. 1. 0.]
2021-06-03 19:25:53,680 | INFO: arriving in fit
2021-06-03 19:25:54,023 | INFO: ///////////////////////////////////////////////
2021-06-03 19:25:54,023 | INFO:           0.5416666666666666
2021-06-03 19:25:54,023 | INFO: ///////////////////////////////////////////////
2021-06-03 19:25:54,109 | INFO: Proba Matrix for the model is
2021-06-03 19:25:54,110 | INFO: [1. 0. 0.]
2021-06-03 19:25:54,111 | INFO: arriving in fit
2021-06-03 19:25:54,448 | INFO: ///////////////////////////////////////////////
2021-06-03 19:25:54,448 | INFO:           0.6153846153846154
2021-06-03 19:25:54,448 | INFO: ///////////////////////////////////////////////
2021-06-03 19:25:54,533 | INFO: Proba Matrix for the model is
2021-06-03 19:25:54,533 | INFO: [0.016 0.984 0.   ]
2021-06-03 19:25:54,536 | INFO: arriving in fit
2021-06-03 19:25:54,873 | INFO: ///////////////////////////////////////////////
2021-06-03 19:25:54,873 | INFO:           0.5
2021-06-03 19:25:54,873 | INFO: ///////////////////////////////////////////////
2021-06-03 19:25:54,958 | INFO: Proba Matrix for the model is
2021-06-03 19:25:54,958 | INFO: [0. 0. 1.]
2021-06-03 19:25:54,960 | INFO: arriving in fit
2021-06-03 19:25:55,302 | INFO: ///////////////////////////////////////////////
2021-06-03 19:25:55,302 | INFO:           0.4
2021-06-03 19:25:55,302 | INFO: ///////////////////////////////////////////////
2021-06-03 19:25:55,388 | INFO: Proba Matrix for the model is
2021-06-03 19:25:55,388 | INFO: [1. 0. 0.]
2021-06-03 19:25:55,390 | INFO: arriving in fit
2021-06-03 19:25:55,727 | INFO: ///////////////////////////////////////////////
2021-06-03 19:25:55,727 | INFO:           0.6956521739130435
2021-06-03 19:25:55,727 | INFO: ///////////////////////////////////////////////
2021-06-03 19:25:55,811 | INFO: Proba Matrix for the model is
2021-06-03 19:25:55,811 | INFO: [0. 1. 0.]
2021-06-03 19:25:55,813 | INFO: arriving in fit
2021-06-03 19:25:56,156 | INFO: ///////////////////////////////////////////////
2021-06-03 19:25:56,156 | INFO:           0.5
2021-06-03 19:25:56,156 | INFO: ///////////////////////////////////////////////
2021-06-03 19:25:56,243 | INFO: Proba Matrix for the model is
2021-06-03 19:25:56,243 | INFO: [0. 0. 1.]
2021-06-03 19:25:56,245 | INFO: arriving in fit
2021-06-03 19:25:56,572 | INFO: ///////////////////////////////////////////////
2021-06-03 19:25:56,572 | INFO:           0.7142857142857143
2021-06-03 19:25:56,572 | INFO: ///////////////////////////////////////////////
2021-06-03 19:25:56,655 | INFO: Proba Matrix for the model is
2021-06-03 19:25:56,655 | INFO: [1. 0. 0.]
2021-06-03 19:25:56,657 | INFO: arriving in fit
2021-06-03 19:25:56,975 | INFO: ///////////////////////////////////////////////
2021-06-03 19:25:56,976 | INFO:           0.3333333333333333
2021-06-03 19:25:56,976 | INFO: ///////////////////////////////////////////////
2021-06-03 19:25:57,066 | INFO: Proba Matrix for the model is
2021-06-03 19:25:57,066 | INFO: [0. 1. 0.]
2021-06-03 19:25:57,068 | INFO: arriving in fit
2021-06-03 19:25:57,405 | INFO: ///////////////////////////////////////////////
2021-06-03 19:25:57,405 | INFO:           0.5
2021-06-03 19:25:57,406 | INFO: ///////////////////////////////////////////////
2021-06-03 19:25:57,491 | INFO: Proba Matrix for the model is
2021-06-03 19:25:57,492 | INFO: [0.676 0.062 0.262]
2021-06-03 19:25:57,494 | INFO: arriving in fit
2021-06-03 19:25:57,820 | INFO: ///////////////////////////////////////////////
2021-06-03 19:25:57,820 | INFO:           0.42105263157894735
2021-06-03 19:25:57,820 | INFO: ///////////////////////////////////////////////
2021-06-03 19:25:57,905 | INFO: Proba Matrix for the model is
2021-06-03 19:25:57,906 | INFO: [0. 0. 1.]
2021-06-03 19:25:57,908 | INFO: arriving in fit
2021-06-03 19:25:58,221 | INFO: ///////////////////////////////////////////////
2021-06-03 19:25:58,222 | INFO:           0.75
2021-06-03 19:25:58,222 | INFO: ///////////////////////////////////////////////
2021-06-03 19:25:58,303 | INFO: Proba Matrix for the model is
2021-06-03 19:25:58,303 | INFO: [0. 0. 1.]
2021-06-03 19:25:58,306 | INFO: arriving in fit
2021-06-03 19:25:58,619 | INFO: ///////////////////////////////////////////////
2021-06-03 19:25:58,619 | INFO:           0.6363636363636364
2021-06-03 19:25:58,619 | INFO: ///////////////////////////////////////////////
2021-06-03 19:25:58,701 | INFO: Proba Matrix for the model is
2021-06-03 19:25:58,701 | INFO: [0.533 0.    0.467]
2021-06-03 19:25:58,704 | INFO: arriving in fit
2021-06-03 19:25:59,031 | INFO: ///////////////////////////////////////////////
2021-06-03 19:25:59,031 | INFO:           0.4
2021-06-03 19:25:59,031 | INFO: ///////////////////////////////////////////////
2021-06-03 19:25:59,114 | INFO: Proba Matrix for the model is
2021-06-03 19:25:59,115 | INFO: [0.    0.999 0.001]
2021-06-03 19:26:29,050 | INFO: ***********************************************************************************************
2021-06-03 19:26:29,050 | INFO: End of the Notebook in 0:01:06.283735  ! -- It is:  
2021-06-03 19:26:29,051 | INFO: 06/03/2021, 19:26:29
